<?xml version="1.0" encoding="UTF-8"?>
<!-- Generated by org.testng.reporters.JUnitXMLReporter -->
<testsuite hostname="ep-cp-34" name="TestOne" tests="3" failures="1" timestamp="19 Jul 2017 06:27:48 GMT" time="0.051" errors="0">
  <testcase name="testMethodFail" time="0.017" classname="utility.TestClassOne">
    <failure type="java.lang.AssertionError" message="expected [true] but found [false]">
      <![CDATA[java.lang.AssertionError: expected [true] but found [false]
	at utility.TestClassOne.testMethodFail(TestClassOne.java:19)
... Removed 28 stack frames]]>
    </failure>
  </testcase> <!-- testMethodFail -->
  <testcase name="testMethodPass" time="0.003" classname="utility.TestClassOne"/>
  <testcase name="testMethodSkip" time="0.002" classname="utility.TestClassOne">
    <skipped/>
  </testcase> <!-- testMethodSkip -->
</testsuite> <!-- TestOne -->
