<?xml version="1.0" encoding="UTF-8"?>
<!-- Generated by org.testng.reporters.JUnitReportReporter -->
<testsuite hostname="ep-cp-34" name="childProduct.ChildProductJourney" tests="9" failures="1" timestamp="31 Aug 2017 12:22:45 GMT" time="130.220" errors="0">
  <testcase name="EldestMember" time="0.119" classname="childProduct.ChildProductJourney"/>
  <testcase name="FillLoginDetails" time="4.454" classname="childProduct.ChildProductJourney"/>
  <testcase name="QuotesBuyNow" time="97.743" classname="childProduct.ChildProductJourney">
    <failure type="java.lang.AssertionError" message="expected [true] but found [false]">
      <![CDATA[java.lang.AssertionError: expected [true] but found [false]
	at org.testng.Assert.fail(Assert.java:94)
	at org.testng.Assert.failNotEquals(Assert.java:496)
	at org.testng.Assert.assertTrue(Assert.java:42)
	at org.testng.Assert.assertTrue(Assert.java:52)
	at childProduct.ChildProductJourney.CustomerPopup(ChildProductJourney.java:317)
	at childProduct.ChildProductJourney.QuotesBuyNow(ChildProductJourney.java:403)
	at sun.reflect.NativeMethodAccessorImpl.invoke0(Native Method)
	at sun.reflect.NativeMethodAccessorImpl.invoke(NativeMethodAccessorImpl.java:62)
	at sun.reflect.DelegatingMethodAccessorImpl.invoke(DelegatingMethodAccessorImpl.java:43)
	at java.lang.reflect.Method.invoke(Method.java:498)
	at org.testng.internal.MethodInvocationHelper.invokeMethod(MethodInvocationHelper.java:85)
	at org.testng.internal.Invoker.invokeMethod(Invoker.java:639)
	at org.testng.internal.Invoker.invokeTestMethod(Invoker.java:816)
	at org.testng.internal.Invoker.invokeTestMethods(Invoker.java:1124)
	at org.testng.internal.TestMethodWorker.invokeTestMethods(TestMethodWorker.java:125)
	at org.testng.internal.TestMethodWorker.run(TestMethodWorker.java:108)
	at org.testng.TestRunner.privateRun(TestRunner.java:774)
	at org.testng.TestRunner.run(TestRunner.java:624)
	at org.testng.SuiteRunner.runTest(SuiteRunner.java:359)
	at org.testng.SuiteRunner.runSequentially(SuiteRunner.java:354)
	at org.testng.SuiteRunner.privateRun(SuiteRunner.java:312)
	at org.testng.SuiteRunner.run(SuiteRunner.java:261)
	at org.testng.SuiteRunnerWorker.runSuite(SuiteRunnerWorker.java:52)
	at org.testng.SuiteRunnerWorker.run(SuiteRunnerWorker.java:86)
	at org.testng.TestNG.runSuitesSequentially(TestNG.java:1215)
	at org.testng.TestNG.runSuitesLocally(TestNG.java:1140)
	at org.testng.TestNG.run(TestNG.java:1048)
	at org.testng.remote.AbstractRemoteTestNG.run(AbstractRemoteTestNG.java:132)
	at org.testng.remote.RemoteTestNG.initAndRun(RemoteTestNG.java:230)
	at org.testng.remote.RemoteTestNG.main(RemoteTestNG.java:76)
]]>
    </failure>
  </testcase> <!-- QuotesBuyNow -->
  <testcase name="ChildDOB" time="0.343" classname="childProduct.ChildProductJourney"/>
  <testcase name="childMblNo" time="0.123" classname="childProduct.ChildProductJourney"/>
  <testcase name="LaunchWebsite" time="9.490" classname="childProduct.ChildProductJourney"/>
  <testcase name="ParentDOB" time="0.336" classname="childProduct.ChildProductJourney"/>
  <testcase name="GetLiveQuotes" time="16.484" classname="childProduct.ChildProductJourney"/>
  <testcase name="AnnualIncome" time="1.128" classname="childProduct.ChildProductJourney"/>
</testsuite> <!-- childProduct.ChildProductJourney -->
