<!DOCTYPE html>

<html>
  <head>
  <title>TestNG reports</title>

    <link type="text/css" href="testng-reports.css" rel="stylesheet" />  
    <script type="text/javascript" src="jquery-1.7.1.min.js"></script>
    <script type="text/javascript" src="testng-reports.js"></script>
    <script type="text/javascript" src="https://www.google.com/jsapi"></script>
    <script type='text/javascript'>
      google.load('visualization', '1', {packages:['table']});
      google.setOnLoadCallback(drawTable);
      var suiteTableInitFunctions = new Array();
      var suiteTableData = new Array();
    </script>
    <!--
      <script type="text/javascript" src="jquery-ui/js/jquery-ui-1.8.16.custom.min.js"></script>
     -->
  </head>

  <body>
    <div class="top-banner-root">
      <span class="top-banner-title-font">Test results</span>
      <br/>
      <span class="top-banner-font-1">1 suite, 17 failed tests</span>
    </div> <!-- top-banner-root -->
    <div class="navigator-root">
      <div class="navigator-suite-header">
        <span>All suites</span>
        <a href="#" class="collapse-all-link" title="Collapse/expand all the suites">
          <img class="collapse-all-icon" src="collapseall.gif">
          </img> <!-- collapse-all-icon -->
        </a> <!-- collapse-all-link -->
      </div> <!-- navigator-suite-header -->
      <div class="suite">
        <div class="rounded-window">
          <div class="suite-header light-rounded-window-top">
            <a href="#" class="navigator-link" panel-name="suite-Default_suite">
              <span class="suite-name border-failed">Default suite</span>
            </a> <!-- navigator-link -->
          </div> <!-- suite-header light-rounded-window-top -->
          <div class="navigator-suite-content">
            <div class="suite-section-title">
              <span>Info</span>
            </div> <!-- suite-section-title -->
            <div class="suite-section-content">
              <ul>
                <li>
                  <a href="#" class="navigator-link " panel-name="test-xml-Default_suite">
                    <span>C:\Users\Bhawna Pal\AppData\Local\Temp\testng-eclipse-1805315911\testng-customsuite.xml</span>
                  </a> <!-- navigator-link  -->
                </li>
                <li>
                  <a href="#" class="navigator-link " panel-name="testlist-Default_suite">
                    <span class="test-stats">1 test</span>
                  </a> <!-- navigator-link  -->
                </li>
                <li>
                  <a href="#" class="navigator-link " panel-name="group-Default_suite">
                    <span>0 groups</span>
                  </a> <!-- navigator-link  -->
                </li>
                <li>
                  <a href="#" class="navigator-link " panel-name="times-Default_suite">
                    <span>Times</span>
                  </a> <!-- navigator-link  -->
                </li>
                <li>
                  <a href="#" class="navigator-link " panel-name="reporter-Default_suite">
                    <span>Reporter output</span>
                  </a> <!-- navigator-link  -->
                </li>
                <li>
                  <a href="#" class="navigator-link " panel-name="ignored-methods-Default_suite">
                    <span>Ignored methods</span>
                  </a> <!-- navigator-link  -->
                </li>
                <li>
                  <a href="#" class="navigator-link " panel-name="chronological-Default_suite">
                    <span>Chronological view</span>
                  </a> <!-- navigator-link  -->
                </li>
              </ul>
            </div> <!-- suite-section-content -->
            <div class="result-section">
              <div class="suite-section-title">
                <span>Results</span>
              </div> <!-- suite-section-title -->
              <div class="suite-section-content">
                <ul>
                  <li>
                    <span class="method-stats">17 methods, 17 failed,   </span>
                  </li>
                  <li>
                    <span class="method-list-title failed">Failed methods</span>
                    <span class="show-or-hide-methods failed">
                      <a href="#" panel-name="suite-Default_suite" class="hide-methods failed suite-Default_suite"> (hide)</a> <!-- hide-methods failed suite-Default_suite -->
                      <a href="#" panel-name="suite-Default_suite" class="show-methods failed suite-Default_suite"> (show)</a> <!-- show-methods failed suite-Default_suite -->
                    </span>
                    <div class="method-list-content failed suite-Default_suite">
                      <span>
                        <img width="3%" src="failed.png"/>
                        <a href="#" class="method navigator-link" panel-name="suite-Default_suite" title="HealthProduct.HealthProductJourneyWithExcel" hash-for-method="Adult">Adult</a> <!-- method navigator-link -->
                      </span>
                      <br/>
                      <span>
                        <img width="3%" src="failed.png"/>
                        <a href="#" class="method navigator-link" panel-name="suite-Default_suite" title="HealthProduct.HealthProductJourneyWithExcel" hash-for-method="Child">Child</a> <!-- method navigator-link -->
                      </span>
                      <br/>
                      <span>
                        <img width="3%" src="failed.png"/>
                        <a href="#" class="method navigator-link" panel-name="suite-Default_suite" title="HealthProduct.HealthProductJourneyWithExcel" hash-for-method="City">City</a> <!-- method navigator-link -->
                      </span>
                      <br/>
                      <span>
                        <img width="3%" src="failed.png"/>
                        <a href="#" class="method navigator-link" panel-name="suite-Default_suite" title="HealthProduct.HealthProductJourneyWithExcel" hash-for-method="CustomerEmail">CustomerEmail</a> <!-- method navigator-link -->
                      </span>
                      <br/>
                      <span>
                        <img width="3%" src="failed.png"/>
                        <a href="#" class="method navigator-link" panel-name="suite-Default_suite" title="HealthProduct.HealthProductJourneyWithExcel" hash-for-method="CustomerPopup">CustomerPopup</a> <!-- method navigator-link -->
                      </span>
                      <br/>
                      <span>
                        <img width="3%" src="failed.png"/>
                        <a href="#" class="method navigator-link" panel-name="suite-Default_suite" title="HealthProduct.HealthProductJourneyWithExcel" hash-for-method="CustomerProceed">CustomerProceed</a> <!-- method navigator-link -->
                      </span>
                      <br/>
                      <span>
                        <img width="3%" src="failed.png"/>
                        <a href="#" class="method navigator-link" panel-name="suite-Default_suite" title="HealthProduct.HealthProductJourneyWithExcel" hash-for-method="DOB">DOB</a> <!-- method navigator-link -->
                      </span>
                      <br/>
                      <span>
                        <img width="3%" src="failed.png"/>
                        <a href="#" class="method navigator-link" panel-name="suite-Default_suite" title="HealthProduct.HealthProductJourneyWithExcel" hash-for-method="EldestMember">EldestMember</a> <!-- method navigator-link -->
                      </span>
                      <br/>
                      <span>
                        <img width="3%" src="failed.png"/>
                        <a href="#" class="method navigator-link" panel-name="suite-Default_suite" title="HealthProduct.HealthProductJourneyWithExcel" hash-for-method="FillLoginDetails">FillLoginDetails</a> <!-- method navigator-link -->
                      </span>
                      <br/>
                      <span>
                        <img width="3%" src="failed.png"/>
                        <a href="#" class="method navigator-link" panel-name="suite-Default_suite" title="HealthProduct.HealthProductJourneyWithExcel" hash-for-method="GetLiveQuotes">GetLiveQuotes</a> <!-- method navigator-link -->
                      </span>
                      <br/>
                      <span>
                        <img width="3%" src="failed.png"/>
                        <a href="#" class="method navigator-link" panel-name="suite-Default_suite" title="HealthProduct.HealthProductJourneyWithExcel" hash-for-method="LaunchWebsite">LaunchWebsite</a> <!-- method navigator-link -->
                      </span>
                      <br/>
                      <span>
                        <img width="3%" src="failed.png"/>
                        <a href="#" class="method navigator-link" panel-name="suite-Default_suite" title="HealthProduct.HealthProductJourneyWithExcel" hash-for-method="QuotesBuyNow(Mr., abc, def, abc@gmail.com, 9889988998, Housewife, Single, 112. l block, Kotaaa, Rajasthan, 324001...)">QuotesBuyNow(Mr., abc, def, abc@gmail.com, 9889988998, Housewife, Single, 112. l block, Kotaaa, Rajasthan, 324001...)</a> <!-- method navigator-link -->
                      </span>
                      <br/>
                      <span>
                        <img width="3%" src="failed.png"/>
                        <a href="#" class="method navigator-link" panel-name="suite-Default_suite" title="HealthProduct.HealthProductJourneyWithExcel" hash-for-method="QuotesBuyNow(Mr., abc, def, abc@gmail.com, 9889988998, Housewife, Single, 112. l block, Kotaaa, Rajasthan, 324001...)">QuotesBuyNow(Mr., abc, def, abc@gmail.com, 9889988998, Housewife, Single, 112. l block, Kotaaa, Rajasthan, 324001...)</a> <!-- method navigator-link -->
                      </span>
                      <br/>
                      <span>
                        <img width="3%" src="failed.png"/>
                        <a href="#" class="method navigator-link" panel-name="suite-Default_suite" title="HealthProduct.HealthProductJourneyWithExcel" hash-for-method="QuotesBuyNow(Mr., abc, def, abc@gmail.com, 9889988998, Accountant, Single, CH/KG 2 KAVI NAGAR, Ghaziabad, Ghaziab...)">QuotesBuyNow(Mr., abc, def, abc@gmail.com, 9889988998, Accountant, Single, CH/KG 2 KAVI NAGAR, Ghaziabad, Ghaziab...)</a> <!-- method navigator-link -->
                      </span>
                      <br/>
                      <span>
                        <img width="3%" src="failed.png"/>
                        <a href="#" class="method navigator-link" panel-name="suite-Default_suite" title="HealthProduct.HealthProductJourneyWithExcel" hash-for-method="QuotesBuyNow(Mr., abc, def, abc@gmail.com, 9889988998, Government Employed, Single, flat no. 78, firdt floor,, bh...)">QuotesBuyNow(Mr., abc, def, abc@gmail.com, 9889988998, Government Employed, Single, flat no. 78, firdt floor,, bh...)</a> <!-- method navigator-link -->
                      </span>
                      <br/>
                      <span>
                        <img width="3%" src="failed.png"/>
                        <a href="#" class="method navigator-link" panel-name="suite-Default_suite" title="HealthProduct.HealthProductJourneyWithExcel" hash-for-method="QuotesBuyNow(Mr., abc, def, abc@gmail.com, 9889988998, Government Employed, Single, flat no. 78, firdt floor,, bh...)">QuotesBuyNow(Mr., abc, def, abc@gmail.com, 9889988998, Government Employed, Single, flat no. 78, firdt floor,, bh...)</a> <!-- method navigator-link -->
                      </span>
                      <br/>
                      <span>
                        <img width="3%" src="failed.png"/>
                        <a href="#" class="method navigator-link" panel-name="suite-Default_suite" title="HealthProduct.HealthProductJourneyWithExcel" hash-for-method="QuotesBuyNow(Mr., abc, def, abc@gmail.com, 9889988998, Accountant, Single, CH/KG 2 KAVI NAGAR, Ghaziabad, Ghaziab...)">QuotesBuyNow(Mr., abc, def, abc@gmail.com, 9889988998, Accountant, Single, CH/KG 2 KAVI NAGAR, Ghaziabad, Ghaziab...)</a> <!-- method navigator-link -->
                      </span>
                      <br/>
                    </div> <!-- method-list-content failed suite-Default_suite -->
                  </li>
                </ul>
              </div> <!-- suite-section-content -->
            </div> <!-- result-section -->
          </div> <!-- navigator-suite-content -->
        </div> <!-- rounded-window -->
      </div> <!-- suite -->
    </div> <!-- navigator-root -->
    <div class="wrapper">
      <div class="main-panel-root">
        <div panel-name="suite-Default_suite" class="panel Default_suite">
          <div class="suite-Default_suite-class-failed">
            <div class="main-panel-header rounded-window-top">
              <img src="failed.png"/>
              <span class="class-name">HealthProduct.HealthProductJourneyWithExcel</span>
            </div> <!-- main-panel-header rounded-window-top -->
            <div class="main-panel-content rounded-window-bottom">
              <div class="method">
                <div class="method-content">
                  <a name="Adult">
                  </a> <!-- Adult -->
                  <span class="method-name">Adult</span>
                  <div class="stack-trace">java.lang.AssertionError: expected [true] but found [false]
	at org.testng.Assert.fail(Assert.java:94)
	at org.testng.Assert.failNotEquals(Assert.java:496)
	at org.testng.Assert.assertTrue(Assert.java:42)
	at org.testng.Assert.assertTrue(Assert.java:52)
	at HealthProduct.HealthProductJourneyWithExcel.Adult(HealthProductJourneyWithExcel.java:152)
	at sun.reflect.NativeMethodAccessorImpl.invoke0(Native Method)
	at sun.reflect.NativeMethodAccessorImpl.invoke(NativeMethodAccessorImpl.java:62)
	at sun.reflect.DelegatingMethodAccessorImpl.invoke(DelegatingMethodAccessorImpl.java:43)
	at java.lang.reflect.Method.invoke(Method.java:498)
	at org.testng.internal.MethodInvocationHelper.invokeMethod(MethodInvocationHelper.java:85)
	at org.testng.internal.Invoker.invokeMethod(Invoker.java:639)
	at org.testng.internal.Invoker.invokeTestMethod(Invoker.java:816)
	at org.testng.internal.Invoker.invokeTestMethods(Invoker.java:1124)
	at org.testng.internal.TestMethodWorker.invokeTestMethods(TestMethodWorker.java:125)
	at org.testng.internal.TestMethodWorker.run(TestMethodWorker.java:108)
	at org.testng.TestRunner.privateRun(TestRunner.java:774)
	at org.testng.TestRunner.run(TestRunner.java:624)
	at org.testng.SuiteRunner.runTest(SuiteRunner.java:359)
	at org.testng.SuiteRunner.runSequentially(SuiteRunner.java:354)
	at org.testng.SuiteRunner.privateRun(SuiteRunner.java:312)
	at org.testng.SuiteRunner.run(SuiteRunner.java:261)
	at org.testng.SuiteRunnerWorker.runSuite(SuiteRunnerWorker.java:52)
	at org.testng.SuiteRunnerWorker.run(SuiteRunnerWorker.java:86)
	at org.testng.TestNG.runSuitesSequentially(TestNG.java:1215)
	at org.testng.TestNG.runSuitesLocally(TestNG.java:1140)
	at org.testng.TestNG.run(TestNG.java:1048)
	at org.testng.remote.AbstractRemoteTestNG.run(AbstractRemoteTestNG.java:132)
	at org.testng.remote.RemoteTestNG.initAndRun(RemoteTestNG.java:230)
	at org.testng.remote.RemoteTestNG.main(RemoteTestNG.java:76)

</div> <!-- stack-trace -->
                  <em>
(Enter adult value 2)                  </em>
                </div> <!-- method-content -->
              </div> <!-- method -->
              <div class="method">
                <div class="method-content">
                  <a name="Child">
                  </a> <!-- Child -->
                  <span class="method-name">Child</span>
                  <div class="stack-trace">java.lang.AssertionError: expected [true] but found [false]
	at org.testng.Assert.fail(Assert.java:94)
	at org.testng.Assert.failNotEquals(Assert.java:496)
	at org.testng.Assert.assertTrue(Assert.java:42)
	at org.testng.Assert.assertTrue(Assert.java:52)
	at HealthProduct.HealthProductJourneyWithExcel.Child(HealthProductJourneyWithExcel.java:177)
	at sun.reflect.NativeMethodAccessorImpl.invoke0(Native Method)
	at sun.reflect.NativeMethodAccessorImpl.invoke(NativeMethodAccessorImpl.java:62)
	at sun.reflect.DelegatingMethodAccessorImpl.invoke(DelegatingMethodAccessorImpl.java:43)
	at java.lang.reflect.Method.invoke(Method.java:498)
	at org.testng.internal.MethodInvocationHelper.invokeMethod(MethodInvocationHelper.java:85)
	at org.testng.internal.Invoker.invokeMethod(Invoker.java:639)
	at org.testng.internal.Invoker.invokeTestMethod(Invoker.java:816)
	at org.testng.internal.Invoker.invokeTestMethods(Invoker.java:1124)
	at org.testng.internal.TestMethodWorker.invokeTestMethods(TestMethodWorker.java:125)
	at org.testng.internal.TestMethodWorker.run(TestMethodWorker.java:108)
	at org.testng.TestRunner.privateRun(TestRunner.java:774)
	at org.testng.TestRunner.run(TestRunner.java:624)
	at org.testng.SuiteRunner.runTest(SuiteRunner.java:359)
	at org.testng.SuiteRunner.runSequentially(SuiteRunner.java:354)
	at org.testng.SuiteRunner.privateRun(SuiteRunner.java:312)
	at org.testng.SuiteRunner.run(SuiteRunner.java:261)
	at org.testng.SuiteRunnerWorker.runSuite(SuiteRunnerWorker.java:52)
	at org.testng.SuiteRunnerWorker.run(SuiteRunnerWorker.java:86)
	at org.testng.TestNG.runSuitesSequentially(TestNG.java:1215)
	at org.testng.TestNG.runSuitesLocally(TestNG.java:1140)
	at org.testng.TestNG.run(TestNG.java:1048)
	at org.testng.remote.AbstractRemoteTestNG.run(AbstractRemoteTestNG.java:132)
	at org.testng.remote.RemoteTestNG.initAndRun(RemoteTestNG.java:230)
	at org.testng.remote.RemoteTestNG.main(RemoteTestNG.java:76)

</div> <!-- stack-trace -->
                  <em>
(Enter Child value 1-4)                  </em>
                </div> <!-- method-content -->
              </div> <!-- method -->
              <div class="method">
                <div class="method-content">
                  <a name="City">
                  </a> <!-- City -->
                  <span class="method-name">City</span>
                  <div class="stack-trace">java.lang.AssertionError: expected [true] but found [false]
	at org.testng.Assert.fail(Assert.java:94)
	at org.testng.Assert.failNotEquals(Assert.java:496)
	at org.testng.Assert.assertTrue(Assert.java:42)
	at org.testng.Assert.assertTrue(Assert.java:52)
	at HealthProduct.HealthProductJourneyWithExcel.City(HealthProductJourneyWithExcel.java:264)
	at sun.reflect.NativeMethodAccessorImpl.invoke0(Native Method)
	at sun.reflect.NativeMethodAccessorImpl.invoke(NativeMethodAccessorImpl.java:62)
	at sun.reflect.DelegatingMethodAccessorImpl.invoke(DelegatingMethodAccessorImpl.java:43)
	at java.lang.reflect.Method.invoke(Method.java:498)
	at org.testng.internal.MethodInvocationHelper.invokeMethod(MethodInvocationHelper.java:85)
	at org.testng.internal.Invoker.invokeMethod(Invoker.java:639)
	at org.testng.internal.Invoker.invokeTestMethod(Invoker.java:816)
	at org.testng.internal.Invoker.invokeTestMethods(Invoker.java:1124)
	at org.testng.internal.TestMethodWorker.invokeTestMethods(TestMethodWorker.java:125)
	at org.testng.internal.TestMethodWorker.run(TestMethodWorker.java:108)
	at org.testng.TestRunner.privateRun(TestRunner.java:774)
	at org.testng.TestRunner.run(TestRunner.java:624)
	at org.testng.SuiteRunner.runTest(SuiteRunner.java:359)
	at org.testng.SuiteRunner.runSequentially(SuiteRunner.java:354)
	at org.testng.SuiteRunner.privateRun(SuiteRunner.java:312)
	at org.testng.SuiteRunner.run(SuiteRunner.java:261)
	at org.testng.SuiteRunnerWorker.runSuite(SuiteRunnerWorker.java:52)
	at org.testng.SuiteRunnerWorker.run(SuiteRunnerWorker.java:86)
	at org.testng.TestNG.runSuitesSequentially(TestNG.java:1215)
	at org.testng.TestNG.runSuitesLocally(TestNG.java:1140)
	at org.testng.TestNG.run(TestNG.java:1048)
	at org.testng.remote.AbstractRemoteTestNG.run(AbstractRemoteTestNG.java:132)
	at org.testng.remote.RemoteTestNG.initAndRun(RemoteTestNG.java:230)
	at org.testng.remote.RemoteTestNG.main(RemoteTestNG.java:76)

</div> <!-- stack-trace -->
                  <em>
(Select City from list)                  </em>
                </div> <!-- method-content -->
              </div> <!-- method -->
              <div class="method">
                <div class="method-content">
                  <a name="CustomerEmail">
                  </a> <!-- CustomerEmail -->
                  <span class="method-name">CustomerEmail</span>
                  <div class="stack-trace">java.lang.AssertionError: expected [true] but found [false]
	at org.testng.Assert.fail(Assert.java:94)
	at org.testng.Assert.failNotEquals(Assert.java:496)
	at org.testng.Assert.assertTrue(Assert.java:42)
	at org.testng.Assert.assertTrue(Assert.java:52)
	at HealthProduct.HealthProductJourneyWithExcel.CustomerEmail(HealthProductJourneyWithExcel.java:335)
	at sun.reflect.NativeMethodAccessorImpl.invoke0(Native Method)
	at sun.reflect.NativeMethodAccessorImpl.invoke(NativeMethodAccessorImpl.java:62)
	at sun.reflect.DelegatingMethodAccessorImpl.invoke(DelegatingMethodAccessorImpl.java:43)
	at java.lang.reflect.Method.invoke(Method.java:498)
	at org.testng.internal.MethodInvocationHelper.invokeMethod(MethodInvocationHelper.java:85)
	at org.testng.internal.Invoker.invokeMethod(Invoker.java:639)
	at org.testng.internal.Invoker.invokeTestMethod(Invoker.java:816)
	at org.testng.internal.Invoker.invokeTestMethods(Invoker.java:1124)
	at org.testng.internal.TestMethodWorker.invokeTestMethods(TestMethodWorker.java:125)
	at org.testng.internal.TestMethodWorker.run(TestMethodWorker.java:108)
	at org.testng.TestRunner.privateRun(TestRunner.java:774)
	at org.testng.TestRunner.run(TestRunner.java:624)
	at org.testng.SuiteRunner.runTest(SuiteRunner.java:359)
	at org.testng.SuiteRunner.runSequentially(SuiteRunner.java:354)
	at org.testng.SuiteRunner.privateRun(SuiteRunner.java:312)
	at org.testng.SuiteRunner.run(SuiteRunner.java:261)
	at org.testng.SuiteRunnerWorker.runSuite(SuiteRunnerWorker.java:52)
	at org.testng.SuiteRunnerWorker.run(SuiteRunnerWorker.java:86)
	at org.testng.TestNG.runSuitesSequentially(TestNG.java:1215)
	at org.testng.TestNG.runSuitesLocally(TestNG.java:1140)
	at org.testng.TestNG.run(TestNG.java:1048)
	at org.testng.remote.AbstractRemoteTestNG.run(AbstractRemoteTestNG.java:132)
	at org.testng.remote.RemoteTestNG.initAndRun(RemoteTestNG.java:230)
	at org.testng.remote.RemoteTestNG.main(RemoteTestNG.java:76)

</div> <!-- stack-trace -->
                  <em>
(Fill Customer Email in Customer Popup)                  </em>
                </div> <!-- method-content -->
              </div> <!-- method -->
              <div class="method">
                <div class="method-content">
                  <a name="CustomerPopup">
                  </a> <!-- CustomerPopup -->
                  <span class="method-name">CustomerPopup</span>
                  <div class="stack-trace">java.lang.AssertionError: expected [true] but found [false]
	at org.testng.Assert.fail(Assert.java:94)
	at org.testng.Assert.failNotEquals(Assert.java:496)
	at org.testng.Assert.assertTrue(Assert.java:42)
	at org.testng.Assert.assertTrue(Assert.java:52)
	at HealthProduct.HealthProductJourneyWithExcel.CustomerPopup(HealthProductJourneyWithExcel.java:312)
	at sun.reflect.NativeMethodAccessorImpl.invoke0(Native Method)
	at sun.reflect.NativeMethodAccessorImpl.invoke(NativeMethodAccessorImpl.java:62)
	at sun.reflect.DelegatingMethodAccessorImpl.invoke(DelegatingMethodAccessorImpl.java:43)
	at java.lang.reflect.Method.invoke(Method.java:498)
	at org.testng.internal.MethodInvocationHelper.invokeMethod(MethodInvocationHelper.java:85)
	at org.testng.internal.Invoker.invokeMethod(Invoker.java:639)
	at org.testng.internal.Invoker.invokeTestMethod(Invoker.java:816)
	at org.testng.internal.Invoker.invokeTestMethods(Invoker.java:1124)
	at org.testng.internal.TestMethodWorker.invokeTestMethods(TestMethodWorker.java:125)
	at org.testng.internal.TestMethodWorker.run(TestMethodWorker.java:108)
	at org.testng.TestRunner.privateRun(TestRunner.java:774)
	at org.testng.TestRunner.run(TestRunner.java:624)
	at org.testng.SuiteRunner.runTest(SuiteRunner.java:359)
	at org.testng.SuiteRunner.runSequentially(SuiteRunner.java:354)
	at org.testng.SuiteRunner.privateRun(SuiteRunner.java:312)
	at org.testng.SuiteRunner.run(SuiteRunner.java:261)
	at org.testng.SuiteRunnerWorker.runSuite(SuiteRunnerWorker.java:52)
	at org.testng.SuiteRunnerWorker.run(SuiteRunnerWorker.java:86)
	at org.testng.TestNG.runSuitesSequentially(TestNG.java:1215)
	at org.testng.TestNG.runSuitesLocally(TestNG.java:1140)
	at org.testng.TestNG.run(TestNG.java:1048)
	at org.testng.remote.AbstractRemoteTestNG.run(AbstractRemoteTestNG.java:132)
	at org.testng.remote.RemoteTestNG.initAndRun(RemoteTestNG.java:230)
	at org.testng.remote.RemoteTestNG.main(RemoteTestNG.java:76)

</div> <!-- stack-trace -->
                  <em>
(Fill Customer Name in Customer Popup)                  </em>
                </div> <!-- method-content -->
              </div> <!-- method -->
              <div class="method">
                <div class="method-content">
                  <a name="CustomerProceed">
                  </a> <!-- CustomerProceed -->
                  <span class="method-name">CustomerProceed</span>
                  <div class="stack-trace">java.lang.AssertionError: expected [true] but found [false]
	at org.testng.Assert.fail(Assert.java:94)
	at org.testng.Assert.failNotEquals(Assert.java:496)
	at org.testng.Assert.assertTrue(Assert.java:42)
	at org.testng.Assert.assertTrue(Assert.java:52)
	at HealthProduct.HealthProductJourneyWithExcel.CustomerProceed(HealthProductJourneyWithExcel.java:381)
	at sun.reflect.NativeMethodAccessorImpl.invoke0(Native Method)
	at sun.reflect.NativeMethodAccessorImpl.invoke(NativeMethodAccessorImpl.java:62)
	at sun.reflect.DelegatingMethodAccessorImpl.invoke(DelegatingMethodAccessorImpl.java:43)
	at java.lang.reflect.Method.invoke(Method.java:498)
	at org.testng.internal.MethodInvocationHelper.invokeMethod(MethodInvocationHelper.java:85)
	at org.testng.internal.Invoker.invokeMethod(Invoker.java:639)
	at org.testng.internal.Invoker.invokeTestMethod(Invoker.java:816)
	at org.testng.internal.Invoker.invokeTestMethods(Invoker.java:1124)
	at org.testng.internal.TestMethodWorker.invokeTestMethods(TestMethodWorker.java:125)
	at org.testng.internal.TestMethodWorker.run(TestMethodWorker.java:108)
	at org.testng.TestRunner.privateRun(TestRunner.java:774)
	at org.testng.TestRunner.run(TestRunner.java:624)
	at org.testng.SuiteRunner.runTest(SuiteRunner.java:359)
	at org.testng.SuiteRunner.runSequentially(SuiteRunner.java:354)
	at org.testng.SuiteRunner.privateRun(SuiteRunner.java:312)
	at org.testng.SuiteRunner.run(SuiteRunner.java:261)
	at org.testng.SuiteRunnerWorker.runSuite(SuiteRunnerWorker.java:52)
	at org.testng.SuiteRunnerWorker.run(SuiteRunnerWorker.java:86)
	at org.testng.TestNG.runSuitesSequentially(TestNG.java:1215)
	at org.testng.TestNG.runSuitesLocally(TestNG.java:1140)
	at org.testng.TestNG.run(TestNG.java:1048)
	at org.testng.remote.AbstractRemoteTestNG.run(AbstractRemoteTestNG.java:132)
	at org.testng.remote.RemoteTestNG.initAndRun(RemoteTestNG.java:230)
	at org.testng.remote.RemoteTestNG.main(RemoteTestNG.java:76)

</div> <!-- stack-trace -->
                  <em>
(Click Proceed button on Customer Popup)                  </em>
                </div> <!-- method-content -->
              </div> <!-- method -->
              <div class="method">
                <div class="method-content">
                  <a name="DOB">
                  </a> <!-- DOB -->
                  <span class="method-name">DOB</span>
                  <div class="stack-trace">java.lang.AssertionError: expected [true] but found [false]
	at org.testng.Assert.fail(Assert.java:94)
	at org.testng.Assert.failNotEquals(Assert.java:496)
	at org.testng.Assert.assertTrue(Assert.java:42)
	at org.testng.Assert.assertTrue(Assert.java:52)
	at HealthProduct.HealthProductJourneyWithExcel.DOB(HealthProductJourneyWithExcel.java:213)
	at sun.reflect.NativeMethodAccessorImpl.invoke0(Native Method)
	at sun.reflect.NativeMethodAccessorImpl.invoke(NativeMethodAccessorImpl.java:62)
	at sun.reflect.DelegatingMethodAccessorImpl.invoke(DelegatingMethodAccessorImpl.java:43)
	at java.lang.reflect.Method.invoke(Method.java:498)
	at org.testng.internal.MethodInvocationHelper.invokeMethod(MethodInvocationHelper.java:85)
	at org.testng.internal.Invoker.invokeMethod(Invoker.java:639)
	at org.testng.internal.Invoker.invokeTestMethod(Invoker.java:816)
	at org.testng.internal.Invoker.invokeTestMethods(Invoker.java:1124)
	at org.testng.internal.TestMethodWorker.invokeTestMethods(TestMethodWorker.java:125)
	at org.testng.internal.TestMethodWorker.run(TestMethodWorker.java:108)
	at org.testng.TestRunner.privateRun(TestRunner.java:774)
	at org.testng.TestRunner.run(TestRunner.java:624)
	at org.testng.SuiteRunner.runTest(SuiteRunner.java:359)
	at org.testng.SuiteRunner.runSequentially(SuiteRunner.java:354)
	at org.testng.SuiteRunner.privateRun(SuiteRunner.java:312)
	at org.testng.SuiteRunner.run(SuiteRunner.java:261)
	at org.testng.SuiteRunnerWorker.runSuite(SuiteRunnerWorker.java:52)
	at org.testng.SuiteRunnerWorker.run(SuiteRunnerWorker.java:86)
	at org.testng.TestNG.runSuitesSequentially(TestNG.java:1215)
	at org.testng.TestNG.runSuitesLocally(TestNG.java:1140)
	at org.testng.TestNG.run(TestNG.java:1048)
	at org.testng.remote.AbstractRemoteTestNG.run(AbstractRemoteTestNG.java:132)
	at org.testng.remote.RemoteTestNG.initAndRun(RemoteTestNG.java:230)
	at org.testng.remote.RemoteTestNG.main(RemoteTestNG.java:76)

</div> <!-- stack-trace -->
                  <em>
(Enter DOB)                  </em>
                </div> <!-- method-content -->
              </div> <!-- method -->
              <div class="method">
                <div class="method-content">
                  <a name="EldestMember">
                  </a> <!-- EldestMember -->
                  <span class="method-name">EldestMember</span>
                  <div class="stack-trace">java.lang.AssertionError: expected [true] but found [false]
	at org.testng.Assert.fail(Assert.java:94)
	at org.testng.Assert.failNotEquals(Assert.java:496)
	at org.testng.Assert.assertTrue(Assert.java:42)
	at org.testng.Assert.assertTrue(Assert.java:52)
	at HealthProduct.HealthProductJourneyWithExcel.EldestMember(HealthProductJourneyWithExcel.java:237)
	at sun.reflect.NativeMethodAccessorImpl.invoke0(Native Method)
	at sun.reflect.NativeMethodAccessorImpl.invoke(NativeMethodAccessorImpl.java:62)
	at sun.reflect.DelegatingMethodAccessorImpl.invoke(DelegatingMethodAccessorImpl.java:43)
	at java.lang.reflect.Method.invoke(Method.java:498)
	at org.testng.internal.MethodInvocationHelper.invokeMethod(MethodInvocationHelper.java:85)
	at org.testng.internal.Invoker.invokeMethod(Invoker.java:639)
	at org.testng.internal.Invoker.invokeTestMethod(Invoker.java:816)
	at org.testng.internal.Invoker.invokeTestMethods(Invoker.java:1124)
	at org.testng.internal.TestMethodWorker.invokeTestMethods(TestMethodWorker.java:125)
	at org.testng.internal.TestMethodWorker.run(TestMethodWorker.java:108)
	at org.testng.TestRunner.privateRun(TestRunner.java:774)
	at org.testng.TestRunner.run(TestRunner.java:624)
	at org.testng.SuiteRunner.runTest(SuiteRunner.java:359)
	at org.testng.SuiteRunner.runSequentially(SuiteRunner.java:354)
	at org.testng.SuiteRunner.privateRun(SuiteRunner.java:312)
	at org.testng.SuiteRunner.run(SuiteRunner.java:261)
	at org.testng.SuiteRunnerWorker.runSuite(SuiteRunnerWorker.java:52)
	at org.testng.SuiteRunnerWorker.run(SuiteRunnerWorker.java:86)
	at org.testng.TestNG.runSuitesSequentially(TestNG.java:1215)
	at org.testng.TestNG.runSuitesLocally(TestNG.java:1140)
	at org.testng.TestNG.run(TestNG.java:1048)
	at org.testng.remote.AbstractRemoteTestNG.run(AbstractRemoteTestNG.java:132)
	at org.testng.remote.RemoteTestNG.initAndRun(RemoteTestNG.java:230)
	at org.testng.remote.RemoteTestNG.main(RemoteTestNG.java:76)

</div> <!-- stack-trace -->
                  <em>
(Select Eldest Member Gender)                  </em>
                </div> <!-- method-content -->
              </div> <!-- method -->
              <div class="method">
                <div class="method-content">
                  <a name="FillLoginDetails">
                  </a> <!-- FillLoginDetails -->
                  <span class="method-name">FillLoginDetails</span>
                  <div class="stack-trace">java.lang.AssertionError: expected [true] but found [false]
	at org.testng.Assert.fail(Assert.java:94)
	at org.testng.Assert.failNotEquals(Assert.java:496)
	at org.testng.Assert.assertTrue(Assert.java:42)
	at org.testng.Assert.assertTrue(Assert.java:52)
	at HealthProduct.HealthProductJourneyWithExcel.FillLoginDetails(HealthProductJourneyWithExcel.java:126)
	at sun.reflect.NativeMethodAccessorImpl.invoke0(Native Method)
	at sun.reflect.NativeMethodAccessorImpl.invoke(NativeMethodAccessorImpl.java:62)
	at sun.reflect.DelegatingMethodAccessorImpl.invoke(DelegatingMethodAccessorImpl.java:43)
	at java.lang.reflect.Method.invoke(Method.java:498)
	at org.testng.internal.MethodInvocationHelper.invokeMethod(MethodInvocationHelper.java:85)
	at org.testng.internal.Invoker.invokeMethod(Invoker.java:639)
	at org.testng.internal.Invoker.invokeTestMethod(Invoker.java:816)
	at org.testng.internal.Invoker.invokeTestMethods(Invoker.java:1124)
	at org.testng.internal.TestMethodWorker.invokeTestMethods(TestMethodWorker.java:125)
	at org.testng.internal.TestMethodWorker.run(TestMethodWorker.java:108)
	at org.testng.TestRunner.privateRun(TestRunner.java:774)
	at org.testng.TestRunner.run(TestRunner.java:624)
	at org.testng.SuiteRunner.runTest(SuiteRunner.java:359)
	at org.testng.SuiteRunner.runSequentially(SuiteRunner.java:354)
	at org.testng.SuiteRunner.privateRun(SuiteRunner.java:312)
	at org.testng.SuiteRunner.run(SuiteRunner.java:261)
	at org.testng.SuiteRunnerWorker.runSuite(SuiteRunnerWorker.java:52)
	at org.testng.SuiteRunnerWorker.run(SuiteRunnerWorker.java:86)
	at org.testng.TestNG.runSuitesSequentially(TestNG.java:1215)
	at org.testng.TestNG.runSuitesLocally(TestNG.java:1140)
	at org.testng.TestNG.run(TestNG.java:1048)
	at org.testng.remote.AbstractRemoteTestNG.run(AbstractRemoteTestNG.java:132)
	at org.testng.remote.RemoteTestNG.initAndRun(RemoteTestNG.java:230)
	at org.testng.remote.RemoteTestNG.main(RemoteTestNG.java:76)

</div> <!-- stack-trace -->
                  <em>
(Click on Health product link )                  </em>
                </div> <!-- method-content -->
              </div> <!-- method -->
              <div class="method">
                <div class="method-content">
                  <a name="GetLiveQuotes">
                  </a> <!-- GetLiveQuotes -->
                  <span class="method-name">GetLiveQuotes</span>
                  <div class="stack-trace">java.lang.AssertionError: expected [true] but found [false]
	at org.testng.Assert.fail(Assert.java:94)
	at org.testng.Assert.failNotEquals(Assert.java:496)
	at org.testng.Assert.assertTrue(Assert.java:42)
	at org.testng.Assert.assertTrue(Assert.java:52)
	at HealthProduct.HealthProductJourneyWithExcel.GetLiveQuotes(HealthProductJourneyWithExcel.java:288)
	at sun.reflect.NativeMethodAccessorImpl.invoke0(Native Method)
	at sun.reflect.NativeMethodAccessorImpl.invoke(NativeMethodAccessorImpl.java:62)
	at sun.reflect.DelegatingMethodAccessorImpl.invoke(DelegatingMethodAccessorImpl.java:43)
	at java.lang.reflect.Method.invoke(Method.java:498)
	at org.testng.internal.MethodInvocationHelper.invokeMethod(MethodInvocationHelper.java:85)
	at org.testng.internal.Invoker.invokeMethod(Invoker.java:639)
	at org.testng.internal.Invoker.invokeTestMethod(Invoker.java:816)
	at org.testng.internal.Invoker.invokeTestMethods(Invoker.java:1124)
	at org.testng.internal.TestMethodWorker.invokeTestMethods(TestMethodWorker.java:125)
	at org.testng.internal.TestMethodWorker.run(TestMethodWorker.java:108)
	at org.testng.TestRunner.privateRun(TestRunner.java:774)
	at org.testng.TestRunner.run(TestRunner.java:624)
	at org.testng.SuiteRunner.runTest(SuiteRunner.java:359)
	at org.testng.SuiteRunner.runSequentially(SuiteRunner.java:354)
	at org.testng.SuiteRunner.privateRun(SuiteRunner.java:312)
	at org.testng.SuiteRunner.run(SuiteRunner.java:261)
	at org.testng.SuiteRunnerWorker.runSuite(SuiteRunnerWorker.java:52)
	at org.testng.SuiteRunnerWorker.run(SuiteRunnerWorker.java:86)
	at org.testng.TestNG.runSuitesSequentially(TestNG.java:1215)
	at org.testng.TestNG.runSuitesLocally(TestNG.java:1140)
	at org.testng.TestNG.run(TestNG.java:1048)
	at org.testng.remote.AbstractRemoteTestNG.run(AbstractRemoteTestNG.java:132)
	at org.testng.remote.RemoteTestNG.initAndRun(RemoteTestNG.java:230)
	at org.testng.remote.RemoteTestNG.main(RemoteTestNG.java:76)

</div> <!-- stack-trace -->
                  <em>
(Click Get Live Quotes Button)                  </em>
                </div> <!-- method-content -->
              </div> <!-- method -->
              <div class="method">
                <div class="method-content">
                  <a name="LaunchWebsite">
                  </a> <!-- LaunchWebsite -->
                  <span class="method-name">LaunchWebsite</span>
                  <div class="stack-trace">java.lang.AssertionError: expected [true] but found [false]
	at org.testng.Assert.fail(Assert.java:94)
	at org.testng.Assert.failNotEquals(Assert.java:496)
	at org.testng.Assert.assertTrue(Assert.java:42)
	at org.testng.Assert.assertTrue(Assert.java:52)
	at HealthProduct.HealthProductJourneyWithExcel.LaunchWebsite(HealthProductJourneyWithExcel.java:99)
	at sun.reflect.NativeMethodAccessorImpl.invoke0(Native Method)
	at sun.reflect.NativeMethodAccessorImpl.invoke(NativeMethodAccessorImpl.java:62)
	at sun.reflect.DelegatingMethodAccessorImpl.invoke(DelegatingMethodAccessorImpl.java:43)
	at java.lang.reflect.Method.invoke(Method.java:498)
	at org.testng.internal.MethodInvocationHelper.invokeMethod(MethodInvocationHelper.java:85)
	at org.testng.internal.Invoker.invokeMethod(Invoker.java:639)
	at org.testng.internal.Invoker.invokeTestMethod(Invoker.java:816)
	at org.testng.internal.Invoker.invokeTestMethods(Invoker.java:1124)
	at org.testng.internal.TestMethodWorker.invokeTestMethods(TestMethodWorker.java:125)
	at org.testng.internal.TestMethodWorker.run(TestMethodWorker.java:108)
	at org.testng.TestRunner.privateRun(TestRunner.java:774)
	at org.testng.TestRunner.run(TestRunner.java:624)
	at org.testng.SuiteRunner.runTest(SuiteRunner.java:359)
	at org.testng.SuiteRunner.runSequentially(SuiteRunner.java:354)
	at org.testng.SuiteRunner.privateRun(SuiteRunner.java:312)
	at org.testng.SuiteRunner.run(SuiteRunner.java:261)
	at org.testng.SuiteRunnerWorker.runSuite(SuiteRunnerWorker.java:52)
	at org.testng.SuiteRunnerWorker.run(SuiteRunnerWorker.java:86)
	at org.testng.TestNG.runSuitesSequentially(TestNG.java:1215)
	at org.testng.TestNG.runSuitesLocally(TestNG.java:1140)
	at org.testng.TestNG.run(TestNG.java:1048)
	at org.testng.remote.AbstractRemoteTestNG.run(AbstractRemoteTestNG.java:132)
	at org.testng.remote.RemoteTestNG.initAndRun(RemoteTestNG.java:230)
	at org.testng.remote.RemoteTestNG.main(RemoteTestNG.java:76)

</div> <!-- stack-trace -->
                  <em>
(Open Easypolicy Website for health Product Journey)                  </em>
                </div> <!-- method-content -->
              </div> <!-- method -->
              <div class="method">
                <div class="method-content">
                  <a name="QuotesBuyNow(Mr., abc, def, abc@gmail.com, 9889988998, Housewife, Single, 112. l block, Kotaaa, Rajasthan, 324001...)">
                  </a> <!-- QuotesBuyNow(Mr., abc, def, abc@gmail.com, 9889988998, Housewife, Single, 112. l block, Kotaaa, Rajasthan, 324001...) -->
                  <span class="method-name">QuotesBuyNow</span>
                  <span class="parameters">(Mr., abc, def, abc@gmail.com, 9889988998, Housewife, Single, 112. l block, Kotaaa, Rajasthan, 324001, 26, 09, 1952, Single, 75, 5, 7, No, No, Yes, XYZ, Mother)</span>
                  <div class="stack-trace">org.openqa.selenium.WebDriverException: Session not found: ccc18c83-070e-45e7-ada8-da23bcb7b0bd
Command duration or timeout: 18 milliseconds
Build info: version: &apos;2.53.1&apos;, revision: &apos;a36b8b1&apos;, time: &apos;2016-06-30 17:37:03&apos;
System info: host: &apos;ep-cp-34&apos;, ip: &apos;192.168.3.245&apos;, os.name: &apos;Windows 7&apos;, os.arch: &apos;amd64&apos;, os.version: &apos;6.1&apos;, java.version: &apos;1.8.0_144&apos;
Driver info: org.openqa.selenium.firefox.FirefoxDriver
Capabilities [{applicationCacheEnabled=true, rotatable=false, handlesAlerts=true, databaseEnabled=true, version=47.0.1, platform=WINDOWS, nativeEvents=false, acceptSslCerts=true, webStorageEnabled=true, locationContextEnabled=true, browserName=firefox, takesScreenshot=true, javascriptEnabled=true, cssSelectorsEnabled=true}]
Session ID: ccc18c83-070e-45e7-ada8-da23bcb7b0bd
*** Element info: {Using=xpath, value=(//span[text()=&apos;BUY NOW&apos;])[1]}
	at sun.reflect.NativeConstructorAccessorImpl.newInstance0(Native Method)
	at sun.reflect.NativeConstructorAccessorImpl.newInstance(NativeConstructorAccessorImpl.java:62)
	at sun.reflect.DelegatingConstructorAccessorImpl.newInstance(DelegatingConstructorAccessorImpl.java:45)
	at java.lang.reflect.Constructor.newInstance(Constructor.java:423)
	at org.openqa.selenium.remote.ErrorHandler.createThrowable(ErrorHandler.java:206)
	at org.openqa.selenium.remote.ErrorHandler.throwIfResponseFailed(ErrorHandler.java:158)
	at org.openqa.selenium.remote.RemoteWebDriver.execute(RemoteWebDriver.java:678)
	at org.openqa.selenium.remote.RemoteWebDriver.findElement(RemoteWebDriver.java:363)
	at org.openqa.selenium.remote.RemoteWebDriver.findElementByXPath(RemoteWebDriver.java:500)
	at org.openqa.selenium.By$ByXPath.findElement(By.java:361)
	at org.openqa.selenium.remote.RemoteWebDriver.findElement(RemoteWebDriver.java:355)
	at HealthProduct.HealthProductJourneyWithExcel.QuotesBuyNow(HealthProductJourneyWithExcel.java:391)
	at sun.reflect.NativeMethodAccessorImpl.invoke0(Native Method)
	at sun.reflect.NativeMethodAccessorImpl.invoke(NativeMethodAccessorImpl.java:62)
	at sun.reflect.DelegatingMethodAccessorImpl.invoke(DelegatingMethodAccessorImpl.java:43)
	at java.lang.reflect.Method.invoke(Method.java:498)
	at org.testng.internal.MethodInvocationHelper.invokeMethod(MethodInvocationHelper.java:85)
	at org.testng.internal.Invoker.invokeMethod(Invoker.java:639)
	at org.testng.internal.Invoker.invokeTestMethod(Invoker.java:816)
	at org.testng.internal.Invoker.invokeTestMethods(Invoker.java:1124)
	at org.testng.internal.TestMethodWorker.invokeTestMethods(TestMethodWorker.java:125)
	at org.testng.internal.TestMethodWorker.run(TestMethodWorker.java:108)
	at org.testng.TestRunner.privateRun(TestRunner.java:774)
	at org.testng.TestRunner.run(TestRunner.java:624)
	at org.testng.SuiteRunner.runTest(SuiteRunner.java:359)
	at org.testng.SuiteRunner.runSequentially(SuiteRunner.java:354)
	at org.testng.SuiteRunner.privateRun(SuiteRunner.java:312)
	at org.testng.SuiteRunner.run(SuiteRunner.java:261)
	at org.testng.SuiteRunnerWorker.runSuite(SuiteRunnerWorker.java:52)
	at org.testng.SuiteRunnerWorker.run(SuiteRunnerWorker.java:86)
	at org.testng.TestNG.runSuitesSequentially(TestNG.java:1215)
	at org.testng.TestNG.runSuitesLocally(TestNG.java:1140)
	at org.testng.TestNG.run(TestNG.java:1048)
	at org.testng.remote.AbstractRemoteTestNG.run(AbstractRemoteTestNG.java:132)
	at org.testng.remote.RemoteTestNG.initAndRun(RemoteTestNG.java:230)
	at org.testng.remote.RemoteTestNG.main(RemoteTestNG.java:76)
Caused by: org.openqa.selenium.WebDriverException: Session not found: ccc18c83-070e-45e7-ada8-da23bcb7b0bd
Build info: version: &apos;2.53.1&apos;, revision: &apos;a36b8b1&apos;, time: &apos;2016-06-30 17:37:03&apos;
System info: host: &apos;ep-cp-34&apos;, ip: &apos;192.168.3.245&apos;, os.name: &apos;Windows 7&apos;, os.arch: &apos;amd64&apos;, os.version: &apos;6.1&apos;, java.version: &apos;1.8.0_144&apos;
Driver info: driver.version: unknown
	at &lt;anonymous class&gt;.nsCommandProcessor.prototype.execute(file:///C:/Users/BHAWNA~1/AppData/Local/Temp/anonymous1429330007671885211webdriver-profile/extensions/fxdriver@googlecode.com/components/command-processor.js:12704)
	at &lt;anonymous class&gt;.Dispatcher.executeAs/&lt;(file:///C:/Users/BHAWNA~1/AppData/Local/Temp/anonymous1429330007671885211webdriver-profile/extensions/fxdriver@googlecode.com/components/driver-component.js:9558)
	at &lt;anonymous class&gt;.Resource.prototype.handle(file:///C:/Users/BHAWNA~1/AppData/Local/Temp/anonymous1429330007671885211webdriver-profile/extensions/fxdriver@googlecode.com/components/driver-component.js:9705)
	at &lt;anonymous class&gt;.Dispatcher.prototype.dispatch(file:///C:/Users/BHAWNA~1/AppData/Local/Temp/anonymous1429330007671885211webdriver-profile/extensions/fxdriver@googlecode.com/components/driver-component.js:9652)
	at &lt;anonymous class&gt;.WebDriverServer/&lt;.handle(file:///C:/Users/BHAWNA~1/AppData/Local/Temp/anonymous1429330007671885211webdriver-profile/extensions/fxdriver@googlecode.com/components/driver-component.js:12517)
	at &lt;anonymous class&gt;.createHandlerFunc/&lt;(file:///C:/Users/BHAWNA~1/AppData/Local/Temp/anonymous1429330007671885211webdriver-profile/extensions/fxdriver@googlecode.com/components/httpd.js:2054)
	at &lt;anonymous class&gt;.ServerHandler.prototype.handleResponse(file:///C:/Users/BHAWNA~1/AppData/Local/Temp/anonymous1429330007671885211webdriver-profile/extensions/fxdriver@googlecode.com/components/httpd.js:2387)
	at &lt;anonymous class&gt;.Connection.prototype.process(file:///C:/Users/BHAWNA~1/AppData/Local/Temp/anonymous1429330007671885211webdriver-profile/extensions/fxdriver@googlecode.com/components/httpd.js:1223)
	at &lt;anonymous class&gt;.RequestReader.prototype._handleResponse(file:///C:/Users/BHAWNA~1/AppData/Local/Temp/anonymous1429330007671885211webdriver-profile/extensions/fxdriver@googlecode.com/components/httpd.js:1677)
	at &lt;anonymous class&gt;.RequestReader.prototype._processBody(file:///C:/Users/BHAWNA~1/AppData/Local/Temp/anonymous1429330007671885211webdriver-profile/extensions/fxdriver@googlecode.com/components/httpd.js:1525)
	at &lt;anonymous class&gt;.RequestReader.prototype.onInputStreamReady(file:///C:/Users/BHAWNA~1/AppData/Local/Temp/anonymous1429330007671885211webdriver-profile/extensions/fxdriver@googlecode.com/components/httpd.js:1393)

</div> <!-- stack-trace -->
                  <em>
(Quotes page journey)                  </em>
                </div> <!-- method-content -->
              </div> <!-- method -->
              <div class="method">
                <div class="method-content">
                  <a name="QuotesBuyNow(Mr., abc, def, abc@gmail.com, 9889988998, Housewife, Single, 112. l block, Kotaaa, Rajasthan, 324001...)">
                  </a> <!-- QuotesBuyNow(Mr., abc, def, abc@gmail.com, 9889988998, Housewife, Single, 112. l block, Kotaaa, Rajasthan, 324001...) -->
                  <span class="method-name">QuotesBuyNow</span>
                  <span class="parameters">(Mr., abc, def, abc@gmail.com, 9889988998, Housewife, Single, 112. l block, Kotaaa, Rajasthan, 324001, 26, 09, 1952, Single, 75, 5, 7, No, No, Yes, XYZ, Mother)</span>
                  <div class="stack-trace">org.openqa.selenium.WebDriverException: Session not found: ccc18c83-070e-45e7-ada8-da23bcb7b0bd
Command duration or timeout: 15 milliseconds
Build info: version: &apos;2.53.1&apos;, revision: &apos;a36b8b1&apos;, time: &apos;2016-06-30 17:37:03&apos;
System info: host: &apos;ep-cp-34&apos;, ip: &apos;192.168.3.245&apos;, os.name: &apos;Windows 7&apos;, os.arch: &apos;amd64&apos;, os.version: &apos;6.1&apos;, java.version: &apos;1.8.0_144&apos;
Driver info: org.openqa.selenium.firefox.FirefoxDriver
Capabilities [{applicationCacheEnabled=true, rotatable=false, handlesAlerts=true, databaseEnabled=true, version=47.0.1, platform=WINDOWS, nativeEvents=false, acceptSslCerts=true, webStorageEnabled=true, locationContextEnabled=true, browserName=firefox, takesScreenshot=true, javascriptEnabled=true, cssSelectorsEnabled=true}]
Session ID: ccc18c83-070e-45e7-ada8-da23bcb7b0bd
*** Element info: {Using=xpath, value=(//span[text()=&apos;BUY NOW&apos;])[1]}
	at sun.reflect.NativeConstructorAccessorImpl.newInstance0(Native Method)
	at sun.reflect.NativeConstructorAccessorImpl.newInstance(NativeConstructorAccessorImpl.java:62)
	at sun.reflect.DelegatingConstructorAccessorImpl.newInstance(DelegatingConstructorAccessorImpl.java:45)
	at java.lang.reflect.Constructor.newInstance(Constructor.java:423)
	at org.openqa.selenium.remote.ErrorHandler.createThrowable(ErrorHandler.java:206)
	at org.openqa.selenium.remote.ErrorHandler.throwIfResponseFailed(ErrorHandler.java:158)
	at org.openqa.selenium.remote.RemoteWebDriver.execute(RemoteWebDriver.java:678)
	at org.openqa.selenium.remote.RemoteWebDriver.findElement(RemoteWebDriver.java:363)
	at org.openqa.selenium.remote.RemoteWebDriver.findElementByXPath(RemoteWebDriver.java:500)
	at org.openqa.selenium.By$ByXPath.findElement(By.java:361)
	at org.openqa.selenium.remote.RemoteWebDriver.findElement(RemoteWebDriver.java:355)
	at HealthProduct.HealthProductJourneyWithExcel.QuotesBuyNow(HealthProductJourneyWithExcel.java:391)
	at sun.reflect.NativeMethodAccessorImpl.invoke0(Native Method)
	at sun.reflect.NativeMethodAccessorImpl.invoke(NativeMethodAccessorImpl.java:62)
	at sun.reflect.DelegatingMethodAccessorImpl.invoke(DelegatingMethodAccessorImpl.java:43)
	at java.lang.reflect.Method.invoke(Method.java:498)
	at org.testng.internal.MethodInvocationHelper.invokeMethod(MethodInvocationHelper.java:85)
	at org.testng.internal.Invoker.invokeMethod(Invoker.java:639)
	at org.testng.internal.Invoker.invokeTestMethod(Invoker.java:816)
	at org.testng.internal.Invoker.invokeTestMethods(Invoker.java:1124)
	at org.testng.internal.TestMethodWorker.invokeTestMethods(TestMethodWorker.java:125)
	at org.testng.internal.TestMethodWorker.run(TestMethodWorker.java:108)
	at org.testng.TestRunner.privateRun(TestRunner.java:774)
	at org.testng.TestRunner.run(TestRunner.java:624)
	at org.testng.SuiteRunner.runTest(SuiteRunner.java:359)
	at org.testng.SuiteRunner.runSequentially(SuiteRunner.java:354)
	at org.testng.SuiteRunner.privateRun(SuiteRunner.java:312)
	at org.testng.SuiteRunner.run(SuiteRunner.java:261)
	at org.testng.SuiteRunnerWorker.runSuite(SuiteRunnerWorker.java:52)
	at org.testng.SuiteRunnerWorker.run(SuiteRunnerWorker.java:86)
	at org.testng.TestNG.runSuitesSequentially(TestNG.java:1215)
	at org.testng.TestNG.runSuitesLocally(TestNG.java:1140)
	at org.testng.TestNG.run(TestNG.java:1048)
	at org.testng.remote.AbstractRemoteTestNG.run(AbstractRemoteTestNG.java:132)
	at org.testng.remote.RemoteTestNG.initAndRun(RemoteTestNG.java:230)
	at org.testng.remote.RemoteTestNG.main(RemoteTestNG.java:76)
Caused by: org.openqa.selenium.WebDriverException: Session not found: ccc18c83-070e-45e7-ada8-da23bcb7b0bd
Build info: version: &apos;2.53.1&apos;, revision: &apos;a36b8b1&apos;, time: &apos;2016-06-30 17:37:03&apos;
System info: host: &apos;ep-cp-34&apos;, ip: &apos;192.168.3.245&apos;, os.name: &apos;Windows 7&apos;, os.arch: &apos;amd64&apos;, os.version: &apos;6.1&apos;, java.version: &apos;1.8.0_144&apos;
Driver info: driver.version: unknown
	at &lt;anonymous class&gt;.nsCommandProcessor.prototype.execute(file:///C:/Users/BHAWNA~1/AppData/Local/Temp/anonymous1429330007671885211webdriver-profile/extensions/fxdriver@googlecode.com/components/command-processor.js:12704)
	at &lt;anonymous class&gt;.Dispatcher.executeAs/&lt;(file:///C:/Users/BHAWNA~1/AppData/Local/Temp/anonymous1429330007671885211webdriver-profile/extensions/fxdriver@googlecode.com/components/driver-component.js:9558)
	at &lt;anonymous class&gt;.Resource.prototype.handle(file:///C:/Users/BHAWNA~1/AppData/Local/Temp/anonymous1429330007671885211webdriver-profile/extensions/fxdriver@googlecode.com/components/driver-component.js:9705)
	at &lt;anonymous class&gt;.Dispatcher.prototype.dispatch(file:///C:/Users/BHAWNA~1/AppData/Local/Temp/anonymous1429330007671885211webdriver-profile/extensions/fxdriver@googlecode.com/components/driver-component.js:9652)
	at &lt;anonymous class&gt;.WebDriverServer/&lt;.handle(file:///C:/Users/BHAWNA~1/AppData/Local/Temp/anonymous1429330007671885211webdriver-profile/extensions/fxdriver@googlecode.com/components/driver-component.js:12517)
	at &lt;anonymous class&gt;.createHandlerFunc/&lt;(file:///C:/Users/BHAWNA~1/AppData/Local/Temp/anonymous1429330007671885211webdriver-profile/extensions/fxdriver@googlecode.com/components/httpd.js:2054)
	at &lt;anonymous class&gt;.ServerHandler.prototype.handleResponse(file:///C:/Users/BHAWNA~1/AppData/Local/Temp/anonymous1429330007671885211webdriver-profile/extensions/fxdriver@googlecode.com/components/httpd.js:2387)
	at &lt;anonymous class&gt;.Connection.prototype.process(file:///C:/Users/BHAWNA~1/AppData/Local/Temp/anonymous1429330007671885211webdriver-profile/extensions/fxdriver@googlecode.com/components/httpd.js:1223)
	at &lt;anonymous class&gt;.RequestReader.prototype._handleResponse(file:///C:/Users/BHAWNA~1/AppData/Local/Temp/anonymous1429330007671885211webdriver-profile/extensions/fxdriver@googlecode.com/components/httpd.js:1677)
	at &lt;anonymous class&gt;.RequestReader.prototype._processBody(file:///C:/Users/BHAWNA~1/AppData/Local/Temp/anonymous1429330007671885211webdriver-profile/extensions/fxdriver@googlecode.com/components/httpd.js:1525)
	at &lt;anonymous class&gt;.RequestReader.prototype.onInputStreamReady(file:///C:/Users/BHAWNA~1/AppData/Local/Temp/anonymous1429330007671885211webdriver-profile/extensions/fxdriver@googlecode.com/components/httpd.js:1393)

</div> <!-- stack-trace -->
                  <em>
(Quotes page journey)                  </em>
                </div> <!-- method-content -->
              </div> <!-- method -->
              <div class="method">
                <div class="method-content">
                  <a name="QuotesBuyNow(Mr., abc, def, abc@gmail.com, 9889988998, Accountant, Single, CH/KG 2 KAVI NAGAR, Ghaziabad, Ghaziab...)">
                  </a> <!-- QuotesBuyNow(Mr., abc, def, abc@gmail.com, 9889988998, Accountant, Single, CH/KG 2 KAVI NAGAR, Ghaziabad, Ghaziab...) -->
                  <span class="method-name">QuotesBuyNow</span>
                  <span class="parameters">(Mr., abc, def, abc@gmail.com, 9889988998, Accountant, Single, CH/KG 2 KAVI NAGAR, Ghaziabad, Ghaziabad, 201002, 25, 05, 1987, Single, 56, 5, 2, No, No, Yes, XYZ, Brother)</span>
                  <div class="stack-trace">org.openqa.selenium.WebDriverException: Session not found: ccc18c83-070e-45e7-ada8-da23bcb7b0bd
Command duration or timeout: 13 milliseconds
Build info: version: &apos;2.53.1&apos;, revision: &apos;a36b8b1&apos;, time: &apos;2016-06-30 17:37:03&apos;
System info: host: &apos;ep-cp-34&apos;, ip: &apos;192.168.3.245&apos;, os.name: &apos;Windows 7&apos;, os.arch: &apos;amd64&apos;, os.version: &apos;6.1&apos;, java.version: &apos;1.8.0_144&apos;
Driver info: org.openqa.selenium.firefox.FirefoxDriver
Capabilities [{applicationCacheEnabled=true, rotatable=false, handlesAlerts=true, databaseEnabled=true, version=47.0.1, platform=WINDOWS, nativeEvents=false, acceptSslCerts=true, webStorageEnabled=true, locationContextEnabled=true, browserName=firefox, takesScreenshot=true, javascriptEnabled=true, cssSelectorsEnabled=true}]
Session ID: ccc18c83-070e-45e7-ada8-da23bcb7b0bd
*** Element info: {Using=xpath, value=(//span[text()=&apos;BUY NOW&apos;])[1]}
	at sun.reflect.NativeConstructorAccessorImpl.newInstance0(Native Method)
	at sun.reflect.NativeConstructorAccessorImpl.newInstance(NativeConstructorAccessorImpl.java:62)
	at sun.reflect.DelegatingConstructorAccessorImpl.newInstance(DelegatingConstructorAccessorImpl.java:45)
	at java.lang.reflect.Constructor.newInstance(Constructor.java:423)
	at org.openqa.selenium.remote.ErrorHandler.createThrowable(ErrorHandler.java:206)
	at org.openqa.selenium.remote.ErrorHandler.throwIfResponseFailed(ErrorHandler.java:158)
	at org.openqa.selenium.remote.RemoteWebDriver.execute(RemoteWebDriver.java:678)
	at org.openqa.selenium.remote.RemoteWebDriver.findElement(RemoteWebDriver.java:363)
	at org.openqa.selenium.remote.RemoteWebDriver.findElementByXPath(RemoteWebDriver.java:500)
	at org.openqa.selenium.By$ByXPath.findElement(By.java:361)
	at org.openqa.selenium.remote.RemoteWebDriver.findElement(RemoteWebDriver.java:355)
	at HealthProduct.HealthProductJourneyWithExcel.QuotesBuyNow(HealthProductJourneyWithExcel.java:391)
	at sun.reflect.NativeMethodAccessorImpl.invoke0(Native Method)
	at sun.reflect.NativeMethodAccessorImpl.invoke(NativeMethodAccessorImpl.java:62)
	at sun.reflect.DelegatingMethodAccessorImpl.invoke(DelegatingMethodAccessorImpl.java:43)
	at java.lang.reflect.Method.invoke(Method.java:498)
	at org.testng.internal.MethodInvocationHelper.invokeMethod(MethodInvocationHelper.java:85)
	at org.testng.internal.Invoker.invokeMethod(Invoker.java:639)
	at org.testng.internal.Invoker.invokeTestMethod(Invoker.java:816)
	at org.testng.internal.Invoker.invokeTestMethods(Invoker.java:1124)
	at org.testng.internal.TestMethodWorker.invokeTestMethods(TestMethodWorker.java:125)
	at org.testng.internal.TestMethodWorker.run(TestMethodWorker.java:108)
	at org.testng.TestRunner.privateRun(TestRunner.java:774)
	at org.testng.TestRunner.run(TestRunner.java:624)
	at org.testng.SuiteRunner.runTest(SuiteRunner.java:359)
	at org.testng.SuiteRunner.runSequentially(SuiteRunner.java:354)
	at org.testng.SuiteRunner.privateRun(SuiteRunner.java:312)
	at org.testng.SuiteRunner.run(SuiteRunner.java:261)
	at org.testng.SuiteRunnerWorker.runSuite(SuiteRunnerWorker.java:52)
	at org.testng.SuiteRunnerWorker.run(SuiteRunnerWorker.java:86)
	at org.testng.TestNG.runSuitesSequentially(TestNG.java:1215)
	at org.testng.TestNG.runSuitesLocally(TestNG.java:1140)
	at org.testng.TestNG.run(TestNG.java:1048)
	at org.testng.remote.AbstractRemoteTestNG.run(AbstractRemoteTestNG.java:132)
	at org.testng.remote.RemoteTestNG.initAndRun(RemoteTestNG.java:230)
	at org.testng.remote.RemoteTestNG.main(RemoteTestNG.java:76)
Caused by: org.openqa.selenium.WebDriverException: Session not found: ccc18c83-070e-45e7-ada8-da23bcb7b0bd
Build info: version: &apos;2.53.1&apos;, revision: &apos;a36b8b1&apos;, time: &apos;2016-06-30 17:37:03&apos;
System info: host: &apos;ep-cp-34&apos;, ip: &apos;192.168.3.245&apos;, os.name: &apos;Windows 7&apos;, os.arch: &apos;amd64&apos;, os.version: &apos;6.1&apos;, java.version: &apos;1.8.0_144&apos;
Driver info: driver.version: unknown
	at &lt;anonymous class&gt;.nsCommandProcessor.prototype.execute(file:///C:/Users/BHAWNA~1/AppData/Local/Temp/anonymous1429330007671885211webdriver-profile/extensions/fxdriver@googlecode.com/components/command-processor.js:12704)
	at &lt;anonymous class&gt;.Dispatcher.executeAs/&lt;(file:///C:/Users/BHAWNA~1/AppData/Local/Temp/anonymous1429330007671885211webdriver-profile/extensions/fxdriver@googlecode.com/components/driver-component.js:9558)
	at &lt;anonymous class&gt;.Resource.prototype.handle(file:///C:/Users/BHAWNA~1/AppData/Local/Temp/anonymous1429330007671885211webdriver-profile/extensions/fxdriver@googlecode.com/components/driver-component.js:9705)
	at &lt;anonymous class&gt;.Dispatcher.prototype.dispatch(file:///C:/Users/BHAWNA~1/AppData/Local/Temp/anonymous1429330007671885211webdriver-profile/extensions/fxdriver@googlecode.com/components/driver-component.js:9652)
	at &lt;anonymous class&gt;.WebDriverServer/&lt;.handle(file:///C:/Users/BHAWNA~1/AppData/Local/Temp/anonymous1429330007671885211webdriver-profile/extensions/fxdriver@googlecode.com/components/driver-component.js:12517)
	at &lt;anonymous class&gt;.createHandlerFunc/&lt;(file:///C:/Users/BHAWNA~1/AppData/Local/Temp/anonymous1429330007671885211webdriver-profile/extensions/fxdriver@googlecode.com/components/httpd.js:2054)
	at &lt;anonymous class&gt;.ServerHandler.prototype.handleResponse(file:///C:/Users/BHAWNA~1/AppData/Local/Temp/anonymous1429330007671885211webdriver-profile/extensions/fxdriver@googlecode.com/components/httpd.js:2387)
	at &lt;anonymous class&gt;.Connection.prototype.process(file:///C:/Users/BHAWNA~1/AppData/Local/Temp/anonymous1429330007671885211webdriver-profile/extensions/fxdriver@googlecode.com/components/httpd.js:1223)
	at &lt;anonymous class&gt;.RequestReader.prototype._handleResponse(file:///C:/Users/BHAWNA~1/AppData/Local/Temp/anonymous1429330007671885211webdriver-profile/extensions/fxdriver@googlecode.com/components/httpd.js:1677)
	at &lt;anonymous class&gt;.RequestReader.prototype._processBody(file:///C:/Users/BHAWNA~1/AppData/Local/Temp/anonymous1429330007671885211webdriver-profile/extensions/fxdriver@googlecode.com/components/httpd.js:1525)
	at &lt;anonymous class&gt;.RequestReader.prototype.onInputStreamReady(file:///C:/Users/BHAWNA~1/AppData/Local/Temp/anonymous1429330007671885211webdriver-profile/extensions/fxdriver@googlecode.com/components/httpd.js:1393)

</div> <!-- stack-trace -->
                  <em>
(Quotes page journey)                  </em>
                </div> <!-- method-content -->
              </div> <!-- method -->
              <div class="method">
                <div class="method-content">
                  <a name="QuotesBuyNow(Mr., abc, def, abc@gmail.com, 9889988998, Government Employed, Single, flat no. 78, firdt floor,, bh...)">
                  </a> <!-- QuotesBuyNow(Mr., abc, def, abc@gmail.com, 9889988998, Government Employed, Single, flat no. 78, firdt floor,, bh...) -->
                  <span class="method-name">QuotesBuyNow</span>
                  <span class="parameters">(Mr., abc, def, abc@gmail.com, 9889988998, Government Employed, Single, flat no. 78, firdt floor,, bhojpur, Bihar, 823001, 30, 12, 1975, Single, 72, 5, 8, No, No, Yes, XYZ, Father)</span>
                  <div class="stack-trace">org.openqa.selenium.WebDriverException: Session not found: ccc18c83-070e-45e7-ada8-da23bcb7b0bd
Command duration or timeout: 16 milliseconds
Build info: version: &apos;2.53.1&apos;, revision: &apos;a36b8b1&apos;, time: &apos;2016-06-30 17:37:03&apos;
System info: host: &apos;ep-cp-34&apos;, ip: &apos;192.168.3.245&apos;, os.name: &apos;Windows 7&apos;, os.arch: &apos;amd64&apos;, os.version: &apos;6.1&apos;, java.version: &apos;1.8.0_144&apos;
Driver info: org.openqa.selenium.firefox.FirefoxDriver
Capabilities [{applicationCacheEnabled=true, rotatable=false, handlesAlerts=true, databaseEnabled=true, version=47.0.1, platform=WINDOWS, nativeEvents=false, acceptSslCerts=true, webStorageEnabled=true, locationContextEnabled=true, browserName=firefox, takesScreenshot=true, javascriptEnabled=true, cssSelectorsEnabled=true}]
Session ID: ccc18c83-070e-45e7-ada8-da23bcb7b0bd
*** Element info: {Using=xpath, value=(//span[text()=&apos;BUY NOW&apos;])[1]}
	at sun.reflect.NativeConstructorAccessorImpl.newInstance0(Native Method)
	at sun.reflect.NativeConstructorAccessorImpl.newInstance(NativeConstructorAccessorImpl.java:62)
	at sun.reflect.DelegatingConstructorAccessorImpl.newInstance(DelegatingConstructorAccessorImpl.java:45)
	at java.lang.reflect.Constructor.newInstance(Constructor.java:423)
	at org.openqa.selenium.remote.ErrorHandler.createThrowable(ErrorHandler.java:206)
	at org.openqa.selenium.remote.ErrorHandler.throwIfResponseFailed(ErrorHandler.java:158)
	at org.openqa.selenium.remote.RemoteWebDriver.execute(RemoteWebDriver.java:678)
	at org.openqa.selenium.remote.RemoteWebDriver.findElement(RemoteWebDriver.java:363)
	at org.openqa.selenium.remote.RemoteWebDriver.findElementByXPath(RemoteWebDriver.java:500)
	at org.openqa.selenium.By$ByXPath.findElement(By.java:361)
	at org.openqa.selenium.remote.RemoteWebDriver.findElement(RemoteWebDriver.java:355)
	at HealthProduct.HealthProductJourneyWithExcel.QuotesBuyNow(HealthProductJourneyWithExcel.java:391)
	at sun.reflect.NativeMethodAccessorImpl.invoke0(Native Method)
	at sun.reflect.NativeMethodAccessorImpl.invoke(NativeMethodAccessorImpl.java:62)
	at sun.reflect.DelegatingMethodAccessorImpl.invoke(DelegatingMethodAccessorImpl.java:43)
	at java.lang.reflect.Method.invoke(Method.java:498)
	at org.testng.internal.MethodInvocationHelper.invokeMethod(MethodInvocationHelper.java:85)
	at org.testng.internal.Invoker.invokeMethod(Invoker.java:639)
	at org.testng.internal.Invoker.invokeTestMethod(Invoker.java:816)
	at org.testng.internal.Invoker.invokeTestMethods(Invoker.java:1124)
	at org.testng.internal.TestMethodWorker.invokeTestMethods(TestMethodWorker.java:125)
	at org.testng.internal.TestMethodWorker.run(TestMethodWorker.java:108)
	at org.testng.TestRunner.privateRun(TestRunner.java:774)
	at org.testng.TestRunner.run(TestRunner.java:624)
	at org.testng.SuiteRunner.runTest(SuiteRunner.java:359)
	at org.testng.SuiteRunner.runSequentially(SuiteRunner.java:354)
	at org.testng.SuiteRunner.privateRun(SuiteRunner.java:312)
	at org.testng.SuiteRunner.run(SuiteRunner.java:261)
	at org.testng.SuiteRunnerWorker.runSuite(SuiteRunnerWorker.java:52)
	at org.testng.SuiteRunnerWorker.run(SuiteRunnerWorker.java:86)
	at org.testng.TestNG.runSuitesSequentially(TestNG.java:1215)
	at org.testng.TestNG.runSuitesLocally(TestNG.java:1140)
	at org.testng.TestNG.run(TestNG.java:1048)
	at org.testng.remote.AbstractRemoteTestNG.run(AbstractRemoteTestNG.java:132)
	at org.testng.remote.RemoteTestNG.initAndRun(RemoteTestNG.java:230)
	at org.testng.remote.RemoteTestNG.main(RemoteTestNG.java:76)
Caused by: org.openqa.selenium.WebDriverException: Session not found: ccc18c83-070e-45e7-ada8-da23bcb7b0bd
Build info: version: &apos;2.53.1&apos;, revision: &apos;a36b8b1&apos;, time: &apos;2016-06-30 17:37:03&apos;
System info: host: &apos;ep-cp-34&apos;, ip: &apos;192.168.3.245&apos;, os.name: &apos;Windows 7&apos;, os.arch: &apos;amd64&apos;, os.version: &apos;6.1&apos;, java.version: &apos;1.8.0_144&apos;
Driver info: driver.version: unknown
	at &lt;anonymous class&gt;.nsCommandProcessor.prototype.execute(file:///C:/Users/BHAWNA~1/AppData/Local/Temp/anonymous1429330007671885211webdriver-profile/extensions/fxdriver@googlecode.com/components/command-processor.js:12704)
	at &lt;anonymous class&gt;.Dispatcher.executeAs/&lt;(file:///C:/Users/BHAWNA~1/AppData/Local/Temp/anonymous1429330007671885211webdriver-profile/extensions/fxdriver@googlecode.com/components/driver-component.js:9558)
	at &lt;anonymous class&gt;.Resource.prototype.handle(file:///C:/Users/BHAWNA~1/AppData/Local/Temp/anonymous1429330007671885211webdriver-profile/extensions/fxdriver@googlecode.com/components/driver-component.js:9705)
	at &lt;anonymous class&gt;.Dispatcher.prototype.dispatch(file:///C:/Users/BHAWNA~1/AppData/Local/Temp/anonymous1429330007671885211webdriver-profile/extensions/fxdriver@googlecode.com/components/driver-component.js:9652)
	at &lt;anonymous class&gt;.WebDriverServer/&lt;.handle(file:///C:/Users/BHAWNA~1/AppData/Local/Temp/anonymous1429330007671885211webdriver-profile/extensions/fxdriver@googlecode.com/components/driver-component.js:12517)
	at &lt;anonymous class&gt;.createHandlerFunc/&lt;(file:///C:/Users/BHAWNA~1/AppData/Local/Temp/anonymous1429330007671885211webdriver-profile/extensions/fxdriver@googlecode.com/components/httpd.js:2054)
	at &lt;anonymous class&gt;.ServerHandler.prototype.handleResponse(file:///C:/Users/BHAWNA~1/AppData/Local/Temp/anonymous1429330007671885211webdriver-profile/extensions/fxdriver@googlecode.com/components/httpd.js:2387)
	at &lt;anonymous class&gt;.Connection.prototype.process(file:///C:/Users/BHAWNA~1/AppData/Local/Temp/anonymous1429330007671885211webdriver-profile/extensions/fxdriver@googlecode.com/components/httpd.js:1223)
	at &lt;anonymous class&gt;.RequestReader.prototype._handleResponse(file:///C:/Users/BHAWNA~1/AppData/Local/Temp/anonymous1429330007671885211webdriver-profile/extensions/fxdriver@googlecode.com/components/httpd.js:1677)
	at &lt;anonymous class&gt;.RequestReader.prototype._processBody(file:///C:/Users/BHAWNA~1/AppData/Local/Temp/anonymous1429330007671885211webdriver-profile/extensions/fxdriver@googlecode.com/components/httpd.js:1525)
	at &lt;anonymous class&gt;.RequestReader.prototype.onInputStreamReady(file:///C:/Users/BHAWNA~1/AppData/Local/Temp/anonymous1429330007671885211webdriver-profile/extensions/fxdriver@googlecode.com/components/httpd.js:1393)

</div> <!-- stack-trace -->
                  <em>
(Quotes page journey)                  </em>
                </div> <!-- method-content -->
              </div> <!-- method -->
              <div class="method">
                <div class="method-content">
                  <a name="QuotesBuyNow(Mr., abc, def, abc@gmail.com, 9889988998, Government Employed, Single, flat no. 78, firdt floor,, bh...)">
                  </a> <!-- QuotesBuyNow(Mr., abc, def, abc@gmail.com, 9889988998, Government Employed, Single, flat no. 78, firdt floor,, bh...) -->
                  <span class="method-name">QuotesBuyNow</span>
                  <span class="parameters">(Mr., abc, def, abc@gmail.com, 9889988998, Government Employed, Single, flat no. 78, firdt floor,, bhojpur, Bihar, 823001, 30, 12, 1975, Single, 72, 5, 8, No, No, Yes, XYZ, Father)</span>
                  <div class="stack-trace">org.openqa.selenium.WebDriverException: Session not found: ccc18c83-070e-45e7-ada8-da23bcb7b0bd
Command duration or timeout: 11 milliseconds
Build info: version: &apos;2.53.1&apos;, revision: &apos;a36b8b1&apos;, time: &apos;2016-06-30 17:37:03&apos;
System info: host: &apos;ep-cp-34&apos;, ip: &apos;192.168.3.245&apos;, os.name: &apos;Windows 7&apos;, os.arch: &apos;amd64&apos;, os.version: &apos;6.1&apos;, java.version: &apos;1.8.0_144&apos;
Driver info: org.openqa.selenium.firefox.FirefoxDriver
Capabilities [{applicationCacheEnabled=true, rotatable=false, handlesAlerts=true, databaseEnabled=true, version=47.0.1, platform=WINDOWS, nativeEvents=false, acceptSslCerts=true, webStorageEnabled=true, locationContextEnabled=true, browserName=firefox, takesScreenshot=true, javascriptEnabled=true, cssSelectorsEnabled=true}]
Session ID: ccc18c83-070e-45e7-ada8-da23bcb7b0bd
*** Element info: {Using=xpath, value=(//span[text()=&apos;BUY NOW&apos;])[1]}
	at sun.reflect.NativeConstructorAccessorImpl.newInstance0(Native Method)
	at sun.reflect.NativeConstructorAccessorImpl.newInstance(NativeConstructorAccessorImpl.java:62)
	at sun.reflect.DelegatingConstructorAccessorImpl.newInstance(DelegatingConstructorAccessorImpl.java:45)
	at java.lang.reflect.Constructor.newInstance(Constructor.java:423)
	at org.openqa.selenium.remote.ErrorHandler.createThrowable(ErrorHandler.java:206)
	at org.openqa.selenium.remote.ErrorHandler.throwIfResponseFailed(ErrorHandler.java:158)
	at org.openqa.selenium.remote.RemoteWebDriver.execute(RemoteWebDriver.java:678)
	at org.openqa.selenium.remote.RemoteWebDriver.findElement(RemoteWebDriver.java:363)
	at org.openqa.selenium.remote.RemoteWebDriver.findElementByXPath(RemoteWebDriver.java:500)
	at org.openqa.selenium.By$ByXPath.findElement(By.java:361)
	at org.openqa.selenium.remote.RemoteWebDriver.findElement(RemoteWebDriver.java:355)
	at HealthProduct.HealthProductJourneyWithExcel.QuotesBuyNow(HealthProductJourneyWithExcel.java:391)
	at sun.reflect.NativeMethodAccessorImpl.invoke0(Native Method)
	at sun.reflect.NativeMethodAccessorImpl.invoke(NativeMethodAccessorImpl.java:62)
	at sun.reflect.DelegatingMethodAccessorImpl.invoke(DelegatingMethodAccessorImpl.java:43)
	at java.lang.reflect.Method.invoke(Method.java:498)
	at org.testng.internal.MethodInvocationHelper.invokeMethod(MethodInvocationHelper.java:85)
	at org.testng.internal.Invoker.invokeMethod(Invoker.java:639)
	at org.testng.internal.Invoker.invokeTestMethod(Invoker.java:816)
	at org.testng.internal.Invoker.invokeTestMethods(Invoker.java:1124)
	at org.testng.internal.TestMethodWorker.invokeTestMethods(TestMethodWorker.java:125)
	at org.testng.internal.TestMethodWorker.run(TestMethodWorker.java:108)
	at org.testng.TestRunner.privateRun(TestRunner.java:774)
	at org.testng.TestRunner.run(TestRunner.java:624)
	at org.testng.SuiteRunner.runTest(SuiteRunner.java:359)
	at org.testng.SuiteRunner.runSequentially(SuiteRunner.java:354)
	at org.testng.SuiteRunner.privateRun(SuiteRunner.java:312)
	at org.testng.SuiteRunner.run(SuiteRunner.java:261)
	at org.testng.SuiteRunnerWorker.runSuite(SuiteRunnerWorker.java:52)
	at org.testng.SuiteRunnerWorker.run(SuiteRunnerWorker.java:86)
	at org.testng.TestNG.runSuitesSequentially(TestNG.java:1215)
	at org.testng.TestNG.runSuitesLocally(TestNG.java:1140)
	at org.testng.TestNG.run(TestNG.java:1048)
	at org.testng.remote.AbstractRemoteTestNG.run(AbstractRemoteTestNG.java:132)
	at org.testng.remote.RemoteTestNG.initAndRun(RemoteTestNG.java:230)
	at org.testng.remote.RemoteTestNG.main(RemoteTestNG.java:76)
Caused by: org.openqa.selenium.WebDriverException: Session not found: ccc18c83-070e-45e7-ada8-da23bcb7b0bd
Build info: version: &apos;2.53.1&apos;, revision: &apos;a36b8b1&apos;, time: &apos;2016-06-30 17:37:03&apos;
System info: host: &apos;ep-cp-34&apos;, ip: &apos;192.168.3.245&apos;, os.name: &apos;Windows 7&apos;, os.arch: &apos;amd64&apos;, os.version: &apos;6.1&apos;, java.version: &apos;1.8.0_144&apos;
Driver info: driver.version: unknown
	at &lt;anonymous class&gt;.nsCommandProcessor.prototype.execute(file:///C:/Users/BHAWNA~1/AppData/Local/Temp/anonymous1429330007671885211webdriver-profile/extensions/fxdriver@googlecode.com/components/command-processor.js:12704)
	at &lt;anonymous class&gt;.Dispatcher.executeAs/&lt;(file:///C:/Users/BHAWNA~1/AppData/Local/Temp/anonymous1429330007671885211webdriver-profile/extensions/fxdriver@googlecode.com/components/driver-component.js:9558)
	at &lt;anonymous class&gt;.Resource.prototype.handle(file:///C:/Users/BHAWNA~1/AppData/Local/Temp/anonymous1429330007671885211webdriver-profile/extensions/fxdriver@googlecode.com/components/driver-component.js:9705)
	at &lt;anonymous class&gt;.Dispatcher.prototype.dispatch(file:///C:/Users/BHAWNA~1/AppData/Local/Temp/anonymous1429330007671885211webdriver-profile/extensions/fxdriver@googlecode.com/components/driver-component.js:9652)
	at &lt;anonymous class&gt;.WebDriverServer/&lt;.handle(file:///C:/Users/BHAWNA~1/AppData/Local/Temp/anonymous1429330007671885211webdriver-profile/extensions/fxdriver@googlecode.com/components/driver-component.js:12517)
	at &lt;anonymous class&gt;.createHandlerFunc/&lt;(file:///C:/Users/BHAWNA~1/AppData/Local/Temp/anonymous1429330007671885211webdriver-profile/extensions/fxdriver@googlecode.com/components/httpd.js:2054)
	at &lt;anonymous class&gt;.ServerHandler.prototype.handleResponse(file:///C:/Users/BHAWNA~1/AppData/Local/Temp/anonymous1429330007671885211webdriver-profile/extensions/fxdriver@googlecode.com/components/httpd.js:2387)
	at &lt;anonymous class&gt;.Connection.prototype.process(file:///C:/Users/BHAWNA~1/AppData/Local/Temp/anonymous1429330007671885211webdriver-profile/extensions/fxdriver@googlecode.com/components/httpd.js:1223)
	at &lt;anonymous class&gt;.RequestReader.prototype._handleResponse(file:///C:/Users/BHAWNA~1/AppData/Local/Temp/anonymous1429330007671885211webdriver-profile/extensions/fxdriver@googlecode.com/components/httpd.js:1677)
	at &lt;anonymous class&gt;.RequestReader.prototype._processBody(file:///C:/Users/BHAWNA~1/AppData/Local/Temp/anonymous1429330007671885211webdriver-profile/extensions/fxdriver@googlecode.com/components/httpd.js:1525)
	at &lt;anonymous class&gt;.RequestReader.prototype.onInputStreamReady(file:///C:/Users/BHAWNA~1/AppData/Local/Temp/anonymous1429330007671885211webdriver-profile/extensions/fxdriver@googlecode.com/components/httpd.js:1393)

</div> <!-- stack-trace -->
                  <em>
(Quotes page journey)                  </em>
                </div> <!-- method-content -->
              </div> <!-- method -->
              <div class="method">
                <div class="method-content">
                  <a name="QuotesBuyNow(Mr., abc, def, abc@gmail.com, 9889988998, Accountant, Single, CH/KG 2 KAVI NAGAR, Ghaziabad, Ghaziab...)">
                  </a> <!-- QuotesBuyNow(Mr., abc, def, abc@gmail.com, 9889988998, Accountant, Single, CH/KG 2 KAVI NAGAR, Ghaziabad, Ghaziab...) -->
                  <span class="method-name">QuotesBuyNow</span>
                  <span class="parameters">(Mr., abc, def, abc@gmail.com, 9889988998, Accountant, Single, CH/KG 2 KAVI NAGAR, Ghaziabad, Ghaziabad, 201002, 25, 05, 1987, Single, 56, 5, 2, No, No, Yes, XYZ, Brother)</span>
                  <div class="stack-trace">org.openqa.selenium.WebDriverException: Session not found: ccc18c83-070e-45e7-ada8-da23bcb7b0bd
Command duration or timeout: 28 milliseconds
Build info: version: &apos;2.53.1&apos;, revision: &apos;a36b8b1&apos;, time: &apos;2016-06-30 17:37:03&apos;
System info: host: &apos;ep-cp-34&apos;, ip: &apos;192.168.3.245&apos;, os.name: &apos;Windows 7&apos;, os.arch: &apos;amd64&apos;, os.version: &apos;6.1&apos;, java.version: &apos;1.8.0_144&apos;
Driver info: org.openqa.selenium.firefox.FirefoxDriver
Capabilities [{applicationCacheEnabled=true, rotatable=false, handlesAlerts=true, databaseEnabled=true, version=47.0.1, platform=WINDOWS, nativeEvents=false, acceptSslCerts=true, webStorageEnabled=true, locationContextEnabled=true, browserName=firefox, takesScreenshot=true, javascriptEnabled=true, cssSelectorsEnabled=true}]
Session ID: ccc18c83-070e-45e7-ada8-da23bcb7b0bd
*** Element info: {Using=xpath, value=(//span[text()=&apos;BUY NOW&apos;])[1]}
	at sun.reflect.NativeConstructorAccessorImpl.newInstance0(Native Method)
	at sun.reflect.NativeConstructorAccessorImpl.newInstance(NativeConstructorAccessorImpl.java:62)
	at sun.reflect.DelegatingConstructorAccessorImpl.newInstance(DelegatingConstructorAccessorImpl.java:45)
	at java.lang.reflect.Constructor.newInstance(Constructor.java:423)
	at org.openqa.selenium.remote.ErrorHandler.createThrowable(ErrorHandler.java:206)
	at org.openqa.selenium.remote.ErrorHandler.throwIfResponseFailed(ErrorHandler.java:158)
	at org.openqa.selenium.remote.RemoteWebDriver.execute(RemoteWebDriver.java:678)
	at org.openqa.selenium.remote.RemoteWebDriver.findElement(RemoteWebDriver.java:363)
	at org.openqa.selenium.remote.RemoteWebDriver.findElementByXPath(RemoteWebDriver.java:500)
	at org.openqa.selenium.By$ByXPath.findElement(By.java:361)
	at org.openqa.selenium.remote.RemoteWebDriver.findElement(RemoteWebDriver.java:355)
	at HealthProduct.HealthProductJourneyWithExcel.QuotesBuyNow(HealthProductJourneyWithExcel.java:391)
	at sun.reflect.NativeMethodAccessorImpl.invoke0(Native Method)
	at sun.reflect.NativeMethodAccessorImpl.invoke(NativeMethodAccessorImpl.java:62)
	at sun.reflect.DelegatingMethodAccessorImpl.invoke(DelegatingMethodAccessorImpl.java:43)
	at java.lang.reflect.Method.invoke(Method.java:498)
	at org.testng.internal.MethodInvocationHelper.invokeMethod(MethodInvocationHelper.java:85)
	at org.testng.internal.Invoker.invokeMethod(Invoker.java:639)
	at org.testng.internal.Invoker.invokeTestMethod(Invoker.java:816)
	at org.testng.internal.Invoker.invokeTestMethods(Invoker.java:1124)
	at org.testng.internal.TestMethodWorker.invokeTestMethods(TestMethodWorker.java:125)
	at org.testng.internal.TestMethodWorker.run(TestMethodWorker.java:108)
	at org.testng.TestRunner.privateRun(TestRunner.java:774)
	at org.testng.TestRunner.run(TestRunner.java:624)
	at org.testng.SuiteRunner.runTest(SuiteRunner.java:359)
	at org.testng.SuiteRunner.runSequentially(SuiteRunner.java:354)
	at org.testng.SuiteRunner.privateRun(SuiteRunner.java:312)
	at org.testng.SuiteRunner.run(SuiteRunner.java:261)
	at org.testng.SuiteRunnerWorker.runSuite(SuiteRunnerWorker.java:52)
	at org.testng.SuiteRunnerWorker.run(SuiteRunnerWorker.java:86)
	at org.testng.TestNG.runSuitesSequentially(TestNG.java:1215)
	at org.testng.TestNG.runSuitesLocally(TestNG.java:1140)
	at org.testng.TestNG.run(TestNG.java:1048)
	at org.testng.remote.AbstractRemoteTestNG.run(AbstractRemoteTestNG.java:132)
	at org.testng.remote.RemoteTestNG.initAndRun(RemoteTestNG.java:230)
	at org.testng.remote.RemoteTestNG.main(RemoteTestNG.java:76)
Caused by: org.openqa.selenium.WebDriverException: Session not found: ccc18c83-070e-45e7-ada8-da23bcb7b0bd
Build info: version: &apos;2.53.1&apos;, revision: &apos;a36b8b1&apos;, time: &apos;2016-06-30 17:37:03&apos;
System info: host: &apos;ep-cp-34&apos;, ip: &apos;192.168.3.245&apos;, os.name: &apos;Windows 7&apos;, os.arch: &apos;amd64&apos;, os.version: &apos;6.1&apos;, java.version: &apos;1.8.0_144&apos;
Driver info: driver.version: unknown
	at &lt;anonymous class&gt;.nsCommandProcessor.prototype.execute(file:///C:/Users/BHAWNA~1/AppData/Local/Temp/anonymous1429330007671885211webdriver-profile/extensions/fxdriver@googlecode.com/components/command-processor.js:12704)
	at &lt;anonymous class&gt;.Dispatcher.executeAs/&lt;(file:///C:/Users/BHAWNA~1/AppData/Local/Temp/anonymous1429330007671885211webdriver-profile/extensions/fxdriver@googlecode.com/components/driver-component.js:9558)
	at &lt;anonymous class&gt;.Resource.prototype.handle(file:///C:/Users/BHAWNA~1/AppData/Local/Temp/anonymous1429330007671885211webdriver-profile/extensions/fxdriver@googlecode.com/components/driver-component.js:9705)
	at &lt;anonymous class&gt;.Dispatcher.prototype.dispatch(file:///C:/Users/BHAWNA~1/AppData/Local/Temp/anonymous1429330007671885211webdriver-profile/extensions/fxdriver@googlecode.com/components/driver-component.js:9652)
	at &lt;anonymous class&gt;.WebDriverServer/&lt;.handle(file:///C:/Users/BHAWNA~1/AppData/Local/Temp/anonymous1429330007671885211webdriver-profile/extensions/fxdriver@googlecode.com/components/driver-component.js:12517)
	at &lt;anonymous class&gt;.createHandlerFunc/&lt;(file:///C:/Users/BHAWNA~1/AppData/Local/Temp/anonymous1429330007671885211webdriver-profile/extensions/fxdriver@googlecode.com/components/httpd.js:2054)
	at &lt;anonymous class&gt;.ServerHandler.prototype.handleResponse(file:///C:/Users/BHAWNA~1/AppData/Local/Temp/anonymous1429330007671885211webdriver-profile/extensions/fxdriver@googlecode.com/components/httpd.js:2387)
	at &lt;anonymous class&gt;.Connection.prototype.process(file:///C:/Users/BHAWNA~1/AppData/Local/Temp/anonymous1429330007671885211webdriver-profile/extensions/fxdriver@googlecode.com/components/httpd.js:1223)
	at &lt;anonymous class&gt;.RequestReader.prototype._handleResponse(file:///C:/Users/BHAWNA~1/AppData/Local/Temp/anonymous1429330007671885211webdriver-profile/extensions/fxdriver@googlecode.com/components/httpd.js:1677)
	at &lt;anonymous class&gt;.RequestReader.prototype._processBody(file:///C:/Users/BHAWNA~1/AppData/Local/Temp/anonymous1429330007671885211webdriver-profile/extensions/fxdriver@googlecode.com/components/httpd.js:1525)
	at &lt;anonymous class&gt;.RequestReader.prototype.onInputStreamReady(file:///C:/Users/BHAWNA~1/AppData/Local/Temp/anonymous1429330007671885211webdriver-profile/extensions/fxdriver@googlecode.com/components/httpd.js:1393)

</div> <!-- stack-trace -->
                  <em>
(Quotes page journey)                  </em>
                </div> <!-- method-content -->
              </div> <!-- method -->
            </div> <!-- main-panel-content rounded-window-bottom -->
          </div> <!-- suite-Default_suite-class-failed -->
        </div> <!-- panel Default_suite -->
        <div panel-name="test-xml-Default_suite" class="panel">
          <div class="main-panel-header rounded-window-top">
            <span class="header-content">C:\Users\Bhawna Pal\AppData\Local\Temp\testng-eclipse-1805315911\testng-customsuite.xml</span>
          </div> <!-- main-panel-header rounded-window-top -->
          <div class="main-panel-content rounded-window-bottom">
            <pre>
&lt;?xml version=&quot;1.0&quot; encoding=&quot;UTF-8&quot;?&gt;
&lt;!DOCTYPE suite SYSTEM &quot;http://testng.org/testng-1.0.dtd&quot;&gt;
&lt;suite guice-stage=&quot;DEVELOPMENT&quot; name=&quot;Default suite&quot;&gt;
  &lt;test verbose=&quot;2&quot; name=&quot;Default test&quot;&gt;
    &lt;classes&gt;
      &lt;class name=&quot;HealthProduct.HealthProductJourneyWithExcel&quot;/&gt;
    &lt;/classes&gt;
  &lt;/test&gt; &lt;!-- Default test --&gt;
&lt;/suite&gt; &lt;!-- Default suite --&gt;
            </pre>
          </div> <!-- main-panel-content rounded-window-bottom -->
        </div> <!-- panel -->
        <div panel-name="testlist-Default_suite" class="panel">
          <div class="main-panel-header rounded-window-top">
            <span class="header-content">Tests for Default suite</span>
          </div> <!-- main-panel-header rounded-window-top -->
          <div class="main-panel-content rounded-window-bottom">
            <ul>
              <li>
                <span class="test-name">Default test (1 class)</span>
              </li>
            </ul>
          </div> <!-- main-panel-content rounded-window-bottom -->
        </div> <!-- panel -->
        <div panel-name="group-Default_suite" class="panel">
          <div class="main-panel-header rounded-window-top">
            <span class="header-content">Groups for Default suite</span>
          </div> <!-- main-panel-header rounded-window-top -->
          <div class="main-panel-content rounded-window-bottom">
          </div> <!-- main-panel-content rounded-window-bottom -->
        </div> <!-- panel -->
        <div panel-name="times-Default_suite" class="panel">
          <div class="main-panel-header rounded-window-top">
            <span class="header-content">Times for Default suite</span>
          </div> <!-- main-panel-header rounded-window-top -->
          <div class="main-panel-content rounded-window-bottom">
            <div class="times-div">
              <script type="text/javascript">
suiteTableInitFunctions.push('tableData_Default_suite');
function tableData_Default_suite() {
var data = new google.visualization.DataTable();
data.addColumn('number', 'Number');
data.addColumn('string', 'Method');
data.addColumn('string', 'Class');
data.addColumn('number', 'Time (ms)');
data.addRows(17);
data.setCell(0, 0, 0)
data.setCell(0, 1, 'CustomerPopup')
data.setCell(0, 2, 'HealthProduct.HealthProductJourneyWithExcel')
data.setCell(0, 3, 10088);
data.setCell(1, 0, 1)
data.setCell(1, 1, 'CustomerEmail')
data.setCell(1, 2, 'HealthProduct.HealthProductJourneyWithExcel')
data.setCell(1, 3, 5172);
data.setCell(2, 0, 2)
data.setCell(2, 1, 'CustomerProceed')
data.setCell(2, 2, 'HealthProduct.HealthProductJourneyWithExcel')
data.setCell(2, 3, 5090);
data.setCell(3, 0, 3)
data.setCell(3, 1, 'LaunchWebsite')
data.setCell(3, 2, 'HealthProduct.HealthProductJourneyWithExcel')
data.setCell(3, 3, 3528);
data.setCell(4, 0, 4)
data.setCell(4, 1, 'City')
data.setCell(4, 2, 'HealthProduct.HealthProductJourneyWithExcel')
data.setCell(4, 3, 1172);
data.setCell(5, 0, 5)
data.setCell(5, 1, 'EldestMember')
data.setCell(5, 2, 'HealthProduct.HealthProductJourneyWithExcel')
data.setCell(5, 3, 1108);
data.setCell(6, 0, 6)
data.setCell(6, 1, 'Adult')
data.setCell(6, 2, 'HealthProduct.HealthProductJourneyWithExcel')
data.setCell(6, 3, 1090);
data.setCell(7, 0, 7)
data.setCell(7, 1, 'FillLoginDetails')
data.setCell(7, 2, 'HealthProduct.HealthProductJourneyWithExcel')
data.setCell(7, 3, 1035);
data.setCell(8, 0, 8)
data.setCell(8, 1, 'DOB')
data.setCell(8, 2, 'HealthProduct.HealthProductJourneyWithExcel')
data.setCell(8, 3, 1005);
data.setCell(9, 0, 9)
data.setCell(9, 1, 'Child')
data.setCell(9, 2, 'HealthProduct.HealthProductJourneyWithExcel')
data.setCell(9, 3, 1004);
data.setCell(10, 0, 10)
data.setCell(10, 1, 'QuotesBuyNow')
data.setCell(10, 2, 'HealthProduct.HealthProductJourneyWithExcel')
data.setCell(10, 3, 33);
data.setCell(11, 0, 11)
data.setCell(11, 1, 'GetLiveQuotes')
data.setCell(11, 2, 'HealthProduct.HealthProductJourneyWithExcel')
data.setCell(11, 3, 31);
data.setCell(12, 0, 12)
data.setCell(12, 1, 'QuotesBuyNow')
data.setCell(12, 2, 'HealthProduct.HealthProductJourneyWithExcel')
data.setCell(12, 3, 26);
data.setCell(13, 0, 13)
data.setCell(13, 1, 'QuotesBuyNow')
data.setCell(13, 2, 'HealthProduct.HealthProductJourneyWithExcel')
data.setCell(13, 3, 20);
data.setCell(14, 0, 14)
data.setCell(14, 1, 'QuotesBuyNow')
data.setCell(14, 2, 'HealthProduct.HealthProductJourneyWithExcel')
data.setCell(14, 3, 18);
data.setCell(15, 0, 15)
data.setCell(15, 1, 'QuotesBuyNow')
data.setCell(15, 2, 'HealthProduct.HealthProductJourneyWithExcel')
data.setCell(15, 3, 15);
data.setCell(16, 0, 16)
data.setCell(16, 1, 'QuotesBuyNow')
data.setCell(16, 2, 'HealthProduct.HealthProductJourneyWithExcel')
data.setCell(16, 3, 15);
window.suiteTableData['Default_suite']= { tableData: data, tableDiv: 'times-div-Default_suite'}
return data;
}
              </script>
              <span class="suite-total-time">Total running time: 30 seconds</span>
              <div id="times-div-Default_suite">
              </div> <!-- times-div-Default_suite -->
            </div> <!-- times-div -->
          </div> <!-- main-panel-content rounded-window-bottom -->
        </div> <!-- panel -->
        <div panel-name="reporter-Default_suite" class="panel">
          <div class="main-panel-header rounded-window-top">
            <span class="header-content">Reporter output for Default suite</span>
          </div> <!-- main-panel-header rounded-window-top -->
          <div class="main-panel-content rounded-window-bottom">
          </div> <!-- main-panel-content rounded-window-bottom -->
        </div> <!-- panel -->
        <div panel-name="ignored-methods-Default_suite" class="panel">
          <div class="main-panel-header rounded-window-top">
            <span class="header-content">0 ignored methods</span>
          </div> <!-- main-panel-header rounded-window-top -->
          <div class="main-panel-content rounded-window-bottom">
          </div> <!-- main-panel-content rounded-window-bottom -->
        </div> <!-- panel -->
        <div panel-name="chronological-Default_suite" class="panel">
          <div class="main-panel-header rounded-window-top">
            <span class="header-content">Methods in chronological order</span>
          </div> <!-- main-panel-header rounded-window-top -->
          <div class="main-panel-content rounded-window-bottom">
            <div class="chronological-class">
              <div class="chronological-class-name">HealthProduct.HealthProductJourneyWithExcel</div> <!-- chronological-class-name -->
              <div class="configuration-class before">
                <span class="method-name">suiteSetUp</span>
                <span class="method-start">0 ms</span>
              </div> <!-- configuration-class before -->
              <div class="test-method">
                <img src="failed.png">
                </img>
                <span class="method-name">CustomerEmail</span>
                <span class="method-start">11603 ms</span>
              </div> <!-- test-method -->
              <div class="configuration-method after">
                <span class="method-name">getResult([TestResult name=CustomerEmail status=FAILURE method=HealthProductJourneyWithExcel.CustomerEmail()[p...)</span>
                <span class="method-start">16782 ms</span>
              </div> <!-- configuration-method after -->
              <div class="test-method">
                <img src="failed.png">
                </img>
                <span class="method-name">CustomerPopup</span>
                <span class="method-start">16798 ms</span>
              </div> <!-- test-method -->
              <div class="configuration-method after">
                <span class="method-name">getResult([TestResult name=CustomerPopup status=FAILURE method=HealthProductJourneyWithExcel.CustomerPopup()[p...)</span>
                <span class="method-start">26890 ms</span>
              </div> <!-- configuration-method after -->
              <div class="test-method">
                <img src="failed.png">
                </img>
                <span class="method-name">CustomerProceed</span>
                <span class="method-start">26896 ms</span>
              </div> <!-- test-method -->
              <div class="configuration-method after">
                <span class="method-name">getResult([TestResult name=CustomerProceed status=FAILURE method=HealthProductJourneyWithExcel.CustomerProceed...)</span>
                <span class="method-start">31992 ms</span>
              </div> <!-- configuration-method after -->
              <div class="test-method">
                <img src="failed.png">
                </img>
                <span class="method-name">LaunchWebsite</span>
                <span class="method-start">31998 ms</span>
              </div> <!-- test-method -->
              <div class="configuration-method after">
                <span class="method-name">getResult([TestResult name=LaunchWebsite status=FAILURE method=HealthProductJourneyWithExcel.LaunchWebsite()[p...)</span>
                <span class="method-start">35528 ms</span>
              </div> <!-- configuration-method after -->
              <div class="test-method">
                <img src="failed.png">
                </img>
                <span class="method-name">FillLoginDetails</span>
                <span class="method-start">35539 ms</span>
              </div> <!-- test-method -->
              <div class="configuration-method after">
                <span class="method-name">getResult([TestResult name=FillLoginDetails status=FAILURE method=HealthProductJourneyWithExcel.FillLoginDetai...)</span>
                <span class="method-start">36576 ms</span>
              </div> <!-- configuration-method after -->
              <div class="test-method">
                <img src="failed.png">
                </img>
                <span class="method-name">Adult</span>
                <span class="method-start">36577 ms</span>
              </div> <!-- test-method -->
              <div class="configuration-method after">
                <span class="method-name">getResult([TestResult name=Adult status=FAILURE method=HealthProductJourneyWithExcel.Adult()[pri:3, instance:H...)</span>
                <span class="method-start">37671 ms</span>
              </div> <!-- configuration-method after -->
              <div class="test-method">
                <img src="failed.png">
                </img>
                <span class="method-name">Child</span>
                <span class="method-start">37673 ms</span>
              </div> <!-- test-method -->
              <div class="configuration-method after">
                <span class="method-name">getResult([TestResult name=Child status=FAILURE method=HealthProductJourneyWithExcel.Child()[pri:4, instance:H...)</span>
                <span class="method-start">38680 ms</span>
              </div> <!-- configuration-method after -->
              <div class="test-method">
                <img src="failed.png">
                </img>
                <span class="method-name">DOB</span>
                <span class="method-start">38681 ms</span>
              </div> <!-- test-method -->
              <div class="configuration-method after">
                <span class="method-name">getResult([TestResult name=DOB status=FAILURE method=HealthProductJourneyWithExcel.DOB()[pri:5, instance:Healt...)</span>
                <span class="method-start">39693 ms</span>
              </div> <!-- configuration-method after -->
              <div class="test-method">
                <img src="failed.png">
                </img>
                <span class="method-name">EldestMember</span>
                <span class="method-start">39717 ms</span>
              </div> <!-- test-method -->
              <div class="configuration-method after">
                <span class="method-name">getResult([TestResult name=EldestMember status=FAILURE method=HealthProductJourneyWithExcel.EldestMember()[pri...)</span>
                <span class="method-start">40826 ms</span>
              </div> <!-- configuration-method after -->
              <div class="test-method">
                <img src="failed.png">
                </img>
                <span class="method-name">City</span>
                <span class="method-start">40836 ms</span>
              </div> <!-- test-method -->
              <div class="configuration-method after">
                <span class="method-name">getResult([TestResult name=City status=FAILURE method=HealthProductJourneyWithExcel.City()[pri:7, instance:Hea...)</span>
                <span class="method-start">42009 ms</span>
              </div> <!-- configuration-method after -->
              <div class="test-method">
                <img src="failed.png">
                </img>
                <span class="method-name">GetLiveQuotes</span>
                <span class="method-start">42010 ms</span>
              </div> <!-- test-method -->
              <div class="configuration-method after">
                <span class="method-name">getResult([TestResult name=GetLiveQuotes status=FAILURE method=HealthProductJourneyWithExcel.GetLiveQuotes()[p...)</span>
                <span class="method-start">42044 ms</span>
              </div> <!-- configuration-method after -->
              <div class="test-method">
                <img src="failed.png">
                </img>
                <span class="method-name">QuotesBuyNow(Mr., abc, def, abc@gmail.com, 9889988998, Accountant, Single, CH/KG 2 KAVI NAGAR, Ghaziabad, Ghaziab...)</span>
                <span class="method-start">45841 ms</span>
              </div> <!-- test-method -->
              <div class="configuration-method after">
                <span class="method-name">getResult([TestResult name=QuotesBuyNow status=FAILURE method=HealthProductJourneyWithExcel.QuotesBuyNow(java....)</span>
                <span class="method-start">45878 ms</span>
              </div> <!-- configuration-method after -->
              <div class="test-method">
                <img src="failed.png">
                </img>
                <span class="method-name">QuotesBuyNow(Mr., abc, def, abc@gmail.com, 9889988998, Government Employed, Single, flat no. 78, firdt floor,, bh...)</span>
                <span class="method-start">45889 ms</span>
              </div> <!-- test-method -->
              <div class="configuration-method after">
                <span class="method-name">getResult([TestResult name=QuotesBuyNow status=FAILURE method=HealthProductJourneyWithExcel.QuotesBuyNow(java....)</span>
                <span class="method-start">45912 ms</span>
              </div> <!-- configuration-method after -->
              <div class="test-method">
                <img src="failed.png">
                </img>
                <span class="method-name">QuotesBuyNow(Mr., abc, def, abc@gmail.com, 9889988998, Housewife, Single, 112. l block, Kotaaa, Rajasthan, 324001...)</span>
                <span class="method-start">45918 ms</span>
              </div> <!-- test-method -->
              <div class="configuration-method after">
                <span class="method-name">getResult([TestResult name=QuotesBuyNow status=FAILURE method=HealthProductJourneyWithExcel.QuotesBuyNow(java....)</span>
                <span class="method-start">45952 ms</span>
              </div> <!-- configuration-method after -->
              <div class="test-method">
                <img src="failed.png">
                </img>
                <span class="method-name">QuotesBuyNow(Mr., abc, def, abc@gmail.com, 9889988998, Accountant, Single, CH/KG 2 KAVI NAGAR, Ghaziabad, Ghaziab...)</span>
                <span class="method-start">46954 ms</span>
              </div> <!-- test-method -->
              <div class="configuration-method after">
                <span class="method-name">getResult([TestResult name=QuotesBuyNow status=FAILURE method=HealthProductJourneyWithExcel.QuotesBuyNow(java....)</span>
                <span class="method-start">46979 ms</span>
              </div> <!-- configuration-method after -->
              <div class="test-method">
                <img src="failed.png">
                </img>
                <span class="method-name">QuotesBuyNow(Mr., abc, def, abc@gmail.com, 9889988998, Government Employed, Single, flat no. 78, firdt floor,, bh...)</span>
                <span class="method-start">46986 ms</span>
              </div> <!-- test-method -->
              <div class="configuration-method after">
                <span class="method-name">getResult([TestResult name=QuotesBuyNow status=FAILURE method=HealthProductJourneyWithExcel.QuotesBuyNow(java....)</span>
                <span class="method-start">47006 ms</span>
              </div> <!-- configuration-method after -->
              <div class="test-method">
                <img src="failed.png">
                </img>
                <span class="method-name">QuotesBuyNow(Mr., abc, def, abc@gmail.com, 9889988998, Housewife, Single, 112. l block, Kotaaa, Rajasthan, 324001...)</span>
                <span class="method-start">47009 ms</span>
              </div> <!-- test-method -->
              <div class="configuration-method after">
                <span class="method-name">getResult([TestResult name=QuotesBuyNow status=FAILURE method=HealthProductJourneyWithExcel.QuotesBuyNow(java....)</span>
                <span class="method-start">47044 ms</span>
              </div> <!-- configuration-method after -->
              <div class="configuration-class after">
                <img src="failed.png">
                </img>
                <span class="method-name">suiteTearDown</span>
                <span class="method-start">47046 ms</span>
              </div> <!-- configuration-class after -->
          </div> <!-- main-panel-content rounded-window-bottom -->
        </div> <!-- panel -->
      </div> <!-- main-panel-root -->
    </div> <!-- wrapper -->
  </body>
</html>
