<?xml version="1.0" encoding="UTF-8"?>
<testng-results skipped="0" failed="17" total="17" passed="0">
  <reporter-output>
  </reporter-output>
  <suite name="Default suite" duration-ms="55492" started-at="2017-09-05T06:17:54Z" finished-at="2017-09-05T06:18:50Z">
    <groups>
    </groups>
    <test name="Default test" duration-ms="55492" started-at="2017-09-05T06:17:54Z" finished-at="2017-09-05T06:18:50Z">
      <class name="HealthProduct.HealthProductJourneyWithExcel">
        <test-method status="PASS" signature="suiteSetUp()[pri:0, instance:HealthProduct.HealthProductJourneyWithExcel@4c70fda8]" name="suiteSetUp" is-config="true" duration-ms="11600" started-at="2017-09-05T11:47:54Z" finished-at="2017-09-05T11:48:06Z">
          <reporter-output>
          </reporter-output>
        </test-method> <!-- suiteSetUp -->
        <test-method status="FAIL" signature="CustomerEmail()[pri:0, instance:HealthProduct.HealthProductJourneyWithExcel@4c70fda8]" name="CustomerEmail" duration-ms="5172" started-at="2017-09-05T11:48:06Z" description="Fill Customer Email in Customer Popup" finished-at="2017-09-05T11:48:11Z">
          <exception class="java.lang.AssertionError">
            <message>
              <![CDATA[expected [true] but found [false]]]>
            </message>
            <full-stacktrace>
              <![CDATA[java.lang.AssertionError: expected [true] but found [false]
	at org.testng.Assert.fail(Assert.java:94)
	at org.testng.Assert.failNotEquals(Assert.java:496)
	at org.testng.Assert.assertTrue(Assert.java:42)
	at org.testng.Assert.assertTrue(Assert.java:52)
	at HealthProduct.HealthProductJourneyWithExcel.CustomerEmail(HealthProductJourneyWithExcel.java:335)
	at sun.reflect.NativeMethodAccessorImpl.invoke0(Native Method)
	at sun.reflect.NativeMethodAccessorImpl.invoke(NativeMethodAccessorImpl.java:62)
	at sun.reflect.DelegatingMethodAccessorImpl.invoke(DelegatingMethodAccessorImpl.java:43)
	at java.lang.reflect.Method.invoke(Method.java:498)
	at org.testng.internal.MethodInvocationHelper.invokeMethod(MethodInvocationHelper.java:85)
	at org.testng.internal.Invoker.invokeMethod(Invoker.java:639)
	at org.testng.internal.Invoker.invokeTestMethod(Invoker.java:816)
	at org.testng.internal.Invoker.invokeTestMethods(Invoker.java:1124)
	at org.testng.internal.TestMethodWorker.invokeTestMethods(TestMethodWorker.java:125)
	at org.testng.internal.TestMethodWorker.run(TestMethodWorker.java:108)
	at org.testng.TestRunner.privateRun(TestRunner.java:774)
	at org.testng.TestRunner.run(TestRunner.java:624)
	at org.testng.SuiteRunner.runTest(SuiteRunner.java:359)
	at org.testng.SuiteRunner.runSequentially(SuiteRunner.java:354)
	at org.testng.SuiteRunner.privateRun(SuiteRunner.java:312)
	at org.testng.SuiteRunner.run(SuiteRunner.java:261)
	at org.testng.SuiteRunnerWorker.runSuite(SuiteRunnerWorker.java:52)
	at org.testng.SuiteRunnerWorker.run(SuiteRunnerWorker.java:86)
	at org.testng.TestNG.runSuitesSequentially(TestNG.java:1215)
	at org.testng.TestNG.runSuitesLocally(TestNG.java:1140)
	at org.testng.TestNG.run(TestNG.java:1048)
	at org.testng.remote.AbstractRemoteTestNG.run(AbstractRemoteTestNG.java:132)
	at org.testng.remote.RemoteTestNG.initAndRun(RemoteTestNG.java:230)
	at org.testng.remote.RemoteTestNG.main(RemoteTestNG.java:76)
]]>
            </full-stacktrace>
          </exception> <!-- java.lang.AssertionError -->
          <reporter-output>
          </reporter-output>
        </test-method> <!-- CustomerEmail -->
        <test-method status="PASS" signature="getResult(org.testng.ITestResult)[pri:0, instance:HealthProduct.HealthProductJourneyWithExcel@4c70fda8]" name="getResult" is-config="true" duration-ms="15" started-at="2017-09-05T11:48:11Z" finished-at="2017-09-05T11:48:11Z">
          <params>
            <param index="0">
              <value>
                <![CDATA[[TestResult name=CustomerEmail status=FAILURE method=HealthProductJourneyWithExcel.CustomerEmail()[pri:0, instance:HealthProduct.HealthProductJourneyWithExcel@4c70fda8] output={null}]]]>
              </value>
            </param>
          </params>
          <reporter-output>
          </reporter-output>
        </test-method> <!-- getResult -->
        <test-method status="FAIL" signature="CustomerPopup()[pri:0, instance:HealthProduct.HealthProductJourneyWithExcel@4c70fda8]" name="CustomerPopup" duration-ms="10088" started-at="2017-09-05T11:48:11Z" description="Fill Customer Name in Customer Popup" finished-at="2017-09-05T11:48:21Z">
          <exception class="java.lang.AssertionError">
            <message>
              <![CDATA[expected [true] but found [false]]]>
            </message>
            <full-stacktrace>
              <![CDATA[java.lang.AssertionError: expected [true] but found [false]
	at org.testng.Assert.fail(Assert.java:94)
	at org.testng.Assert.failNotEquals(Assert.java:496)
	at org.testng.Assert.assertTrue(Assert.java:42)
	at org.testng.Assert.assertTrue(Assert.java:52)
	at HealthProduct.HealthProductJourneyWithExcel.CustomerPopup(HealthProductJourneyWithExcel.java:312)
	at sun.reflect.NativeMethodAccessorImpl.invoke0(Native Method)
	at sun.reflect.NativeMethodAccessorImpl.invoke(NativeMethodAccessorImpl.java:62)
	at sun.reflect.DelegatingMethodAccessorImpl.invoke(DelegatingMethodAccessorImpl.java:43)
	at java.lang.reflect.Method.invoke(Method.java:498)
	at org.testng.internal.MethodInvocationHelper.invokeMethod(MethodInvocationHelper.java:85)
	at org.testng.internal.Invoker.invokeMethod(Invoker.java:639)
	at org.testng.internal.Invoker.invokeTestMethod(Invoker.java:816)
	at org.testng.internal.Invoker.invokeTestMethods(Invoker.java:1124)
	at org.testng.internal.TestMethodWorker.invokeTestMethods(TestMethodWorker.java:125)
	at org.testng.internal.TestMethodWorker.run(TestMethodWorker.java:108)
	at org.testng.TestRunner.privateRun(TestRunner.java:774)
	at org.testng.TestRunner.run(TestRunner.java:624)
	at org.testng.SuiteRunner.runTest(SuiteRunner.java:359)
	at org.testng.SuiteRunner.runSequentially(SuiteRunner.java:354)
	at org.testng.SuiteRunner.privateRun(SuiteRunner.java:312)
	at org.testng.SuiteRunner.run(SuiteRunner.java:261)
	at org.testng.SuiteRunnerWorker.runSuite(SuiteRunnerWorker.java:52)
	at org.testng.SuiteRunnerWorker.run(SuiteRunnerWorker.java:86)
	at org.testng.TestNG.runSuitesSequentially(TestNG.java:1215)
	at org.testng.TestNG.runSuitesLocally(TestNG.java:1140)
	at org.testng.TestNG.run(TestNG.java:1048)
	at org.testng.remote.AbstractRemoteTestNG.run(AbstractRemoteTestNG.java:132)
	at org.testng.remote.RemoteTestNG.initAndRun(RemoteTestNG.java:230)
	at org.testng.remote.RemoteTestNG.main(RemoteTestNG.java:76)
]]>
            </full-stacktrace>
          </exception> <!-- java.lang.AssertionError -->
          <reporter-output>
          </reporter-output>
        </test-method> <!-- CustomerPopup -->
        <test-method status="PASS" signature="getResult(org.testng.ITestResult)[pri:0, instance:HealthProduct.HealthProductJourneyWithExcel@4c70fda8]" name="getResult" is-config="true" duration-ms="5" started-at="2017-09-05T11:48:21Z" finished-at="2017-09-05T11:48:21Z">
          <params>
            <param index="0">
              <value>
                <![CDATA[[TestResult name=CustomerPopup status=FAILURE method=HealthProductJourneyWithExcel.CustomerPopup()[pri:0, instance:HealthProduct.HealthProductJourneyWithExcel@4c70fda8] output={null}]]]>
              </value>
            </param>
          </params>
          <reporter-output>
          </reporter-output>
        </test-method> <!-- getResult -->
        <test-method status="FAIL" signature="CustomerProceed()[pri:0, instance:HealthProduct.HealthProductJourneyWithExcel@4c70fda8]" name="CustomerProceed" duration-ms="5090" started-at="2017-09-05T11:48:21Z" description="Click Proceed button on Customer Popup" finished-at="2017-09-05T11:48:26Z">
          <exception class="java.lang.AssertionError">
            <message>
              <![CDATA[expected [true] but found [false]]]>
            </message>
            <full-stacktrace>
              <![CDATA[java.lang.AssertionError: expected [true] but found [false]
	at org.testng.Assert.fail(Assert.java:94)
	at org.testng.Assert.failNotEquals(Assert.java:496)
	at org.testng.Assert.assertTrue(Assert.java:42)
	at org.testng.Assert.assertTrue(Assert.java:52)
	at HealthProduct.HealthProductJourneyWithExcel.CustomerProceed(HealthProductJourneyWithExcel.java:381)
	at sun.reflect.NativeMethodAccessorImpl.invoke0(Native Method)
	at sun.reflect.NativeMethodAccessorImpl.invoke(NativeMethodAccessorImpl.java:62)
	at sun.reflect.DelegatingMethodAccessorImpl.invoke(DelegatingMethodAccessorImpl.java:43)
	at java.lang.reflect.Method.invoke(Method.java:498)
	at org.testng.internal.MethodInvocationHelper.invokeMethod(MethodInvocationHelper.java:85)
	at org.testng.internal.Invoker.invokeMethod(Invoker.java:639)
	at org.testng.internal.Invoker.invokeTestMethod(Invoker.java:816)
	at org.testng.internal.Invoker.invokeTestMethods(Invoker.java:1124)
	at org.testng.internal.TestMethodWorker.invokeTestMethods(TestMethodWorker.java:125)
	at org.testng.internal.TestMethodWorker.run(TestMethodWorker.java:108)
	at org.testng.TestRunner.privateRun(TestRunner.java:774)
	at org.testng.TestRunner.run(TestRunner.java:624)
	at org.testng.SuiteRunner.runTest(SuiteRunner.java:359)
	at org.testng.SuiteRunner.runSequentially(SuiteRunner.java:354)
	at org.testng.SuiteRunner.privateRun(SuiteRunner.java:312)
	at org.testng.SuiteRunner.run(SuiteRunner.java:261)
	at org.testng.SuiteRunnerWorker.runSuite(SuiteRunnerWorker.java:52)
	at org.testng.SuiteRunnerWorker.run(SuiteRunnerWorker.java:86)
	at org.testng.TestNG.runSuitesSequentially(TestNG.java:1215)
	at org.testng.TestNG.runSuitesLocally(TestNG.java:1140)
	at org.testng.TestNG.run(TestNG.java:1048)
	at org.testng.remote.AbstractRemoteTestNG.run(AbstractRemoteTestNG.java:132)
	at org.testng.remote.RemoteTestNG.initAndRun(RemoteTestNG.java:230)
	at org.testng.remote.RemoteTestNG.main(RemoteTestNG.java:76)
]]>
            </full-stacktrace>
          </exception> <!-- java.lang.AssertionError -->
          <reporter-output>
          </reporter-output>
        </test-method> <!-- CustomerProceed -->
        <test-method status="PASS" signature="getResult(org.testng.ITestResult)[pri:0, instance:HealthProduct.HealthProductJourneyWithExcel@4c70fda8]" name="getResult" is-config="true" duration-ms="5" started-at="2017-09-05T11:48:26Z" finished-at="2017-09-05T11:48:26Z">
          <params>
            <param index="0">
              <value>
                <![CDATA[[TestResult name=CustomerProceed status=FAILURE method=HealthProductJourneyWithExcel.CustomerProceed()[pri:0, instance:HealthProduct.HealthProductJourneyWithExcel@4c70fda8] output={null}]]]>
              </value>
            </param>
          </params>
          <reporter-output>
          </reporter-output>
        </test-method> <!-- getResult -->
        <test-method status="FAIL" signature="LaunchWebsite()[pri:1, instance:HealthProduct.HealthProductJourneyWithExcel@4c70fda8]" name="LaunchWebsite" duration-ms="3528" started-at="2017-09-05T11:48:26Z" description="Open Easypolicy Website for health Product Journey" finished-at="2017-09-05T11:48:30Z">
          <exception class="java.lang.AssertionError">
            <message>
              <![CDATA[expected [true] but found [false]]]>
            </message>
            <full-stacktrace>
              <![CDATA[java.lang.AssertionError: expected [true] but found [false]
	at org.testng.Assert.fail(Assert.java:94)
	at org.testng.Assert.failNotEquals(Assert.java:496)
	at org.testng.Assert.assertTrue(Assert.java:42)
	at org.testng.Assert.assertTrue(Assert.java:52)
	at HealthProduct.HealthProductJourneyWithExcel.LaunchWebsite(HealthProductJourneyWithExcel.java:99)
	at sun.reflect.NativeMethodAccessorImpl.invoke0(Native Method)
	at sun.reflect.NativeMethodAccessorImpl.invoke(NativeMethodAccessorImpl.java:62)
	at sun.reflect.DelegatingMethodAccessorImpl.invoke(DelegatingMethodAccessorImpl.java:43)
	at java.lang.reflect.Method.invoke(Method.java:498)
	at org.testng.internal.MethodInvocationHelper.invokeMethod(MethodInvocationHelper.java:85)
	at org.testng.internal.Invoker.invokeMethod(Invoker.java:639)
	at org.testng.internal.Invoker.invokeTestMethod(Invoker.java:816)
	at org.testng.internal.Invoker.invokeTestMethods(Invoker.java:1124)
	at org.testng.internal.TestMethodWorker.invokeTestMethods(TestMethodWorker.java:125)
	at org.testng.internal.TestMethodWorker.run(TestMethodWorker.java:108)
	at org.testng.TestRunner.privateRun(TestRunner.java:774)
	at org.testng.TestRunner.run(TestRunner.java:624)
	at org.testng.SuiteRunner.runTest(SuiteRunner.java:359)
	at org.testng.SuiteRunner.runSequentially(SuiteRunner.java:354)
	at org.testng.SuiteRunner.privateRun(SuiteRunner.java:312)
	at org.testng.SuiteRunner.run(SuiteRunner.java:261)
	at org.testng.SuiteRunnerWorker.runSuite(SuiteRunnerWorker.java:52)
	at org.testng.SuiteRunnerWorker.run(SuiteRunnerWorker.java:86)
	at org.testng.TestNG.runSuitesSequentially(TestNG.java:1215)
	at org.testng.TestNG.runSuitesLocally(TestNG.java:1140)
	at org.testng.TestNG.run(TestNG.java:1048)
	at org.testng.remote.AbstractRemoteTestNG.run(AbstractRemoteTestNG.java:132)
	at org.testng.remote.RemoteTestNG.initAndRun(RemoteTestNG.java:230)
	at org.testng.remote.RemoteTestNG.main(RemoteTestNG.java:76)
]]>
            </full-stacktrace>
          </exception> <!-- java.lang.AssertionError -->
          <reporter-output>
          </reporter-output>
        </test-method> <!-- LaunchWebsite -->
        <test-method status="PASS" signature="getResult(org.testng.ITestResult)[pri:0, instance:HealthProduct.HealthProductJourneyWithExcel@4c70fda8]" name="getResult" is-config="true" duration-ms="11" started-at="2017-09-05T11:48:30Z" finished-at="2017-09-05T11:48:30Z">
          <params>
            <param index="0">
              <value>
                <![CDATA[[TestResult name=LaunchWebsite status=FAILURE method=HealthProductJourneyWithExcel.LaunchWebsite()[pri:1, instance:HealthProduct.HealthProductJourneyWithExcel@4c70fda8] output={null}]]]>
              </value>
            </param>
          </params>
          <reporter-output>
          </reporter-output>
        </test-method> <!-- getResult -->
        <test-method status="FAIL" signature="FillLoginDetails()[pri:2, instance:HealthProduct.HealthProductJourneyWithExcel@4c70fda8]" name="FillLoginDetails" duration-ms="1035" started-at="2017-09-05T11:48:30Z" description="Click on Health product link " finished-at="2017-09-05T11:48:31Z">
          <exception class="java.lang.AssertionError">
            <message>
              <![CDATA[expected [true] but found [false]]]>
            </message>
            <full-stacktrace>
              <![CDATA[java.lang.AssertionError: expected [true] but found [false]
	at org.testng.Assert.fail(Assert.java:94)
	at org.testng.Assert.failNotEquals(Assert.java:496)
	at org.testng.Assert.assertTrue(Assert.java:42)
	at org.testng.Assert.assertTrue(Assert.java:52)
	at HealthProduct.HealthProductJourneyWithExcel.FillLoginDetails(HealthProductJourneyWithExcel.java:126)
	at sun.reflect.NativeMethodAccessorImpl.invoke0(Native Method)
	at sun.reflect.NativeMethodAccessorImpl.invoke(NativeMethodAccessorImpl.java:62)
	at sun.reflect.DelegatingMethodAccessorImpl.invoke(DelegatingMethodAccessorImpl.java:43)
	at java.lang.reflect.Method.invoke(Method.java:498)
	at org.testng.internal.MethodInvocationHelper.invokeMethod(MethodInvocationHelper.java:85)
	at org.testng.internal.Invoker.invokeMethod(Invoker.java:639)
	at org.testng.internal.Invoker.invokeTestMethod(Invoker.java:816)
	at org.testng.internal.Invoker.invokeTestMethods(Invoker.java:1124)
	at org.testng.internal.TestMethodWorker.invokeTestMethods(TestMethodWorker.java:125)
	at org.testng.internal.TestMethodWorker.run(TestMethodWorker.java:108)
	at org.testng.TestRunner.privateRun(TestRunner.java:774)
	at org.testng.TestRunner.run(TestRunner.java:624)
	at org.testng.SuiteRunner.runTest(SuiteRunner.java:359)
	at org.testng.SuiteRunner.runSequentially(SuiteRunner.java:354)
	at org.testng.SuiteRunner.privateRun(SuiteRunner.java:312)
	at org.testng.SuiteRunner.run(SuiteRunner.java:261)
	at org.testng.SuiteRunnerWorker.runSuite(SuiteRunnerWorker.java:52)
	at org.testng.SuiteRunnerWorker.run(SuiteRunnerWorker.java:86)
	at org.testng.TestNG.runSuitesSequentially(TestNG.java:1215)
	at org.testng.TestNG.runSuitesLocally(TestNG.java:1140)
	at org.testng.TestNG.run(TestNG.java:1048)
	at org.testng.remote.AbstractRemoteTestNG.run(AbstractRemoteTestNG.java:132)
	at org.testng.remote.RemoteTestNG.initAndRun(RemoteTestNG.java:230)
	at org.testng.remote.RemoteTestNG.main(RemoteTestNG.java:76)
]]>
            </full-stacktrace>
          </exception> <!-- java.lang.AssertionError -->
          <reporter-output>
          </reporter-output>
        </test-method> <!-- FillLoginDetails -->
        <test-method status="PASS" signature="getResult(org.testng.ITestResult)[pri:0, instance:HealthProduct.HealthProductJourneyWithExcel@4c70fda8]" name="getResult" is-config="true" duration-ms="1" started-at="2017-09-05T11:48:31Z" finished-at="2017-09-05T11:48:31Z">
          <params>
            <param index="0">
              <value>
                <![CDATA[[TestResult name=FillLoginDetails status=FAILURE method=HealthProductJourneyWithExcel.FillLoginDetails()[pri:2, instance:HealthProduct.HealthProductJourneyWithExcel@4c70fda8] output={null}]]]>
              </value>
            </param>
          </params>
          <reporter-output>
          </reporter-output>
        </test-method> <!-- getResult -->
        <test-method status="FAIL" signature="Adult()[pri:3, instance:HealthProduct.HealthProductJourneyWithExcel@4c70fda8]" name="Adult" duration-ms="1090" started-at="2017-09-05T11:48:31Z" description="Enter adult value 2" finished-at="2017-09-05T11:48:32Z">
          <exception class="java.lang.AssertionError">
            <message>
              <![CDATA[expected [true] but found [false]]]>
            </message>
            <full-stacktrace>
              <![CDATA[java.lang.AssertionError: expected [true] but found [false]
	at org.testng.Assert.fail(Assert.java:94)
	at org.testng.Assert.failNotEquals(Assert.java:496)
	at org.testng.Assert.assertTrue(Assert.java:42)
	at org.testng.Assert.assertTrue(Assert.java:52)
	at HealthProduct.HealthProductJourneyWithExcel.Adult(HealthProductJourneyWithExcel.java:152)
	at sun.reflect.NativeMethodAccessorImpl.invoke0(Native Method)
	at sun.reflect.NativeMethodAccessorImpl.invoke(NativeMethodAccessorImpl.java:62)
	at sun.reflect.DelegatingMethodAccessorImpl.invoke(DelegatingMethodAccessorImpl.java:43)
	at java.lang.reflect.Method.invoke(Method.java:498)
	at org.testng.internal.MethodInvocationHelper.invokeMethod(MethodInvocationHelper.java:85)
	at org.testng.internal.Invoker.invokeMethod(Invoker.java:639)
	at org.testng.internal.Invoker.invokeTestMethod(Invoker.java:816)
	at org.testng.internal.Invoker.invokeTestMethods(Invoker.java:1124)
	at org.testng.internal.TestMethodWorker.invokeTestMethods(TestMethodWorker.java:125)
	at org.testng.internal.TestMethodWorker.run(TestMethodWorker.java:108)
	at org.testng.TestRunner.privateRun(TestRunner.java:774)
	at org.testng.TestRunner.run(TestRunner.java:624)
	at org.testng.SuiteRunner.runTest(SuiteRunner.java:359)
	at org.testng.SuiteRunner.runSequentially(SuiteRunner.java:354)
	at org.testng.SuiteRunner.privateRun(SuiteRunner.java:312)
	at org.testng.SuiteRunner.run(SuiteRunner.java:261)
	at org.testng.SuiteRunnerWorker.runSuite(SuiteRunnerWorker.java:52)
	at org.testng.SuiteRunnerWorker.run(SuiteRunnerWorker.java:86)
	at org.testng.TestNG.runSuitesSequentially(TestNG.java:1215)
	at org.testng.TestNG.runSuitesLocally(TestNG.java:1140)
	at org.testng.TestNG.run(TestNG.java:1048)
	at org.testng.remote.AbstractRemoteTestNG.run(AbstractRemoteTestNG.java:132)
	at org.testng.remote.RemoteTestNG.initAndRun(RemoteTestNG.java:230)
	at org.testng.remote.RemoteTestNG.main(RemoteTestNG.java:76)
]]>
            </full-stacktrace>
          </exception> <!-- java.lang.AssertionError -->
          <reporter-output>
          </reporter-output>
        </test-method> <!-- Adult -->
        <test-method status="PASS" signature="getResult(org.testng.ITestResult)[pri:0, instance:HealthProduct.HealthProductJourneyWithExcel@4c70fda8]" name="getResult" is-config="true" duration-ms="2" started-at="2017-09-05T11:48:32Z" finished-at="2017-09-05T11:48:32Z">
          <params>
            <param index="0">
              <value>
                <![CDATA[[TestResult name=Adult status=FAILURE method=HealthProductJourneyWithExcel.Adult()[pri:3, instance:HealthProduct.HealthProductJourneyWithExcel@4c70fda8] output={null}]]]>
              </value>
            </param>
          </params>
          <reporter-output>
          </reporter-output>
        </test-method> <!-- getResult -->
        <test-method status="FAIL" signature="Child()[pri:4, instance:HealthProduct.HealthProductJourneyWithExcel@4c70fda8]" name="Child" duration-ms="1004" started-at="2017-09-05T11:48:32Z" description="Enter Child value 1-4" finished-at="2017-09-05T11:48:33Z">
          <exception class="java.lang.AssertionError">
            <message>
              <![CDATA[expected [true] but found [false]]]>
            </message>
            <full-stacktrace>
              <![CDATA[java.lang.AssertionError: expected [true] but found [false]
	at org.testng.Assert.fail(Assert.java:94)
	at org.testng.Assert.failNotEquals(Assert.java:496)
	at org.testng.Assert.assertTrue(Assert.java:42)
	at org.testng.Assert.assertTrue(Assert.java:52)
	at HealthProduct.HealthProductJourneyWithExcel.Child(HealthProductJourneyWithExcel.java:177)
	at sun.reflect.NativeMethodAccessorImpl.invoke0(Native Method)
	at sun.reflect.NativeMethodAccessorImpl.invoke(NativeMethodAccessorImpl.java:62)
	at sun.reflect.DelegatingMethodAccessorImpl.invoke(DelegatingMethodAccessorImpl.java:43)
	at java.lang.reflect.Method.invoke(Method.java:498)
	at org.testng.internal.MethodInvocationHelper.invokeMethod(MethodInvocationHelper.java:85)
	at org.testng.internal.Invoker.invokeMethod(Invoker.java:639)
	at org.testng.internal.Invoker.invokeTestMethod(Invoker.java:816)
	at org.testng.internal.Invoker.invokeTestMethods(Invoker.java:1124)
	at org.testng.internal.TestMethodWorker.invokeTestMethods(TestMethodWorker.java:125)
	at org.testng.internal.TestMethodWorker.run(TestMethodWorker.java:108)
	at org.testng.TestRunner.privateRun(TestRunner.java:774)
	at org.testng.TestRunner.run(TestRunner.java:624)
	at org.testng.SuiteRunner.runTest(SuiteRunner.java:359)
	at org.testng.SuiteRunner.runSequentially(SuiteRunner.java:354)
	at org.testng.SuiteRunner.privateRun(SuiteRunner.java:312)
	at org.testng.SuiteRunner.run(SuiteRunner.java:261)
	at org.testng.SuiteRunnerWorker.runSuite(SuiteRunnerWorker.java:52)
	at org.testng.SuiteRunnerWorker.run(SuiteRunnerWorker.java:86)
	at org.testng.TestNG.runSuitesSequentially(TestNG.java:1215)
	at org.testng.TestNG.runSuitesLocally(TestNG.java:1140)
	at org.testng.TestNG.run(TestNG.java:1048)
	at org.testng.remote.AbstractRemoteTestNG.run(AbstractRemoteTestNG.java:132)
	at org.testng.remote.RemoteTestNG.initAndRun(RemoteTestNG.java:230)
	at org.testng.remote.RemoteTestNG.main(RemoteTestNG.java:76)
]]>
            </full-stacktrace>
          </exception> <!-- java.lang.AssertionError -->
          <reporter-output>
          </reporter-output>
        </test-method> <!-- Child -->
        <test-method status="PASS" signature="getResult(org.testng.ITestResult)[pri:0, instance:HealthProduct.HealthProductJourneyWithExcel@4c70fda8]" name="getResult" is-config="true" duration-ms="1" started-at="2017-09-05T11:48:33Z" finished-at="2017-09-05T11:48:33Z">
          <params>
            <param index="0">
              <value>
                <![CDATA[[TestResult name=Child status=FAILURE method=HealthProductJourneyWithExcel.Child()[pri:4, instance:HealthProduct.HealthProductJourneyWithExcel@4c70fda8] output={null}]]]>
              </value>
            </param>
          </params>
          <reporter-output>
          </reporter-output>
        </test-method> <!-- getResult -->
        <test-method status="FAIL" signature="DOB()[pri:5, instance:HealthProduct.HealthProductJourneyWithExcel@4c70fda8]" name="DOB" duration-ms="1005" started-at="2017-09-05T11:48:33Z" description="Enter DOB" finished-at="2017-09-05T11:48:34Z">
          <exception class="java.lang.AssertionError">
            <message>
              <![CDATA[expected [true] but found [false]]]>
            </message>
            <full-stacktrace>
              <![CDATA[java.lang.AssertionError: expected [true] but found [false]
	at org.testng.Assert.fail(Assert.java:94)
	at org.testng.Assert.failNotEquals(Assert.java:496)
	at org.testng.Assert.assertTrue(Assert.java:42)
	at org.testng.Assert.assertTrue(Assert.java:52)
	at HealthProduct.HealthProductJourneyWithExcel.DOB(HealthProductJourneyWithExcel.java:213)
	at sun.reflect.NativeMethodAccessorImpl.invoke0(Native Method)
	at sun.reflect.NativeMethodAccessorImpl.invoke(NativeMethodAccessorImpl.java:62)
	at sun.reflect.DelegatingMethodAccessorImpl.invoke(DelegatingMethodAccessorImpl.java:43)
	at java.lang.reflect.Method.invoke(Method.java:498)
	at org.testng.internal.MethodInvocationHelper.invokeMethod(MethodInvocationHelper.java:85)
	at org.testng.internal.Invoker.invokeMethod(Invoker.java:639)
	at org.testng.internal.Invoker.invokeTestMethod(Invoker.java:816)
	at org.testng.internal.Invoker.invokeTestMethods(Invoker.java:1124)
	at org.testng.internal.TestMethodWorker.invokeTestMethods(TestMethodWorker.java:125)
	at org.testng.internal.TestMethodWorker.run(TestMethodWorker.java:108)
	at org.testng.TestRunner.privateRun(TestRunner.java:774)
	at org.testng.TestRunner.run(TestRunner.java:624)
	at org.testng.SuiteRunner.runTest(SuiteRunner.java:359)
	at org.testng.SuiteRunner.runSequentially(SuiteRunner.java:354)
	at org.testng.SuiteRunner.privateRun(SuiteRunner.java:312)
	at org.testng.SuiteRunner.run(SuiteRunner.java:261)
	at org.testng.SuiteRunnerWorker.runSuite(SuiteRunnerWorker.java:52)
	at org.testng.SuiteRunnerWorker.run(SuiteRunnerWorker.java:86)
	at org.testng.TestNG.runSuitesSequentially(TestNG.java:1215)
	at org.testng.TestNG.runSuitesLocally(TestNG.java:1140)
	at org.testng.TestNG.run(TestNG.java:1048)
	at org.testng.remote.AbstractRemoteTestNG.run(AbstractRemoteTestNG.java:132)
	at org.testng.remote.RemoteTestNG.initAndRun(RemoteTestNG.java:230)
	at org.testng.remote.RemoteTestNG.main(RemoteTestNG.java:76)
]]>
            </full-stacktrace>
          </exception> <!-- java.lang.AssertionError -->
          <reporter-output>
          </reporter-output>
        </test-method> <!-- DOB -->
        <test-method status="PASS" signature="getResult(org.testng.ITestResult)[pri:0, instance:HealthProduct.HealthProductJourneyWithExcel@4c70fda8]" name="getResult" is-config="true" duration-ms="23" started-at="2017-09-05T11:48:34Z" finished-at="2017-09-05T11:48:34Z">
          <params>
            <param index="0">
              <value>
                <![CDATA[[TestResult name=DOB status=FAILURE method=HealthProductJourneyWithExcel.DOB()[pri:5, instance:HealthProduct.HealthProductJourneyWithExcel@4c70fda8] output={null}]]]>
              </value>
            </param>
          </params>
          <reporter-output>
          </reporter-output>
        </test-method> <!-- getResult -->
        <test-method status="FAIL" signature="EldestMember()[pri:6, instance:HealthProduct.HealthProductJourneyWithExcel@4c70fda8]" name="EldestMember" duration-ms="1108" started-at="2017-09-05T11:48:34Z" description="Select Eldest Member Gender" finished-at="2017-09-05T11:48:35Z">
          <exception class="java.lang.AssertionError">
            <message>
              <![CDATA[expected [true] but found [false]]]>
            </message>
            <full-stacktrace>
              <![CDATA[java.lang.AssertionError: expected [true] but found [false]
	at org.testng.Assert.fail(Assert.java:94)
	at org.testng.Assert.failNotEquals(Assert.java:496)
	at org.testng.Assert.assertTrue(Assert.java:42)
	at org.testng.Assert.assertTrue(Assert.java:52)
	at HealthProduct.HealthProductJourneyWithExcel.EldestMember(HealthProductJourneyWithExcel.java:237)
	at sun.reflect.NativeMethodAccessorImpl.invoke0(Native Method)
	at sun.reflect.NativeMethodAccessorImpl.invoke(NativeMethodAccessorImpl.java:62)
	at sun.reflect.DelegatingMethodAccessorImpl.invoke(DelegatingMethodAccessorImpl.java:43)
	at java.lang.reflect.Method.invoke(Method.java:498)
	at org.testng.internal.MethodInvocationHelper.invokeMethod(MethodInvocationHelper.java:85)
	at org.testng.internal.Invoker.invokeMethod(Invoker.java:639)
	at org.testng.internal.Invoker.invokeTestMethod(Invoker.java:816)
	at org.testng.internal.Invoker.invokeTestMethods(Invoker.java:1124)
	at org.testng.internal.TestMethodWorker.invokeTestMethods(TestMethodWorker.java:125)
	at org.testng.internal.TestMethodWorker.run(TestMethodWorker.java:108)
	at org.testng.TestRunner.privateRun(TestRunner.java:774)
	at org.testng.TestRunner.run(TestRunner.java:624)
	at org.testng.SuiteRunner.runTest(SuiteRunner.java:359)
	at org.testng.SuiteRunner.runSequentially(SuiteRunner.java:354)
	at org.testng.SuiteRunner.privateRun(SuiteRunner.java:312)
	at org.testng.SuiteRunner.run(SuiteRunner.java:261)
	at org.testng.SuiteRunnerWorker.runSuite(SuiteRunnerWorker.java:52)
	at org.testng.SuiteRunnerWorker.run(SuiteRunnerWorker.java:86)
	at org.testng.TestNG.runSuitesSequentially(TestNG.java:1215)
	at org.testng.TestNG.runSuitesLocally(TestNG.java:1140)
	at org.testng.TestNG.run(TestNG.java:1048)
	at org.testng.remote.AbstractRemoteTestNG.run(AbstractRemoteTestNG.java:132)
	at org.testng.remote.RemoteTestNG.initAndRun(RemoteTestNG.java:230)
	at org.testng.remote.RemoteTestNG.main(RemoteTestNG.java:76)
]]>
            </full-stacktrace>
          </exception> <!-- java.lang.AssertionError -->
          <reporter-output>
          </reporter-output>
        </test-method> <!-- EldestMember -->
        <test-method status="PASS" signature="getResult(org.testng.ITestResult)[pri:0, instance:HealthProduct.HealthProductJourneyWithExcel@4c70fda8]" name="getResult" is-config="true" duration-ms="2" started-at="2017-09-05T11:48:35Z" finished-at="2017-09-05T11:48:35Z">
          <params>
            <param index="0">
              <value>
                <![CDATA[[TestResult name=EldestMember status=FAILURE method=HealthProductJourneyWithExcel.EldestMember()[pri:6, instance:HealthProduct.HealthProductJourneyWithExcel@4c70fda8] output={null}]]]>
              </value>
            </param>
          </params>
          <reporter-output>
          </reporter-output>
        </test-method> <!-- getResult -->
        <test-method status="FAIL" signature="City()[pri:7, instance:HealthProduct.HealthProductJourneyWithExcel@4c70fda8]" name="City" duration-ms="1172" started-at="2017-09-05T11:48:35Z" description="Select City from list" finished-at="2017-09-05T11:48:36Z">
          <exception class="java.lang.AssertionError">
            <message>
              <![CDATA[expected [true] but found [false]]]>
            </message>
            <full-stacktrace>
              <![CDATA[java.lang.AssertionError: expected [true] but found [false]
	at org.testng.Assert.fail(Assert.java:94)
	at org.testng.Assert.failNotEquals(Assert.java:496)
	at org.testng.Assert.assertTrue(Assert.java:42)
	at org.testng.Assert.assertTrue(Assert.java:52)
	at HealthProduct.HealthProductJourneyWithExcel.City(HealthProductJourneyWithExcel.java:264)
	at sun.reflect.NativeMethodAccessorImpl.invoke0(Native Method)
	at sun.reflect.NativeMethodAccessorImpl.invoke(NativeMethodAccessorImpl.java:62)
	at sun.reflect.DelegatingMethodAccessorImpl.invoke(DelegatingMethodAccessorImpl.java:43)
	at java.lang.reflect.Method.invoke(Method.java:498)
	at org.testng.internal.MethodInvocationHelper.invokeMethod(MethodInvocationHelper.java:85)
	at org.testng.internal.Invoker.invokeMethod(Invoker.java:639)
	at org.testng.internal.Invoker.invokeTestMethod(Invoker.java:816)
	at org.testng.internal.Invoker.invokeTestMethods(Invoker.java:1124)
	at org.testng.internal.TestMethodWorker.invokeTestMethods(TestMethodWorker.java:125)
	at org.testng.internal.TestMethodWorker.run(TestMethodWorker.java:108)
	at org.testng.TestRunner.privateRun(TestRunner.java:774)
	at org.testng.TestRunner.run(TestRunner.java:624)
	at org.testng.SuiteRunner.runTest(SuiteRunner.java:359)
	at org.testng.SuiteRunner.runSequentially(SuiteRunner.java:354)
	at org.testng.SuiteRunner.privateRun(SuiteRunner.java:312)
	at org.testng.SuiteRunner.run(SuiteRunner.java:261)
	at org.testng.SuiteRunnerWorker.runSuite(SuiteRunnerWorker.java:52)
	at org.testng.SuiteRunnerWorker.run(SuiteRunnerWorker.java:86)
	at org.testng.TestNG.runSuitesSequentially(TestNG.java:1215)
	at org.testng.TestNG.runSuitesLocally(TestNG.java:1140)
	at org.testng.TestNG.run(TestNG.java:1048)
	at org.testng.remote.AbstractRemoteTestNG.run(AbstractRemoteTestNG.java:132)
	at org.testng.remote.RemoteTestNG.initAndRun(RemoteTestNG.java:230)
	at org.testng.remote.RemoteTestNG.main(RemoteTestNG.java:76)
]]>
            </full-stacktrace>
          </exception> <!-- java.lang.AssertionError -->
          <reporter-output>
          </reporter-output>
        </test-method> <!-- City -->
        <test-method status="PASS" signature="getResult(org.testng.ITestResult)[pri:0, instance:HealthProduct.HealthProductJourneyWithExcel@4c70fda8]" name="getResult" is-config="true" duration-ms="1" started-at="2017-09-05T11:48:36Z" finished-at="2017-09-05T11:48:36Z">
          <params>
            <param index="0">
              <value>
                <![CDATA[[TestResult name=City status=FAILURE method=HealthProductJourneyWithExcel.City()[pri:7, instance:HealthProduct.HealthProductJourneyWithExcel@4c70fda8] output={null}]]]>
              </value>
            </param>
          </params>
          <reporter-output>
          </reporter-output>
        </test-method> <!-- getResult -->
        <test-method status="FAIL" signature="GetLiveQuotes()[pri:8, instance:HealthProduct.HealthProductJourneyWithExcel@4c70fda8]" name="GetLiveQuotes" duration-ms="31" started-at="2017-09-05T11:48:36Z" description="Click Get Live Quotes Button" finished-at="2017-09-05T11:48:36Z">
          <exception class="java.lang.AssertionError">
            <message>
              <![CDATA[expected [true] but found [false]]]>
            </message>
            <full-stacktrace>
              <![CDATA[java.lang.AssertionError: expected [true] but found [false]
	at org.testng.Assert.fail(Assert.java:94)
	at org.testng.Assert.failNotEquals(Assert.java:496)
	at org.testng.Assert.assertTrue(Assert.java:42)
	at org.testng.Assert.assertTrue(Assert.java:52)
	at HealthProduct.HealthProductJourneyWithExcel.GetLiveQuotes(HealthProductJourneyWithExcel.java:288)
	at sun.reflect.NativeMethodAccessorImpl.invoke0(Native Method)
	at sun.reflect.NativeMethodAccessorImpl.invoke(NativeMethodAccessorImpl.java:62)
	at sun.reflect.DelegatingMethodAccessorImpl.invoke(DelegatingMethodAccessorImpl.java:43)
	at java.lang.reflect.Method.invoke(Method.java:498)
	at org.testng.internal.MethodInvocationHelper.invokeMethod(MethodInvocationHelper.java:85)
	at org.testng.internal.Invoker.invokeMethod(Invoker.java:639)
	at org.testng.internal.Invoker.invokeTestMethod(Invoker.java:816)
	at org.testng.internal.Invoker.invokeTestMethods(Invoker.java:1124)
	at org.testng.internal.TestMethodWorker.invokeTestMethods(TestMethodWorker.java:125)
	at org.testng.internal.TestMethodWorker.run(TestMethodWorker.java:108)
	at org.testng.TestRunner.privateRun(TestRunner.java:774)
	at org.testng.TestRunner.run(TestRunner.java:624)
	at org.testng.SuiteRunner.runTest(SuiteRunner.java:359)
	at org.testng.SuiteRunner.runSequentially(SuiteRunner.java:354)
	at org.testng.SuiteRunner.privateRun(SuiteRunner.java:312)
	at org.testng.SuiteRunner.run(SuiteRunner.java:261)
	at org.testng.SuiteRunnerWorker.runSuite(SuiteRunnerWorker.java:52)
	at org.testng.SuiteRunnerWorker.run(SuiteRunnerWorker.java:86)
	at org.testng.TestNG.runSuitesSequentially(TestNG.java:1215)
	at org.testng.TestNG.runSuitesLocally(TestNG.java:1140)
	at org.testng.TestNG.run(TestNG.java:1048)
	at org.testng.remote.AbstractRemoteTestNG.run(AbstractRemoteTestNG.java:132)
	at org.testng.remote.RemoteTestNG.initAndRun(RemoteTestNG.java:230)
	at org.testng.remote.RemoteTestNG.main(RemoteTestNG.java:76)
]]>
            </full-stacktrace>
          </exception> <!-- java.lang.AssertionError -->
          <reporter-output>
          </reporter-output>
        </test-method> <!-- GetLiveQuotes -->
        <test-method status="PASS" signature="getResult(org.testng.ITestResult)[pri:0, instance:HealthProduct.HealthProductJourneyWithExcel@4c70fda8]" name="getResult" is-config="true" duration-ms="36" started-at="2017-09-05T11:48:36Z" finished-at="2017-09-05T11:48:37Z">
          <params>
            <param index="0">
              <value>
                <![CDATA[[TestResult name=GetLiveQuotes status=FAILURE method=HealthProductJourneyWithExcel.GetLiveQuotes()[pri:8, instance:HealthProduct.HealthProductJourneyWithExcel@4c70fda8] output={null}]]]>
              </value>
            </param>
          </params>
          <reporter-output>
          </reporter-output>
        </test-method> <!-- getResult -->
        <test-method status="FAIL" signature="QuotesBuyNow(java.lang.String, java.lang.String, java.lang.String, java.lang.String, java.lang.String, java.lang.String, java.lang.String, java.lang.String, java.lang.String, java.lang.String, java.lang.String, java.lang.String, java.lang.String, java.lang.String, java.lang.String, java.lang.String, java.lang.String, java.lang.String, java.lang.String, java.lang.String, java.lang.String, java.lang.String, java.lang.String)[pri:13, instance:HealthProduct.HealthProductJourneyWithExcel@4c70fda8]" name="QuotesBuyNow" duration-ms="33" started-at="2017-09-05T11:48:40Z" description="Quotes page journey" data-provider="verify" finished-at="2017-09-05T11:48:40Z">
          <params>
            <param index="0">
              <value>
                <![CDATA[Mr.]]>
              </value>
            </param>
            <param index="1">
              <value>
                <![CDATA[abc]]>
              </value>
            </param>
            <param index="2">
              <value>
                <![CDATA[def]]>
              </value>
            </param>
            <param index="3">
              <value>
                <![CDATA[abc@gmail.com]]>
              </value>
            </param>
            <param index="4">
              <value>
                <![CDATA[9889988998]]>
              </value>
            </param>
            <param index="5">
              <value>
                <![CDATA[Accountant]]>
              </value>
            </param>
            <param index="6">
              <value>
                <![CDATA[Single]]>
              </value>
            </param>
            <param index="7">
              <value>
                <![CDATA[CH/KG 2 KAVI NAGAR]]>
              </value>
            </param>
            <param index="8">
              <value>
                <![CDATA[Ghaziabad]]>
              </value>
            </param>
            <param index="9">
              <value>
                <![CDATA[Ghaziabad]]>
              </value>
            </param>
            <param index="10">
              <value>
                <![CDATA[201002]]>
              </value>
            </param>
            <param index="11">
              <value>
                <![CDATA[25]]>
              </value>
            </param>
            <param index="12">
              <value>
                <![CDATA[05]]>
              </value>
            </param>
            <param index="13">
              <value>
                <![CDATA[1987]]>
              </value>
            </param>
            <param index="14">
              <value>
                <![CDATA[Single]]>
              </value>
            </param>
            <param index="15">
              <value>
                <![CDATA[56]]>
              </value>
            </param>
            <param index="16">
              <value>
                <![CDATA[5]]>
              </value>
            </param>
            <param index="17">
              <value>
                <![CDATA[2]]>
              </value>
            </param>
            <param index="18">
              <value>
                <![CDATA[No]]>
              </value>
            </param>
            <param index="19">
              <value>
                <![CDATA[No]]>
              </value>
            </param>
            <param index="20">
              <value>
                <![CDATA[Yes]]>
              </value>
            </param>
            <param index="21">
              <value>
                <![CDATA[XYZ]]>
              </value>
            </param>
            <param index="22">
              <value>
                <![CDATA[Brother]]>
              </value>
            </param>
          </params>
          <exception class="org.openqa.selenium.WebDriverException">
            <message>
              <![CDATA[Session not found: ccc18c83-070e-45e7-ada8-da23bcb7b0bd
Command duration or timeout: 28 milliseconds
Build info: version: '2.53.1', revision: 'a36b8b1', time: '2016-06-30 17:37:03'
System info: host: 'ep-cp-34', ip: '192.168.3.245', os.name: 'Windows 7', os.arch: 'amd64', os.version: '6.1', java.version: '1.8.0_144'
Driver info: org.openqa.selenium.firefox.FirefoxDriver
Capabilities [{applicationCacheEnabled=true, rotatable=false, handlesAlerts=true, databaseEnabled=true, version=47.0.1, platform=WINDOWS, nativeEvents=false, acceptSslCerts=true, webStorageEnabled=true, locationContextEnabled=true, browserName=firefox, takesScreenshot=true, javascriptEnabled=true, cssSelectorsEnabled=true}]
Session ID: ccc18c83-070e-45e7-ada8-da23bcb7b0bd
*** Element info: {Using=xpath, value=(//span[text()='BUY NOW'])[1]}]]>
            </message>
            <full-stacktrace>
              <![CDATA[org.openqa.selenium.WebDriverException: Session not found: ccc18c83-070e-45e7-ada8-da23bcb7b0bd
Command duration or timeout: 28 milliseconds
Build info: version: '2.53.1', revision: 'a36b8b1', time: '2016-06-30 17:37:03'
System info: host: 'ep-cp-34', ip: '192.168.3.245', os.name: 'Windows 7', os.arch: 'amd64', os.version: '6.1', java.version: '1.8.0_144'
Driver info: org.openqa.selenium.firefox.FirefoxDriver
Capabilities [{applicationCacheEnabled=true, rotatable=false, handlesAlerts=true, databaseEnabled=true, version=47.0.1, platform=WINDOWS, nativeEvents=false, acceptSslCerts=true, webStorageEnabled=true, locationContextEnabled=true, browserName=firefox, takesScreenshot=true, javascriptEnabled=true, cssSelectorsEnabled=true}]
Session ID: ccc18c83-070e-45e7-ada8-da23bcb7b0bd
*** Element info: {Using=xpath, value=(//span[text()='BUY NOW'])[1]}
	at sun.reflect.NativeConstructorAccessorImpl.newInstance0(Native Method)
	at sun.reflect.NativeConstructorAccessorImpl.newInstance(NativeConstructorAccessorImpl.java:62)
	at sun.reflect.DelegatingConstructorAccessorImpl.newInstance(DelegatingConstructorAccessorImpl.java:45)
	at java.lang.reflect.Constructor.newInstance(Constructor.java:423)
	at org.openqa.selenium.remote.ErrorHandler.createThrowable(ErrorHandler.java:206)
	at org.openqa.selenium.remote.ErrorHandler.throwIfResponseFailed(ErrorHandler.java:158)
	at org.openqa.selenium.remote.RemoteWebDriver.execute(RemoteWebDriver.java:678)
	at org.openqa.selenium.remote.RemoteWebDriver.findElement(RemoteWebDriver.java:363)
	at org.openqa.selenium.remote.RemoteWebDriver.findElementByXPath(RemoteWebDriver.java:500)
	at org.openqa.selenium.By$ByXPath.findElement(By.java:361)
	at org.openqa.selenium.remote.RemoteWebDriver.findElement(RemoteWebDriver.java:355)
	at HealthProduct.HealthProductJourneyWithExcel.QuotesBuyNow(HealthProductJourneyWithExcel.java:391)
	at sun.reflect.NativeMethodAccessorImpl.invoke0(Native Method)
	at sun.reflect.NativeMethodAccessorImpl.invoke(NativeMethodAccessorImpl.java:62)
	at sun.reflect.DelegatingMethodAccessorImpl.invoke(DelegatingMethodAccessorImpl.java:43)
	at java.lang.reflect.Method.invoke(Method.java:498)
	at org.testng.internal.MethodInvocationHelper.invokeMethod(MethodInvocationHelper.java:85)
	at org.testng.internal.Invoker.invokeMethod(Invoker.java:639)
	at org.testng.internal.Invoker.invokeTestMethod(Invoker.java:816)
	at org.testng.internal.Invoker.invokeTestMethods(Invoker.java:1124)
	at org.testng.internal.TestMethodWorker.invokeTestMethods(TestMethodWorker.java:125)
	at org.testng.internal.TestMethodWorker.run(TestMethodWorker.java:108)
	at org.testng.TestRunner.privateRun(TestRunner.java:774)
	at org.testng.TestRunner.run(TestRunner.java:624)
	at org.testng.SuiteRunner.runTest(SuiteRunner.java:359)
	at org.testng.SuiteRunner.runSequentially(SuiteRunner.java:354)
	at org.testng.SuiteRunner.privateRun(SuiteRunner.java:312)
	at org.testng.SuiteRunner.run(SuiteRunner.java:261)
	at org.testng.SuiteRunnerWorker.runSuite(SuiteRunnerWorker.java:52)
	at org.testng.SuiteRunnerWorker.run(SuiteRunnerWorker.java:86)
	at org.testng.TestNG.runSuitesSequentially(TestNG.java:1215)
	at org.testng.TestNG.runSuitesLocally(TestNG.java:1140)
	at org.testng.TestNG.run(TestNG.java:1048)
	at org.testng.remote.AbstractRemoteTestNG.run(AbstractRemoteTestNG.java:132)
	at org.testng.remote.RemoteTestNG.initAndRun(RemoteTestNG.java:230)
	at org.testng.remote.RemoteTestNG.main(RemoteTestNG.java:76)
Caused by: org.openqa.selenium.WebDriverException: Session not found: ccc18c83-070e-45e7-ada8-da23bcb7b0bd
Build info: version: '2.53.1', revision: 'a36b8b1', time: '2016-06-30 17:37:03'
System info: host: 'ep-cp-34', ip: '192.168.3.245', os.name: 'Windows 7', os.arch: 'amd64', os.version: '6.1', java.version: '1.8.0_144'
Driver info: driver.version: unknown
	at <anonymous class>.nsCommandProcessor.prototype.execute(file:///C:/Users/BHAWNA~1/AppData/Local/Temp/anonymous1429330007671885211webdriver-profile/extensions/fxdriver@googlecode.com/components/command-processor.js:12704)
	at <anonymous class>.Dispatcher.executeAs/<(file:///C:/Users/BHAWNA~1/AppData/Local/Temp/anonymous1429330007671885211webdriver-profile/extensions/fxdriver@googlecode.com/components/driver-component.js:9558)
	at <anonymous class>.Resource.prototype.handle(file:///C:/Users/BHAWNA~1/AppData/Local/Temp/anonymous1429330007671885211webdriver-profile/extensions/fxdriver@googlecode.com/components/driver-component.js:9705)
	at <anonymous class>.Dispatcher.prototype.dispatch(file:///C:/Users/BHAWNA~1/AppData/Local/Temp/anonymous1429330007671885211webdriver-profile/extensions/fxdriver@googlecode.com/components/driver-component.js:9652)
	at <anonymous class>.WebDriverServer/<.handle(file:///C:/Users/BHAWNA~1/AppData/Local/Temp/anonymous1429330007671885211webdriver-profile/extensions/fxdriver@googlecode.com/components/driver-component.js:12517)
	at <anonymous class>.createHandlerFunc/<(file:///C:/Users/BHAWNA~1/AppData/Local/Temp/anonymous1429330007671885211webdriver-profile/extensions/fxdriver@googlecode.com/components/httpd.js:2054)
	at <anonymous class>.ServerHandler.prototype.handleResponse(file:///C:/Users/BHAWNA~1/AppData/Local/Temp/anonymous1429330007671885211webdriver-profile/extensions/fxdriver@googlecode.com/components/httpd.js:2387)
	at <anonymous class>.Connection.prototype.process(file:///C:/Users/BHAWNA~1/AppData/Local/Temp/anonymous1429330007671885211webdriver-profile/extensions/fxdriver@googlecode.com/components/httpd.js:1223)
	at <anonymous class>.RequestReader.prototype._handleResponse(file:///C:/Users/BHAWNA~1/AppData/Local/Temp/anonymous1429330007671885211webdriver-profile/extensions/fxdriver@googlecode.com/components/httpd.js:1677)
	at <anonymous class>.RequestReader.prototype._processBody(file:///C:/Users/BHAWNA~1/AppData/Local/Temp/anonymous1429330007671885211webdriver-profile/extensions/fxdriver@googlecode.com/components/httpd.js:1525)
	at <anonymous class>.RequestReader.prototype.onInputStreamReady(file:///C:/Users/BHAWNA~1/AppData/Local/Temp/anonymous1429330007671885211webdriver-profile/extensions/fxdriver@googlecode.com/components/httpd.js:1393)
]]>
            </full-stacktrace>
          </exception> <!-- org.openqa.selenium.WebDriverException -->
          <reporter-output>
          </reporter-output>
        </test-method> <!-- QuotesBuyNow -->
        <test-method status="PASS" signature="getResult(org.testng.ITestResult)[pri:0, instance:HealthProduct.HealthProductJourneyWithExcel@4c70fda8]" name="getResult" is-config="true" duration-ms="11" started-at="2017-09-05T11:48:40Z" finished-at="2017-09-05T11:48:40Z">
          <params>
            <param index="0">
              <value>
                <![CDATA[[TestResult name=QuotesBuyNow status=FAILURE method=HealthProductJourneyWithExcel.QuotesBuyNow(java.lang.String, java.lang.String, java.lang.String, java.lang.String, java.lang.String, java.lang.String, java.lang.String, java.lang.String, java.lang.String, java.lang.String, java.lang.String, java.lang.String, java.lang.String, java.lang.String, java.lang.String, java.lang.String, java.lang.String, java.lang.String, java.lang.String, java.lang.String, java.lang.String, java.lang.String, java.lang.String)[pri:13, instance:HealthProduct.HealthProductJourneyWithExcel@4c70fda8] output={null}]]]>
              </value>
            </param>
          </params>
          <reporter-output>
          </reporter-output>
        </test-method> <!-- getResult -->
        <test-method status="FAIL" signature="QuotesBuyNow(java.lang.String, java.lang.String, java.lang.String, java.lang.String, java.lang.String, java.lang.String, java.lang.String, java.lang.String, java.lang.String, java.lang.String, java.lang.String, java.lang.String, java.lang.String, java.lang.String, java.lang.String, java.lang.String, java.lang.String, java.lang.String, java.lang.String, java.lang.String, java.lang.String, java.lang.String, java.lang.String)[pri:13, instance:HealthProduct.HealthProductJourneyWithExcel@4c70fda8]" name="QuotesBuyNow" duration-ms="18" started-at="2017-09-05T11:48:40Z" description="Quotes page journey" data-provider="verify" finished-at="2017-09-05T11:48:40Z">
          <params>
            <param index="0">
              <value>
                <![CDATA[Mr.]]>
              </value>
            </param>
            <param index="1">
              <value>
                <![CDATA[abc]]>
              </value>
            </param>
            <param index="2">
              <value>
                <![CDATA[def]]>
              </value>
            </param>
            <param index="3">
              <value>
                <![CDATA[abc@gmail.com]]>
              </value>
            </param>
            <param index="4">
              <value>
                <![CDATA[9889988998]]>
              </value>
            </param>
            <param index="5">
              <value>
                <![CDATA[Government Employed]]>
              </value>
            </param>
            <param index="6">
              <value>
                <![CDATA[Single]]>
              </value>
            </param>
            <param index="7">
              <value>
                <![CDATA[flat no. 78, firdt floor,]]>
              </value>
            </param>
            <param index="8">
              <value>
                <![CDATA[bhojpur]]>
              </value>
            </param>
            <param index="9">
              <value>
                <![CDATA[Bihar]]>
              </value>
            </param>
            <param index="10">
              <value>
                <![CDATA[823001]]>
              </value>
            </param>
            <param index="11">
              <value>
                <![CDATA[30]]>
              </value>
            </param>
            <param index="12">
              <value>
                <![CDATA[12]]>
              </value>
            </param>
            <param index="13">
              <value>
                <![CDATA[1975]]>
              </value>
            </param>
            <param index="14">
              <value>
                <![CDATA[Single]]>
              </value>
            </param>
            <param index="15">
              <value>
                <![CDATA[72]]>
              </value>
            </param>
            <param index="16">
              <value>
                <![CDATA[5]]>
              </value>
            </param>
            <param index="17">
              <value>
                <![CDATA[8]]>
              </value>
            </param>
            <param index="18">
              <value>
                <![CDATA[No]]>
              </value>
            </param>
            <param index="19">
              <value>
                <![CDATA[No]]>
              </value>
            </param>
            <param index="20">
              <value>
                <![CDATA[Yes]]>
              </value>
            </param>
            <param index="21">
              <value>
                <![CDATA[XYZ]]>
              </value>
            </param>
            <param index="22">
              <value>
                <![CDATA[Father]]>
              </value>
            </param>
          </params>
          <exception class="org.openqa.selenium.WebDriverException">
            <message>
              <![CDATA[Session not found: ccc18c83-070e-45e7-ada8-da23bcb7b0bd
Command duration or timeout: 16 milliseconds
Build info: version: '2.53.1', revision: 'a36b8b1', time: '2016-06-30 17:37:03'
System info: host: 'ep-cp-34', ip: '192.168.3.245', os.name: 'Windows 7', os.arch: 'amd64', os.version: '6.1', java.version: '1.8.0_144'
Driver info: org.openqa.selenium.firefox.FirefoxDriver
Capabilities [{applicationCacheEnabled=true, rotatable=false, handlesAlerts=true, databaseEnabled=true, version=47.0.1, platform=WINDOWS, nativeEvents=false, acceptSslCerts=true, webStorageEnabled=true, locationContextEnabled=true, browserName=firefox, takesScreenshot=true, javascriptEnabled=true, cssSelectorsEnabled=true}]
Session ID: ccc18c83-070e-45e7-ada8-da23bcb7b0bd
*** Element info: {Using=xpath, value=(//span[text()='BUY NOW'])[1]}]]>
            </message>
            <full-stacktrace>
              <![CDATA[org.openqa.selenium.WebDriverException: Session not found: ccc18c83-070e-45e7-ada8-da23bcb7b0bd
Command duration or timeout: 16 milliseconds
Build info: version: '2.53.1', revision: 'a36b8b1', time: '2016-06-30 17:37:03'
System info: host: 'ep-cp-34', ip: '192.168.3.245', os.name: 'Windows 7', os.arch: 'amd64', os.version: '6.1', java.version: '1.8.0_144'
Driver info: org.openqa.selenium.firefox.FirefoxDriver
Capabilities [{applicationCacheEnabled=true, rotatable=false, handlesAlerts=true, databaseEnabled=true, version=47.0.1, platform=WINDOWS, nativeEvents=false, acceptSslCerts=true, webStorageEnabled=true, locationContextEnabled=true, browserName=firefox, takesScreenshot=true, javascriptEnabled=true, cssSelectorsEnabled=true}]
Session ID: ccc18c83-070e-45e7-ada8-da23bcb7b0bd
*** Element info: {Using=xpath, value=(//span[text()='BUY NOW'])[1]}
	at sun.reflect.NativeConstructorAccessorImpl.newInstance0(Native Method)
	at sun.reflect.NativeConstructorAccessorImpl.newInstance(NativeConstructorAccessorImpl.java:62)
	at sun.reflect.DelegatingConstructorAccessorImpl.newInstance(DelegatingConstructorAccessorImpl.java:45)
	at java.lang.reflect.Constructor.newInstance(Constructor.java:423)
	at org.openqa.selenium.remote.ErrorHandler.createThrowable(ErrorHandler.java:206)
	at org.openqa.selenium.remote.ErrorHandler.throwIfResponseFailed(ErrorHandler.java:158)
	at org.openqa.selenium.remote.RemoteWebDriver.execute(RemoteWebDriver.java:678)
	at org.openqa.selenium.remote.RemoteWebDriver.findElement(RemoteWebDriver.java:363)
	at org.openqa.selenium.remote.RemoteWebDriver.findElementByXPath(RemoteWebDriver.java:500)
	at org.openqa.selenium.By$ByXPath.findElement(By.java:361)
	at org.openqa.selenium.remote.RemoteWebDriver.findElement(RemoteWebDriver.java:355)
	at HealthProduct.HealthProductJourneyWithExcel.QuotesBuyNow(HealthProductJourneyWithExcel.java:391)
	at sun.reflect.NativeMethodAccessorImpl.invoke0(Native Method)
	at sun.reflect.NativeMethodAccessorImpl.invoke(NativeMethodAccessorImpl.java:62)
	at sun.reflect.DelegatingMethodAccessorImpl.invoke(DelegatingMethodAccessorImpl.java:43)
	at java.lang.reflect.Method.invoke(Method.java:498)
	at org.testng.internal.MethodInvocationHelper.invokeMethod(MethodInvocationHelper.java:85)
	at org.testng.internal.Invoker.invokeMethod(Invoker.java:639)
	at org.testng.internal.Invoker.invokeTestMethod(Invoker.java:816)
	at org.testng.internal.Invoker.invokeTestMethods(Invoker.java:1124)
	at org.testng.internal.TestMethodWorker.invokeTestMethods(TestMethodWorker.java:125)
	at org.testng.internal.TestMethodWorker.run(TestMethodWorker.java:108)
	at org.testng.TestRunner.privateRun(TestRunner.java:774)
	at org.testng.TestRunner.run(TestRunner.java:624)
	at org.testng.SuiteRunner.runTest(SuiteRunner.java:359)
	at org.testng.SuiteRunner.runSequentially(SuiteRunner.java:354)
	at org.testng.SuiteRunner.privateRun(SuiteRunner.java:312)
	at org.testng.SuiteRunner.run(SuiteRunner.java:261)
	at org.testng.SuiteRunnerWorker.runSuite(SuiteRunnerWorker.java:52)
	at org.testng.SuiteRunnerWorker.run(SuiteRunnerWorker.java:86)
	at org.testng.TestNG.runSuitesSequentially(TestNG.java:1215)
	at org.testng.TestNG.runSuitesLocally(TestNG.java:1140)
	at org.testng.TestNG.run(TestNG.java:1048)
	at org.testng.remote.AbstractRemoteTestNG.run(AbstractRemoteTestNG.java:132)
	at org.testng.remote.RemoteTestNG.initAndRun(RemoteTestNG.java:230)
	at org.testng.remote.RemoteTestNG.main(RemoteTestNG.java:76)
Caused by: org.openqa.selenium.WebDriverException: Session not found: ccc18c83-070e-45e7-ada8-da23bcb7b0bd
Build info: version: '2.53.1', revision: 'a36b8b1', time: '2016-06-30 17:37:03'
System info: host: 'ep-cp-34', ip: '192.168.3.245', os.name: 'Windows 7', os.arch: 'amd64', os.version: '6.1', java.version: '1.8.0_144'
Driver info: driver.version: unknown
	at <anonymous class>.nsCommandProcessor.prototype.execute(file:///C:/Users/BHAWNA~1/AppData/Local/Temp/anonymous1429330007671885211webdriver-profile/extensions/fxdriver@googlecode.com/components/command-processor.js:12704)
	at <anonymous class>.Dispatcher.executeAs/<(file:///C:/Users/BHAWNA~1/AppData/Local/Temp/anonymous1429330007671885211webdriver-profile/extensions/fxdriver@googlecode.com/components/driver-component.js:9558)
	at <anonymous class>.Resource.prototype.handle(file:///C:/Users/BHAWNA~1/AppData/Local/Temp/anonymous1429330007671885211webdriver-profile/extensions/fxdriver@googlecode.com/components/driver-component.js:9705)
	at <anonymous class>.Dispatcher.prototype.dispatch(file:///C:/Users/BHAWNA~1/AppData/Local/Temp/anonymous1429330007671885211webdriver-profile/extensions/fxdriver@googlecode.com/components/driver-component.js:9652)
	at <anonymous class>.WebDriverServer/<.handle(file:///C:/Users/BHAWNA~1/AppData/Local/Temp/anonymous1429330007671885211webdriver-profile/extensions/fxdriver@googlecode.com/components/driver-component.js:12517)
	at <anonymous class>.createHandlerFunc/<(file:///C:/Users/BHAWNA~1/AppData/Local/Temp/anonymous1429330007671885211webdriver-profile/extensions/fxdriver@googlecode.com/components/httpd.js:2054)
	at <anonymous class>.ServerHandler.prototype.handleResponse(file:///C:/Users/BHAWNA~1/AppData/Local/Temp/anonymous1429330007671885211webdriver-profile/extensions/fxdriver@googlecode.com/components/httpd.js:2387)
	at <anonymous class>.Connection.prototype.process(file:///C:/Users/BHAWNA~1/AppData/Local/Temp/anonymous1429330007671885211webdriver-profile/extensions/fxdriver@googlecode.com/components/httpd.js:1223)
	at <anonymous class>.RequestReader.prototype._handleResponse(file:///C:/Users/BHAWNA~1/AppData/Local/Temp/anonymous1429330007671885211webdriver-profile/extensions/fxdriver@googlecode.com/components/httpd.js:1677)
	at <anonymous class>.RequestReader.prototype._processBody(file:///C:/Users/BHAWNA~1/AppData/Local/Temp/anonymous1429330007671885211webdriver-profile/extensions/fxdriver@googlecode.com/components/httpd.js:1525)
	at <anonymous class>.RequestReader.prototype.onInputStreamReady(file:///C:/Users/BHAWNA~1/AppData/Local/Temp/anonymous1429330007671885211webdriver-profile/extensions/fxdriver@googlecode.com/components/httpd.js:1393)
]]>
            </full-stacktrace>
          </exception> <!-- org.openqa.selenium.WebDriverException -->
          <reporter-output>
          </reporter-output>
        </test-method> <!-- QuotesBuyNow -->
        <test-method status="PASS" signature="getResult(org.testng.ITestResult)[pri:0, instance:HealthProduct.HealthProductJourneyWithExcel@4c70fda8]" name="getResult" is-config="true" duration-ms="6" started-at="2017-09-05T11:48:40Z" finished-at="2017-09-05T11:48:40Z">
          <params>
            <param index="0">
              <value>
                <![CDATA[[TestResult name=QuotesBuyNow status=FAILURE method=HealthProductJourneyWithExcel.QuotesBuyNow(java.lang.String, java.lang.String, java.lang.String, java.lang.String, java.lang.String, java.lang.String, java.lang.String, java.lang.String, java.lang.String, java.lang.String, java.lang.String, java.lang.String, java.lang.String, java.lang.String, java.lang.String, java.lang.String, java.lang.String, java.lang.String, java.lang.String, java.lang.String, java.lang.String, java.lang.String, java.lang.String)[pri:13, instance:HealthProduct.HealthProductJourneyWithExcel@4c70fda8] output={null}]]]>
              </value>
            </param>
          </params>
          <reporter-output>
          </reporter-output>
        </test-method> <!-- getResult -->
        <test-method status="FAIL" signature="QuotesBuyNow(java.lang.String, java.lang.String, java.lang.String, java.lang.String, java.lang.String, java.lang.String, java.lang.String, java.lang.String, java.lang.String, java.lang.String, java.lang.String, java.lang.String, java.lang.String, java.lang.String, java.lang.String, java.lang.String, java.lang.String, java.lang.String, java.lang.String, java.lang.String, java.lang.String, java.lang.String, java.lang.String)[pri:13, instance:HealthProduct.HealthProductJourneyWithExcel@4c70fda8]" name="QuotesBuyNow" duration-ms="26" started-at="2017-09-05T11:48:40Z" description="Quotes page journey" data-provider="verify" finished-at="2017-09-05T11:48:40Z">
          <params>
            <param index="0">
              <value>
                <![CDATA[Mr.]]>
              </value>
            </param>
            <param index="1">
              <value>
                <![CDATA[abc]]>
              </value>
            </param>
            <param index="2">
              <value>
                <![CDATA[def]]>
              </value>
            </param>
            <param index="3">
              <value>
                <![CDATA[abc@gmail.com]]>
              </value>
            </param>
            <param index="4">
              <value>
                <![CDATA[9889988998]]>
              </value>
            </param>
            <param index="5">
              <value>
                <![CDATA[Housewife]]>
              </value>
            </param>
            <param index="6">
              <value>
                <![CDATA[Single]]>
              </value>
            </param>
            <param index="7">
              <value>
                <![CDATA[112. l block]]>
              </value>
            </param>
            <param index="8">
              <value>
                <![CDATA[Kotaaa]]>
              </value>
            </param>
            <param index="9">
              <value>
                <![CDATA[Rajasthan]]>
              </value>
            </param>
            <param index="10">
              <value>
                <![CDATA[324001]]>
              </value>
            </param>
            <param index="11">
              <value>
                <![CDATA[26]]>
              </value>
            </param>
            <param index="12">
              <value>
                <![CDATA[09]]>
              </value>
            </param>
            <param index="13">
              <value>
                <![CDATA[1952]]>
              </value>
            </param>
            <param index="14">
              <value>
                <![CDATA[Single]]>
              </value>
            </param>
            <param index="15">
              <value>
                <![CDATA[75]]>
              </value>
            </param>
            <param index="16">
              <value>
                <![CDATA[5]]>
              </value>
            </param>
            <param index="17">
              <value>
                <![CDATA[7]]>
              </value>
            </param>
            <param index="18">
              <value>
                <![CDATA[No]]>
              </value>
            </param>
            <param index="19">
              <value>
                <![CDATA[No]]>
              </value>
            </param>
            <param index="20">
              <value>
                <![CDATA[Yes]]>
              </value>
            </param>
            <param index="21">
              <value>
                <![CDATA[XYZ]]>
              </value>
            </param>
            <param index="22">
              <value>
                <![CDATA[Mother]]>
              </value>
            </param>
          </params>
          <exception class="org.openqa.selenium.WebDriverException">
            <message>
              <![CDATA[Session not found: ccc18c83-070e-45e7-ada8-da23bcb7b0bd
Command duration or timeout: 15 milliseconds
Build info: version: '2.53.1', revision: 'a36b8b1', time: '2016-06-30 17:37:03'
System info: host: 'ep-cp-34', ip: '192.168.3.245', os.name: 'Windows 7', os.arch: 'amd64', os.version: '6.1', java.version: '1.8.0_144'
Driver info: org.openqa.selenium.firefox.FirefoxDriver
Capabilities [{applicationCacheEnabled=true, rotatable=false, handlesAlerts=true, databaseEnabled=true, version=47.0.1, platform=WINDOWS, nativeEvents=false, acceptSslCerts=true, webStorageEnabled=true, locationContextEnabled=true, browserName=firefox, takesScreenshot=true, javascriptEnabled=true, cssSelectorsEnabled=true}]
Session ID: ccc18c83-070e-45e7-ada8-da23bcb7b0bd
*** Element info: {Using=xpath, value=(//span[text()='BUY NOW'])[1]}]]>
            </message>
            <full-stacktrace>
              <![CDATA[org.openqa.selenium.WebDriverException: Session not found: ccc18c83-070e-45e7-ada8-da23bcb7b0bd
Command duration or timeout: 15 milliseconds
Build info: version: '2.53.1', revision: 'a36b8b1', time: '2016-06-30 17:37:03'
System info: host: 'ep-cp-34', ip: '192.168.3.245', os.name: 'Windows 7', os.arch: 'amd64', os.version: '6.1', java.version: '1.8.0_144'
Driver info: org.openqa.selenium.firefox.FirefoxDriver
Capabilities [{applicationCacheEnabled=true, rotatable=false, handlesAlerts=true, databaseEnabled=true, version=47.0.1, platform=WINDOWS, nativeEvents=false, acceptSslCerts=true, webStorageEnabled=true, locationContextEnabled=true, browserName=firefox, takesScreenshot=true, javascriptEnabled=true, cssSelectorsEnabled=true}]
Session ID: ccc18c83-070e-45e7-ada8-da23bcb7b0bd
*** Element info: {Using=xpath, value=(//span[text()='BUY NOW'])[1]}
	at sun.reflect.NativeConstructorAccessorImpl.newInstance0(Native Method)
	at sun.reflect.NativeConstructorAccessorImpl.newInstance(NativeConstructorAccessorImpl.java:62)
	at sun.reflect.DelegatingConstructorAccessorImpl.newInstance(DelegatingConstructorAccessorImpl.java:45)
	at java.lang.reflect.Constructor.newInstance(Constructor.java:423)
	at org.openqa.selenium.remote.ErrorHandler.createThrowable(ErrorHandler.java:206)
	at org.openqa.selenium.remote.ErrorHandler.throwIfResponseFailed(ErrorHandler.java:158)
	at org.openqa.selenium.remote.RemoteWebDriver.execute(RemoteWebDriver.java:678)
	at org.openqa.selenium.remote.RemoteWebDriver.findElement(RemoteWebDriver.java:363)
	at org.openqa.selenium.remote.RemoteWebDriver.findElementByXPath(RemoteWebDriver.java:500)
	at org.openqa.selenium.By$ByXPath.findElement(By.java:361)
	at org.openqa.selenium.remote.RemoteWebDriver.findElement(RemoteWebDriver.java:355)
	at HealthProduct.HealthProductJourneyWithExcel.QuotesBuyNow(HealthProductJourneyWithExcel.java:391)
	at sun.reflect.NativeMethodAccessorImpl.invoke0(Native Method)
	at sun.reflect.NativeMethodAccessorImpl.invoke(NativeMethodAccessorImpl.java:62)
	at sun.reflect.DelegatingMethodAccessorImpl.invoke(DelegatingMethodAccessorImpl.java:43)
	at java.lang.reflect.Method.invoke(Method.java:498)
	at org.testng.internal.MethodInvocationHelper.invokeMethod(MethodInvocationHelper.java:85)
	at org.testng.internal.Invoker.invokeMethod(Invoker.java:639)
	at org.testng.internal.Invoker.invokeTestMethod(Invoker.java:816)
	at org.testng.internal.Invoker.invokeTestMethods(Invoker.java:1124)
	at org.testng.internal.TestMethodWorker.invokeTestMethods(TestMethodWorker.java:125)
	at org.testng.internal.TestMethodWorker.run(TestMethodWorker.java:108)
	at org.testng.TestRunner.privateRun(TestRunner.java:774)
	at org.testng.TestRunner.run(TestRunner.java:624)
	at org.testng.SuiteRunner.runTest(SuiteRunner.java:359)
	at org.testng.SuiteRunner.runSequentially(SuiteRunner.java:354)
	at org.testng.SuiteRunner.privateRun(SuiteRunner.java:312)
	at org.testng.SuiteRunner.run(SuiteRunner.java:261)
	at org.testng.SuiteRunnerWorker.runSuite(SuiteRunnerWorker.java:52)
	at org.testng.SuiteRunnerWorker.run(SuiteRunnerWorker.java:86)
	at org.testng.TestNG.runSuitesSequentially(TestNG.java:1215)
	at org.testng.TestNG.runSuitesLocally(TestNG.java:1140)
	at org.testng.TestNG.run(TestNG.java:1048)
	at org.testng.remote.AbstractRemoteTestNG.run(AbstractRemoteTestNG.java:132)
	at org.testng.remote.RemoteTestNG.initAndRun(RemoteTestNG.java:230)
	at org.testng.remote.RemoteTestNG.main(RemoteTestNG.java:76)
Caused by: org.openqa.selenium.WebDriverException: Session not found: ccc18c83-070e-45e7-ada8-da23bcb7b0bd
Build info: version: '2.53.1', revision: 'a36b8b1', time: '2016-06-30 17:37:03'
System info: host: 'ep-cp-34', ip: '192.168.3.245', os.name: 'Windows 7', os.arch: 'amd64', os.version: '6.1', java.version: '1.8.0_144'
Driver info: driver.version: unknown
	at <anonymous class>.nsCommandProcessor.prototype.execute(file:///C:/Users/BHAWNA~1/AppData/Local/Temp/anonymous1429330007671885211webdriver-profile/extensions/fxdriver@googlecode.com/components/command-processor.js:12704)
	at <anonymous class>.Dispatcher.executeAs/<(file:///C:/Users/BHAWNA~1/AppData/Local/Temp/anonymous1429330007671885211webdriver-profile/extensions/fxdriver@googlecode.com/components/driver-component.js:9558)
	at <anonymous class>.Resource.prototype.handle(file:///C:/Users/BHAWNA~1/AppData/Local/Temp/anonymous1429330007671885211webdriver-profile/extensions/fxdriver@googlecode.com/components/driver-component.js:9705)
	at <anonymous class>.Dispatcher.prototype.dispatch(file:///C:/Users/BHAWNA~1/AppData/Local/Temp/anonymous1429330007671885211webdriver-profile/extensions/fxdriver@googlecode.com/components/driver-component.js:9652)
	at <anonymous class>.WebDriverServer/<.handle(file:///C:/Users/BHAWNA~1/AppData/Local/Temp/anonymous1429330007671885211webdriver-profile/extensions/fxdriver@googlecode.com/components/driver-component.js:12517)
	at <anonymous class>.createHandlerFunc/<(file:///C:/Users/BHAWNA~1/AppData/Local/Temp/anonymous1429330007671885211webdriver-profile/extensions/fxdriver@googlecode.com/components/httpd.js:2054)
	at <anonymous class>.ServerHandler.prototype.handleResponse(file:///C:/Users/BHAWNA~1/AppData/Local/Temp/anonymous1429330007671885211webdriver-profile/extensions/fxdriver@googlecode.com/components/httpd.js:2387)
	at <anonymous class>.Connection.prototype.process(file:///C:/Users/BHAWNA~1/AppData/Local/Temp/anonymous1429330007671885211webdriver-profile/extensions/fxdriver@googlecode.com/components/httpd.js:1223)
	at <anonymous class>.RequestReader.prototype._handleResponse(file:///C:/Users/BHAWNA~1/AppData/Local/Temp/anonymous1429330007671885211webdriver-profile/extensions/fxdriver@googlecode.com/components/httpd.js:1677)
	at <anonymous class>.RequestReader.prototype._processBody(file:///C:/Users/BHAWNA~1/AppData/Local/Temp/anonymous1429330007671885211webdriver-profile/extensions/fxdriver@googlecode.com/components/httpd.js:1525)
	at <anonymous class>.RequestReader.prototype.onInputStreamReady(file:///C:/Users/BHAWNA~1/AppData/Local/Temp/anonymous1429330007671885211webdriver-profile/extensions/fxdriver@googlecode.com/components/httpd.js:1393)
]]>
            </full-stacktrace>
          </exception> <!-- org.openqa.selenium.WebDriverException -->
          <reporter-output>
          </reporter-output>
        </test-method> <!-- QuotesBuyNow -->
        <test-method status="PASS" signature="getResult(org.testng.ITestResult)[pri:0, instance:HealthProduct.HealthProductJourneyWithExcel@4c70fda8]" name="getResult" is-config="true" duration-ms="8" started-at="2017-09-05T11:48:40Z" finished-at="2017-09-05T11:48:40Z">
          <params>
            <param index="0">
              <value>
                <![CDATA[[TestResult name=QuotesBuyNow status=FAILURE method=HealthProductJourneyWithExcel.QuotesBuyNow(java.lang.String, java.lang.String, java.lang.String, java.lang.String, java.lang.String, java.lang.String, java.lang.String, java.lang.String, java.lang.String, java.lang.String, java.lang.String, java.lang.String, java.lang.String, java.lang.String, java.lang.String, java.lang.String, java.lang.String, java.lang.String, java.lang.String, java.lang.String, java.lang.String, java.lang.String, java.lang.String)[pri:13, instance:HealthProduct.HealthProductJourneyWithExcel@4c70fda8] output={null}]]]>
              </value>
            </param>
          </params>
          <reporter-output>
          </reporter-output>
        </test-method> <!-- getResult -->
        <test-method status="FAIL" signature="QuotesBuyNow(java.lang.String, java.lang.String, java.lang.String, java.lang.String, java.lang.String, java.lang.String, java.lang.String, java.lang.String, java.lang.String, java.lang.String, java.lang.String, java.lang.String, java.lang.String, java.lang.String, java.lang.String, java.lang.String, java.lang.String, java.lang.String, java.lang.String, java.lang.String, java.lang.String, java.lang.String, java.lang.String)[pri:13, instance:HealthProduct.HealthProductJourneyWithExcel@4c70fda8]" name="QuotesBuyNow" duration-ms="15" started-at="2017-09-05T11:48:41Z" description="Quotes page journey" data-provider="verify" finished-at="2017-09-05T11:48:41Z">
          <params>
            <param index="0">
              <value>
                <![CDATA[Mr.]]>
              </value>
            </param>
            <param index="1">
              <value>
                <![CDATA[abc]]>
              </value>
            </param>
            <param index="2">
              <value>
                <![CDATA[def]]>
              </value>
            </param>
            <param index="3">
              <value>
                <![CDATA[abc@gmail.com]]>
              </value>
            </param>
            <param index="4">
              <value>
                <![CDATA[9889988998]]>
              </value>
            </param>
            <param index="5">
              <value>
                <![CDATA[Accountant]]>
              </value>
            </param>
            <param index="6">
              <value>
                <![CDATA[Single]]>
              </value>
            </param>
            <param index="7">
              <value>
                <![CDATA[CH/KG 2 KAVI NAGAR]]>
              </value>
            </param>
            <param index="8">
              <value>
                <![CDATA[Ghaziabad]]>
              </value>
            </param>
            <param index="9">
              <value>
                <![CDATA[Ghaziabad]]>
              </value>
            </param>
            <param index="10">
              <value>
                <![CDATA[201002]]>
              </value>
            </param>
            <param index="11">
              <value>
                <![CDATA[25]]>
              </value>
            </param>
            <param index="12">
              <value>
                <![CDATA[05]]>
              </value>
            </param>
            <param index="13">
              <value>
                <![CDATA[1987]]>
              </value>
            </param>
            <param index="14">
              <value>
                <![CDATA[Single]]>
              </value>
            </param>
            <param index="15">
              <value>
                <![CDATA[56]]>
              </value>
            </param>
            <param index="16">
              <value>
                <![CDATA[5]]>
              </value>
            </param>
            <param index="17">
              <value>
                <![CDATA[2]]>
              </value>
            </param>
            <param index="18">
              <value>
                <![CDATA[No]]>
              </value>
            </param>
            <param index="19">
              <value>
                <![CDATA[No]]>
              </value>
            </param>
            <param index="20">
              <value>
                <![CDATA[Yes]]>
              </value>
            </param>
            <param index="21">
              <value>
                <![CDATA[XYZ]]>
              </value>
            </param>
            <param index="22">
              <value>
                <![CDATA[Brother]]>
              </value>
            </param>
          </params>
          <exception class="org.openqa.selenium.WebDriverException">
            <message>
              <![CDATA[Session not found: ccc18c83-070e-45e7-ada8-da23bcb7b0bd
Command duration or timeout: 13 milliseconds
Build info: version: '2.53.1', revision: 'a36b8b1', time: '2016-06-30 17:37:03'
System info: host: 'ep-cp-34', ip: '192.168.3.245', os.name: 'Windows 7', os.arch: 'amd64', os.version: '6.1', java.version: '1.8.0_144'
Driver info: org.openqa.selenium.firefox.FirefoxDriver
Capabilities [{applicationCacheEnabled=true, rotatable=false, handlesAlerts=true, databaseEnabled=true, version=47.0.1, platform=WINDOWS, nativeEvents=false, acceptSslCerts=true, webStorageEnabled=true, locationContextEnabled=true, browserName=firefox, takesScreenshot=true, javascriptEnabled=true, cssSelectorsEnabled=true}]
Session ID: ccc18c83-070e-45e7-ada8-da23bcb7b0bd
*** Element info: {Using=xpath, value=(//span[text()='BUY NOW'])[1]}]]>
            </message>
            <full-stacktrace>
              <![CDATA[org.openqa.selenium.WebDriverException: Session not found: ccc18c83-070e-45e7-ada8-da23bcb7b0bd
Command duration or timeout: 13 milliseconds
Build info: version: '2.53.1', revision: 'a36b8b1', time: '2016-06-30 17:37:03'
System info: host: 'ep-cp-34', ip: '192.168.3.245', os.name: 'Windows 7', os.arch: 'amd64', os.version: '6.1', java.version: '1.8.0_144'
Driver info: org.openqa.selenium.firefox.FirefoxDriver
Capabilities [{applicationCacheEnabled=true, rotatable=false, handlesAlerts=true, databaseEnabled=true, version=47.0.1, platform=WINDOWS, nativeEvents=false, acceptSslCerts=true, webStorageEnabled=true, locationContextEnabled=true, browserName=firefox, takesScreenshot=true, javascriptEnabled=true, cssSelectorsEnabled=true}]
Session ID: ccc18c83-070e-45e7-ada8-da23bcb7b0bd
*** Element info: {Using=xpath, value=(//span[text()='BUY NOW'])[1]}
	at sun.reflect.NativeConstructorAccessorImpl.newInstance0(Native Method)
	at sun.reflect.NativeConstructorAccessorImpl.newInstance(NativeConstructorAccessorImpl.java:62)
	at sun.reflect.DelegatingConstructorAccessorImpl.newInstance(DelegatingConstructorAccessorImpl.java:45)
	at java.lang.reflect.Constructor.newInstance(Constructor.java:423)
	at org.openqa.selenium.remote.ErrorHandler.createThrowable(ErrorHandler.java:206)
	at org.openqa.selenium.remote.ErrorHandler.throwIfResponseFailed(ErrorHandler.java:158)
	at org.openqa.selenium.remote.RemoteWebDriver.execute(RemoteWebDriver.java:678)
	at org.openqa.selenium.remote.RemoteWebDriver.findElement(RemoteWebDriver.java:363)
	at org.openqa.selenium.remote.RemoteWebDriver.findElementByXPath(RemoteWebDriver.java:500)
	at org.openqa.selenium.By$ByXPath.findElement(By.java:361)
	at org.openqa.selenium.remote.RemoteWebDriver.findElement(RemoteWebDriver.java:355)
	at HealthProduct.HealthProductJourneyWithExcel.QuotesBuyNow(HealthProductJourneyWithExcel.java:391)
	at sun.reflect.NativeMethodAccessorImpl.invoke0(Native Method)
	at sun.reflect.NativeMethodAccessorImpl.invoke(NativeMethodAccessorImpl.java:62)
	at sun.reflect.DelegatingMethodAccessorImpl.invoke(DelegatingMethodAccessorImpl.java:43)
	at java.lang.reflect.Method.invoke(Method.java:498)
	at org.testng.internal.MethodInvocationHelper.invokeMethod(MethodInvocationHelper.java:85)
	at org.testng.internal.Invoker.invokeMethod(Invoker.java:639)
	at org.testng.internal.Invoker.invokeTestMethod(Invoker.java:816)
	at org.testng.internal.Invoker.invokeTestMethods(Invoker.java:1124)
	at org.testng.internal.TestMethodWorker.invokeTestMethods(TestMethodWorker.java:125)
	at org.testng.internal.TestMethodWorker.run(TestMethodWorker.java:108)
	at org.testng.TestRunner.privateRun(TestRunner.java:774)
	at org.testng.TestRunner.run(TestRunner.java:624)
	at org.testng.SuiteRunner.runTest(SuiteRunner.java:359)
	at org.testng.SuiteRunner.runSequentially(SuiteRunner.java:354)
	at org.testng.SuiteRunner.privateRun(SuiteRunner.java:312)
	at org.testng.SuiteRunner.run(SuiteRunner.java:261)
	at org.testng.SuiteRunnerWorker.runSuite(SuiteRunnerWorker.java:52)
	at org.testng.SuiteRunnerWorker.run(SuiteRunnerWorker.java:86)
	at org.testng.TestNG.runSuitesSequentially(TestNG.java:1215)
	at org.testng.TestNG.runSuitesLocally(TestNG.java:1140)
	at org.testng.TestNG.run(TestNG.java:1048)
	at org.testng.remote.AbstractRemoteTestNG.run(AbstractRemoteTestNG.java:132)
	at org.testng.remote.RemoteTestNG.initAndRun(RemoteTestNG.java:230)
	at org.testng.remote.RemoteTestNG.main(RemoteTestNG.java:76)
Caused by: org.openqa.selenium.WebDriverException: Session not found: ccc18c83-070e-45e7-ada8-da23bcb7b0bd
Build info: version: '2.53.1', revision: 'a36b8b1', time: '2016-06-30 17:37:03'
System info: host: 'ep-cp-34', ip: '192.168.3.245', os.name: 'Windows 7', os.arch: 'amd64', os.version: '6.1', java.version: '1.8.0_144'
Driver info: driver.version: unknown
	at <anonymous class>.nsCommandProcessor.prototype.execute(file:///C:/Users/BHAWNA~1/AppData/Local/Temp/anonymous1429330007671885211webdriver-profile/extensions/fxdriver@googlecode.com/components/command-processor.js:12704)
	at <anonymous class>.Dispatcher.executeAs/<(file:///C:/Users/BHAWNA~1/AppData/Local/Temp/anonymous1429330007671885211webdriver-profile/extensions/fxdriver@googlecode.com/components/driver-component.js:9558)
	at <anonymous class>.Resource.prototype.handle(file:///C:/Users/BHAWNA~1/AppData/Local/Temp/anonymous1429330007671885211webdriver-profile/extensions/fxdriver@googlecode.com/components/driver-component.js:9705)
	at <anonymous class>.Dispatcher.prototype.dispatch(file:///C:/Users/BHAWNA~1/AppData/Local/Temp/anonymous1429330007671885211webdriver-profile/extensions/fxdriver@googlecode.com/components/driver-component.js:9652)
	at <anonymous class>.WebDriverServer/<.handle(file:///C:/Users/BHAWNA~1/AppData/Local/Temp/anonymous1429330007671885211webdriver-profile/extensions/fxdriver@googlecode.com/components/driver-component.js:12517)
	at <anonymous class>.createHandlerFunc/<(file:///C:/Users/BHAWNA~1/AppData/Local/Temp/anonymous1429330007671885211webdriver-profile/extensions/fxdriver@googlecode.com/components/httpd.js:2054)
	at <anonymous class>.ServerHandler.prototype.handleResponse(file:///C:/Users/BHAWNA~1/AppData/Local/Temp/anonymous1429330007671885211webdriver-profile/extensions/fxdriver@googlecode.com/components/httpd.js:2387)
	at <anonymous class>.Connection.prototype.process(file:///C:/Users/BHAWNA~1/AppData/Local/Temp/anonymous1429330007671885211webdriver-profile/extensions/fxdriver@googlecode.com/components/httpd.js:1223)
	at <anonymous class>.RequestReader.prototype._handleResponse(file:///C:/Users/BHAWNA~1/AppData/Local/Temp/anonymous1429330007671885211webdriver-profile/extensions/fxdriver@googlecode.com/components/httpd.js:1677)
	at <anonymous class>.RequestReader.prototype._processBody(file:///C:/Users/BHAWNA~1/AppData/Local/Temp/anonymous1429330007671885211webdriver-profile/extensions/fxdriver@googlecode.com/components/httpd.js:1525)
	at <anonymous class>.RequestReader.prototype.onInputStreamReady(file:///C:/Users/BHAWNA~1/AppData/Local/Temp/anonymous1429330007671885211webdriver-profile/extensions/fxdriver@googlecode.com/components/httpd.js:1393)
]]>
            </full-stacktrace>
          </exception> <!-- org.openqa.selenium.WebDriverException -->
          <reporter-output>
          </reporter-output>
        </test-method> <!-- QuotesBuyNow -->
        <test-method status="PASS" signature="getResult(org.testng.ITestResult)[pri:0, instance:HealthProduct.HealthProductJourneyWithExcel@4c70fda8]" name="getResult" is-config="true" duration-ms="7" started-at="2017-09-05T11:48:41Z" finished-at="2017-09-05T11:48:41Z">
          <params>
            <param index="0">
              <value>
                <![CDATA[[TestResult name=QuotesBuyNow status=FAILURE method=HealthProductJourneyWithExcel.QuotesBuyNow(java.lang.String, java.lang.String, java.lang.String, java.lang.String, java.lang.String, java.lang.String, java.lang.String, java.lang.String, java.lang.String, java.lang.String, java.lang.String, java.lang.String, java.lang.String, java.lang.String, java.lang.String, java.lang.String, java.lang.String, java.lang.String, java.lang.String, java.lang.String, java.lang.String, java.lang.String, java.lang.String)[pri:13, instance:HealthProduct.HealthProductJourneyWithExcel@4c70fda8] output={null}]]]>
              </value>
            </param>
          </params>
          <reporter-output>
          </reporter-output>
        </test-method> <!-- getResult -->
        <test-method status="FAIL" signature="QuotesBuyNow(java.lang.String, java.lang.String, java.lang.String, java.lang.String, java.lang.String, java.lang.String, java.lang.String, java.lang.String, java.lang.String, java.lang.String, java.lang.String, java.lang.String, java.lang.String, java.lang.String, java.lang.String, java.lang.String, java.lang.String, java.lang.String, java.lang.String, java.lang.String, java.lang.String, java.lang.String, java.lang.String)[pri:13, instance:HealthProduct.HealthProductJourneyWithExcel@4c70fda8]" name="QuotesBuyNow" duration-ms="15" started-at="2017-09-05T11:48:41Z" description="Quotes page journey" data-provider="verify" finished-at="2017-09-05T11:48:41Z">
          <params>
            <param index="0">
              <value>
                <![CDATA[Mr.]]>
              </value>
            </param>
            <param index="1">
              <value>
                <![CDATA[abc]]>
              </value>
            </param>
            <param index="2">
              <value>
                <![CDATA[def]]>
              </value>
            </param>
            <param index="3">
              <value>
                <![CDATA[abc@gmail.com]]>
              </value>
            </param>
            <param index="4">
              <value>
                <![CDATA[9889988998]]>
              </value>
            </param>
            <param index="5">
              <value>
                <![CDATA[Government Employed]]>
              </value>
            </param>
            <param index="6">
              <value>
                <![CDATA[Single]]>
              </value>
            </param>
            <param index="7">
              <value>
                <![CDATA[flat no. 78, firdt floor,]]>
              </value>
            </param>
            <param index="8">
              <value>
                <![CDATA[bhojpur]]>
              </value>
            </param>
            <param index="9">
              <value>
                <![CDATA[Bihar]]>
              </value>
            </param>
            <param index="10">
              <value>
                <![CDATA[823001]]>
              </value>
            </param>
            <param index="11">
              <value>
                <![CDATA[30]]>
              </value>
            </param>
            <param index="12">
              <value>
                <![CDATA[12]]>
              </value>
            </param>
            <param index="13">
              <value>
                <![CDATA[1975]]>
              </value>
            </param>
            <param index="14">
              <value>
                <![CDATA[Single]]>
              </value>
            </param>
            <param index="15">
              <value>
                <![CDATA[72]]>
              </value>
            </param>
            <param index="16">
              <value>
                <![CDATA[5]]>
              </value>
            </param>
            <param index="17">
              <value>
                <![CDATA[8]]>
              </value>
            </param>
            <param index="18">
              <value>
                <![CDATA[No]]>
              </value>
            </param>
            <param index="19">
              <value>
                <![CDATA[No]]>
              </value>
            </param>
            <param index="20">
              <value>
                <![CDATA[Yes]]>
              </value>
            </param>
            <param index="21">
              <value>
                <![CDATA[XYZ]]>
              </value>
            </param>
            <param index="22">
              <value>
                <![CDATA[Father]]>
              </value>
            </param>
          </params>
          <exception class="org.openqa.selenium.WebDriverException">
            <message>
              <![CDATA[Session not found: ccc18c83-070e-45e7-ada8-da23bcb7b0bd
Command duration or timeout: 11 milliseconds
Build info: version: '2.53.1', revision: 'a36b8b1', time: '2016-06-30 17:37:03'
System info: host: 'ep-cp-34', ip: '192.168.3.245', os.name: 'Windows 7', os.arch: 'amd64', os.version: '6.1', java.version: '1.8.0_144'
Driver info: org.openqa.selenium.firefox.FirefoxDriver
Capabilities [{applicationCacheEnabled=true, rotatable=false, handlesAlerts=true, databaseEnabled=true, version=47.0.1, platform=WINDOWS, nativeEvents=false, acceptSslCerts=true, webStorageEnabled=true, locationContextEnabled=true, browserName=firefox, takesScreenshot=true, javascriptEnabled=true, cssSelectorsEnabled=true}]
Session ID: ccc18c83-070e-45e7-ada8-da23bcb7b0bd
*** Element info: {Using=xpath, value=(//span[text()='BUY NOW'])[1]}]]>
            </message>
            <full-stacktrace>
              <![CDATA[org.openqa.selenium.WebDriverException: Session not found: ccc18c83-070e-45e7-ada8-da23bcb7b0bd
Command duration or timeout: 11 milliseconds
Build info: version: '2.53.1', revision: 'a36b8b1', time: '2016-06-30 17:37:03'
System info: host: 'ep-cp-34', ip: '192.168.3.245', os.name: 'Windows 7', os.arch: 'amd64', os.version: '6.1', java.version: '1.8.0_144'
Driver info: org.openqa.selenium.firefox.FirefoxDriver
Capabilities [{applicationCacheEnabled=true, rotatable=false, handlesAlerts=true, databaseEnabled=true, version=47.0.1, platform=WINDOWS, nativeEvents=false, acceptSslCerts=true, webStorageEnabled=true, locationContextEnabled=true, browserName=firefox, takesScreenshot=true, javascriptEnabled=true, cssSelectorsEnabled=true}]
Session ID: ccc18c83-070e-45e7-ada8-da23bcb7b0bd
*** Element info: {Using=xpath, value=(//span[text()='BUY NOW'])[1]}
	at sun.reflect.NativeConstructorAccessorImpl.newInstance0(Native Method)
	at sun.reflect.NativeConstructorAccessorImpl.newInstance(NativeConstructorAccessorImpl.java:62)
	at sun.reflect.DelegatingConstructorAccessorImpl.newInstance(DelegatingConstructorAccessorImpl.java:45)
	at java.lang.reflect.Constructor.newInstance(Constructor.java:423)
	at org.openqa.selenium.remote.ErrorHandler.createThrowable(ErrorHandler.java:206)
	at org.openqa.selenium.remote.ErrorHandler.throwIfResponseFailed(ErrorHandler.java:158)
	at org.openqa.selenium.remote.RemoteWebDriver.execute(RemoteWebDriver.java:678)
	at org.openqa.selenium.remote.RemoteWebDriver.findElement(RemoteWebDriver.java:363)
	at org.openqa.selenium.remote.RemoteWebDriver.findElementByXPath(RemoteWebDriver.java:500)
	at org.openqa.selenium.By$ByXPath.findElement(By.java:361)
	at org.openqa.selenium.remote.RemoteWebDriver.findElement(RemoteWebDriver.java:355)
	at HealthProduct.HealthProductJourneyWithExcel.QuotesBuyNow(HealthProductJourneyWithExcel.java:391)
	at sun.reflect.NativeMethodAccessorImpl.invoke0(Native Method)
	at sun.reflect.NativeMethodAccessorImpl.invoke(NativeMethodAccessorImpl.java:62)
	at sun.reflect.DelegatingMethodAccessorImpl.invoke(DelegatingMethodAccessorImpl.java:43)
	at java.lang.reflect.Method.invoke(Method.java:498)
	at org.testng.internal.MethodInvocationHelper.invokeMethod(MethodInvocationHelper.java:85)
	at org.testng.internal.Invoker.invokeMethod(Invoker.java:639)
	at org.testng.internal.Invoker.invokeTestMethod(Invoker.java:816)
	at org.testng.internal.Invoker.invokeTestMethods(Invoker.java:1124)
	at org.testng.internal.TestMethodWorker.invokeTestMethods(TestMethodWorker.java:125)
	at org.testng.internal.TestMethodWorker.run(TestMethodWorker.java:108)
	at org.testng.TestRunner.privateRun(TestRunner.java:774)
	at org.testng.TestRunner.run(TestRunner.java:624)
	at org.testng.SuiteRunner.runTest(SuiteRunner.java:359)
	at org.testng.SuiteRunner.runSequentially(SuiteRunner.java:354)
	at org.testng.SuiteRunner.privateRun(SuiteRunner.java:312)
	at org.testng.SuiteRunner.run(SuiteRunner.java:261)
	at org.testng.SuiteRunnerWorker.runSuite(SuiteRunnerWorker.java:52)
	at org.testng.SuiteRunnerWorker.run(SuiteRunnerWorker.java:86)
	at org.testng.TestNG.runSuitesSequentially(TestNG.java:1215)
	at org.testng.TestNG.runSuitesLocally(TestNG.java:1140)
	at org.testng.TestNG.run(TestNG.java:1048)
	at org.testng.remote.AbstractRemoteTestNG.run(AbstractRemoteTestNG.java:132)
	at org.testng.remote.RemoteTestNG.initAndRun(RemoteTestNG.java:230)
	at org.testng.remote.RemoteTestNG.main(RemoteTestNG.java:76)
Caused by: org.openqa.selenium.WebDriverException: Session not found: ccc18c83-070e-45e7-ada8-da23bcb7b0bd
Build info: version: '2.53.1', revision: 'a36b8b1', time: '2016-06-30 17:37:03'
System info: host: 'ep-cp-34', ip: '192.168.3.245', os.name: 'Windows 7', os.arch: 'amd64', os.version: '6.1', java.version: '1.8.0_144'
Driver info: driver.version: unknown
	at <anonymous class>.nsCommandProcessor.prototype.execute(file:///C:/Users/BHAWNA~1/AppData/Local/Temp/anonymous1429330007671885211webdriver-profile/extensions/fxdriver@googlecode.com/components/command-processor.js:12704)
	at <anonymous class>.Dispatcher.executeAs/<(file:///C:/Users/BHAWNA~1/AppData/Local/Temp/anonymous1429330007671885211webdriver-profile/extensions/fxdriver@googlecode.com/components/driver-component.js:9558)
	at <anonymous class>.Resource.prototype.handle(file:///C:/Users/BHAWNA~1/AppData/Local/Temp/anonymous1429330007671885211webdriver-profile/extensions/fxdriver@googlecode.com/components/driver-component.js:9705)
	at <anonymous class>.Dispatcher.prototype.dispatch(file:///C:/Users/BHAWNA~1/AppData/Local/Temp/anonymous1429330007671885211webdriver-profile/extensions/fxdriver@googlecode.com/components/driver-component.js:9652)
	at <anonymous class>.WebDriverServer/<.handle(file:///C:/Users/BHAWNA~1/AppData/Local/Temp/anonymous1429330007671885211webdriver-profile/extensions/fxdriver@googlecode.com/components/driver-component.js:12517)
	at <anonymous class>.createHandlerFunc/<(file:///C:/Users/BHAWNA~1/AppData/Local/Temp/anonymous1429330007671885211webdriver-profile/extensions/fxdriver@googlecode.com/components/httpd.js:2054)
	at <anonymous class>.ServerHandler.prototype.handleResponse(file:///C:/Users/BHAWNA~1/AppData/Local/Temp/anonymous1429330007671885211webdriver-profile/extensions/fxdriver@googlecode.com/components/httpd.js:2387)
	at <anonymous class>.Connection.prototype.process(file:///C:/Users/BHAWNA~1/AppData/Local/Temp/anonymous1429330007671885211webdriver-profile/extensions/fxdriver@googlecode.com/components/httpd.js:1223)
	at <anonymous class>.RequestReader.prototype._handleResponse(file:///C:/Users/BHAWNA~1/AppData/Local/Temp/anonymous1429330007671885211webdriver-profile/extensions/fxdriver@googlecode.com/components/httpd.js:1677)
	at <anonymous class>.RequestReader.prototype._processBody(file:///C:/Users/BHAWNA~1/AppData/Local/Temp/anonymous1429330007671885211webdriver-profile/extensions/fxdriver@googlecode.com/components/httpd.js:1525)
	at <anonymous class>.RequestReader.prototype.onInputStreamReady(file:///C:/Users/BHAWNA~1/AppData/Local/Temp/anonymous1429330007671885211webdriver-profile/extensions/fxdriver@googlecode.com/components/httpd.js:1393)
]]>
            </full-stacktrace>
          </exception> <!-- org.openqa.selenium.WebDriverException -->
          <reporter-output>
          </reporter-output>
        </test-method> <!-- QuotesBuyNow -->
        <test-method status="PASS" signature="getResult(org.testng.ITestResult)[pri:0, instance:HealthProduct.HealthProductJourneyWithExcel@4c70fda8]" name="getResult" is-config="true" duration-ms="3" started-at="2017-09-05T11:48:41Z" finished-at="2017-09-05T11:48:41Z">
          <params>
            <param index="0">
              <value>
                <![CDATA[[TestResult name=QuotesBuyNow status=FAILURE method=HealthProductJourneyWithExcel.QuotesBuyNow(java.lang.String, java.lang.String, java.lang.String, java.lang.String, java.lang.String, java.lang.String, java.lang.String, java.lang.String, java.lang.String, java.lang.String, java.lang.String, java.lang.String, java.lang.String, java.lang.String, java.lang.String, java.lang.String, java.lang.String, java.lang.String, java.lang.String, java.lang.String, java.lang.String, java.lang.String, java.lang.String)[pri:13, instance:HealthProduct.HealthProductJourneyWithExcel@4c70fda8] output={null}]]]>
              </value>
            </param>
          </params>
          <reporter-output>
          </reporter-output>
        </test-method> <!-- getResult -->
        <test-method status="FAIL" signature="QuotesBuyNow(java.lang.String, java.lang.String, java.lang.String, java.lang.String, java.lang.String, java.lang.String, java.lang.String, java.lang.String, java.lang.String, java.lang.String, java.lang.String, java.lang.String, java.lang.String, java.lang.String, java.lang.String, java.lang.String, java.lang.String, java.lang.String, java.lang.String, java.lang.String, java.lang.String, java.lang.String, java.lang.String)[pri:13, instance:HealthProduct.HealthProductJourneyWithExcel@4c70fda8]" name="QuotesBuyNow" duration-ms="20" started-at="2017-09-05T11:48:41Z" description="Quotes page journey" data-provider="verify" finished-at="2017-09-05T11:48:41Z">
          <params>
            <param index="0">
              <value>
                <![CDATA[Mr.]]>
              </value>
            </param>
            <param index="1">
              <value>
                <![CDATA[abc]]>
              </value>
            </param>
            <param index="2">
              <value>
                <![CDATA[def]]>
              </value>
            </param>
            <param index="3">
              <value>
                <![CDATA[abc@gmail.com]]>
              </value>
            </param>
            <param index="4">
              <value>
                <![CDATA[9889988998]]>
              </value>
            </param>
            <param index="5">
              <value>
                <![CDATA[Housewife]]>
              </value>
            </param>
            <param index="6">
              <value>
                <![CDATA[Single]]>
              </value>
            </param>
            <param index="7">
              <value>
                <![CDATA[112. l block]]>
              </value>
            </param>
            <param index="8">
              <value>
                <![CDATA[Kotaaa]]>
              </value>
            </param>
            <param index="9">
              <value>
                <![CDATA[Rajasthan]]>
              </value>
            </param>
            <param index="10">
              <value>
                <![CDATA[324001]]>
              </value>
            </param>
            <param index="11">
              <value>
                <![CDATA[26]]>
              </value>
            </param>
            <param index="12">
              <value>
                <![CDATA[09]]>
              </value>
            </param>
            <param index="13">
              <value>
                <![CDATA[1952]]>
              </value>
            </param>
            <param index="14">
              <value>
                <![CDATA[Single]]>
              </value>
            </param>
            <param index="15">
              <value>
                <![CDATA[75]]>
              </value>
            </param>
            <param index="16">
              <value>
                <![CDATA[5]]>
              </value>
            </param>
            <param index="17">
              <value>
                <![CDATA[7]]>
              </value>
            </param>
            <param index="18">
              <value>
                <![CDATA[No]]>
              </value>
            </param>
            <param index="19">
              <value>
                <![CDATA[No]]>
              </value>
            </param>
            <param index="20">
              <value>
                <![CDATA[Yes]]>
              </value>
            </param>
            <param index="21">
              <value>
                <![CDATA[XYZ]]>
              </value>
            </param>
            <param index="22">
              <value>
                <![CDATA[Mother]]>
              </value>
            </param>
          </params>
          <exception class="org.openqa.selenium.WebDriverException">
            <message>
              <![CDATA[Session not found: ccc18c83-070e-45e7-ada8-da23bcb7b0bd
Command duration or timeout: 18 milliseconds
Build info: version: '2.53.1', revision: 'a36b8b1', time: '2016-06-30 17:37:03'
System info: host: 'ep-cp-34', ip: '192.168.3.245', os.name: 'Windows 7', os.arch: 'amd64', os.version: '6.1', java.version: '1.8.0_144'
Driver info: org.openqa.selenium.firefox.FirefoxDriver
Capabilities [{applicationCacheEnabled=true, rotatable=false, handlesAlerts=true, databaseEnabled=true, version=47.0.1, platform=WINDOWS, nativeEvents=false, acceptSslCerts=true, webStorageEnabled=true, locationContextEnabled=true, browserName=firefox, takesScreenshot=true, javascriptEnabled=true, cssSelectorsEnabled=true}]
Session ID: ccc18c83-070e-45e7-ada8-da23bcb7b0bd
*** Element info: {Using=xpath, value=(//span[text()='BUY NOW'])[1]}]]>
            </message>
            <full-stacktrace>
              <![CDATA[org.openqa.selenium.WebDriverException: Session not found: ccc18c83-070e-45e7-ada8-da23bcb7b0bd
Command duration or timeout: 18 milliseconds
Build info: version: '2.53.1', revision: 'a36b8b1', time: '2016-06-30 17:37:03'
System info: host: 'ep-cp-34', ip: '192.168.3.245', os.name: 'Windows 7', os.arch: 'amd64', os.version: '6.1', java.version: '1.8.0_144'
Driver info: org.openqa.selenium.firefox.FirefoxDriver
Capabilities [{applicationCacheEnabled=true, rotatable=false, handlesAlerts=true, databaseEnabled=true, version=47.0.1, platform=WINDOWS, nativeEvents=false, acceptSslCerts=true, webStorageEnabled=true, locationContextEnabled=true, browserName=firefox, takesScreenshot=true, javascriptEnabled=true, cssSelectorsEnabled=true}]
Session ID: ccc18c83-070e-45e7-ada8-da23bcb7b0bd
*** Element info: {Using=xpath, value=(//span[text()='BUY NOW'])[1]}
	at sun.reflect.NativeConstructorAccessorImpl.newInstance0(Native Method)
	at sun.reflect.NativeConstructorAccessorImpl.newInstance(NativeConstructorAccessorImpl.java:62)
	at sun.reflect.DelegatingConstructorAccessorImpl.newInstance(DelegatingConstructorAccessorImpl.java:45)
	at java.lang.reflect.Constructor.newInstance(Constructor.java:423)
	at org.openqa.selenium.remote.ErrorHandler.createThrowable(ErrorHandler.java:206)
	at org.openqa.selenium.remote.ErrorHandler.throwIfResponseFailed(ErrorHandler.java:158)
	at org.openqa.selenium.remote.RemoteWebDriver.execute(RemoteWebDriver.java:678)
	at org.openqa.selenium.remote.RemoteWebDriver.findElement(RemoteWebDriver.java:363)
	at org.openqa.selenium.remote.RemoteWebDriver.findElementByXPath(RemoteWebDriver.java:500)
	at org.openqa.selenium.By$ByXPath.findElement(By.java:361)
	at org.openqa.selenium.remote.RemoteWebDriver.findElement(RemoteWebDriver.java:355)
	at HealthProduct.HealthProductJourneyWithExcel.QuotesBuyNow(HealthProductJourneyWithExcel.java:391)
	at sun.reflect.NativeMethodAccessorImpl.invoke0(Native Method)
	at sun.reflect.NativeMethodAccessorImpl.invoke(NativeMethodAccessorImpl.java:62)
	at sun.reflect.DelegatingMethodAccessorImpl.invoke(DelegatingMethodAccessorImpl.java:43)
	at java.lang.reflect.Method.invoke(Method.java:498)
	at org.testng.internal.MethodInvocationHelper.invokeMethod(MethodInvocationHelper.java:85)
	at org.testng.internal.Invoker.invokeMethod(Invoker.java:639)
	at org.testng.internal.Invoker.invokeTestMethod(Invoker.java:816)
	at org.testng.internal.Invoker.invokeTestMethods(Invoker.java:1124)
	at org.testng.internal.TestMethodWorker.invokeTestMethods(TestMethodWorker.java:125)
	at org.testng.internal.TestMethodWorker.run(TestMethodWorker.java:108)
	at org.testng.TestRunner.privateRun(TestRunner.java:774)
	at org.testng.TestRunner.run(TestRunner.java:624)
	at org.testng.SuiteRunner.runTest(SuiteRunner.java:359)
	at org.testng.SuiteRunner.runSequentially(SuiteRunner.java:354)
	at org.testng.SuiteRunner.privateRun(SuiteRunner.java:312)
	at org.testng.SuiteRunner.run(SuiteRunner.java:261)
	at org.testng.SuiteRunnerWorker.runSuite(SuiteRunnerWorker.java:52)
	at org.testng.SuiteRunnerWorker.run(SuiteRunnerWorker.java:86)
	at org.testng.TestNG.runSuitesSequentially(TestNG.java:1215)
	at org.testng.TestNG.runSuitesLocally(TestNG.java:1140)
	at org.testng.TestNG.run(TestNG.java:1048)
	at org.testng.remote.AbstractRemoteTestNG.run(AbstractRemoteTestNG.java:132)
	at org.testng.remote.RemoteTestNG.initAndRun(RemoteTestNG.java:230)
	at org.testng.remote.RemoteTestNG.main(RemoteTestNG.java:76)
Caused by: org.openqa.selenium.WebDriverException: Session not found: ccc18c83-070e-45e7-ada8-da23bcb7b0bd
Build info: version: '2.53.1', revision: 'a36b8b1', time: '2016-06-30 17:37:03'
System info: host: 'ep-cp-34', ip: '192.168.3.245', os.name: 'Windows 7', os.arch: 'amd64', os.version: '6.1', java.version: '1.8.0_144'
Driver info: driver.version: unknown
	at <anonymous class>.nsCommandProcessor.prototype.execute(file:///C:/Users/BHAWNA~1/AppData/Local/Temp/anonymous1429330007671885211webdriver-profile/extensions/fxdriver@googlecode.com/components/command-processor.js:12704)
	at <anonymous class>.Dispatcher.executeAs/<(file:///C:/Users/BHAWNA~1/AppData/Local/Temp/anonymous1429330007671885211webdriver-profile/extensions/fxdriver@googlecode.com/components/driver-component.js:9558)
	at <anonymous class>.Resource.prototype.handle(file:///C:/Users/BHAWNA~1/AppData/Local/Temp/anonymous1429330007671885211webdriver-profile/extensions/fxdriver@googlecode.com/components/driver-component.js:9705)
	at <anonymous class>.Dispatcher.prototype.dispatch(file:///C:/Users/BHAWNA~1/AppData/Local/Temp/anonymous1429330007671885211webdriver-profile/extensions/fxdriver@googlecode.com/components/driver-component.js:9652)
	at <anonymous class>.WebDriverServer/<.handle(file:///C:/Users/BHAWNA~1/AppData/Local/Temp/anonymous1429330007671885211webdriver-profile/extensions/fxdriver@googlecode.com/components/driver-component.js:12517)
	at <anonymous class>.createHandlerFunc/<(file:///C:/Users/BHAWNA~1/AppData/Local/Temp/anonymous1429330007671885211webdriver-profile/extensions/fxdriver@googlecode.com/components/httpd.js:2054)
	at <anonymous class>.ServerHandler.prototype.handleResponse(file:///C:/Users/BHAWNA~1/AppData/Local/Temp/anonymous1429330007671885211webdriver-profile/extensions/fxdriver@googlecode.com/components/httpd.js:2387)
	at <anonymous class>.Connection.prototype.process(file:///C:/Users/BHAWNA~1/AppData/Local/Temp/anonymous1429330007671885211webdriver-profile/extensions/fxdriver@googlecode.com/components/httpd.js:1223)
	at <anonymous class>.RequestReader.prototype._handleResponse(file:///C:/Users/BHAWNA~1/AppData/Local/Temp/anonymous1429330007671885211webdriver-profile/extensions/fxdriver@googlecode.com/components/httpd.js:1677)
	at <anonymous class>.RequestReader.prototype._processBody(file:///C:/Users/BHAWNA~1/AppData/Local/Temp/anonymous1429330007671885211webdriver-profile/extensions/fxdriver@googlecode.com/components/httpd.js:1525)
	at <anonymous class>.RequestReader.prototype.onInputStreamReady(file:///C:/Users/BHAWNA~1/AppData/Local/Temp/anonymous1429330007671885211webdriver-profile/extensions/fxdriver@googlecode.com/components/httpd.js:1393)
]]>
            </full-stacktrace>
          </exception> <!-- org.openqa.selenium.WebDriverException -->
          <reporter-output>
          </reporter-output>
        </test-method> <!-- QuotesBuyNow -->
        <test-method status="PASS" signature="getResult(org.testng.ITestResult)[pri:0, instance:HealthProduct.HealthProductJourneyWithExcel@4c70fda8]" name="getResult" is-config="true" duration-ms="2" started-at="2017-09-05T11:48:41Z" finished-at="2017-09-05T11:48:41Z">
          <params>
            <param index="0">
              <value>
                <![CDATA[[TestResult name=QuotesBuyNow status=FAILURE method=HealthProductJourneyWithExcel.QuotesBuyNow(java.lang.String, java.lang.String, java.lang.String, java.lang.String, java.lang.String, java.lang.String, java.lang.String, java.lang.String, java.lang.String, java.lang.String, java.lang.String, java.lang.String, java.lang.String, java.lang.String, java.lang.String, java.lang.String, java.lang.String, java.lang.String, java.lang.String, java.lang.String, java.lang.String, java.lang.String, java.lang.String)[pri:13, instance:HealthProduct.HealthProductJourneyWithExcel@4c70fda8] output={null}]]]>
              </value>
            </param>
          </params>
          <reporter-output>
          </reporter-output>
        </test-method> <!-- getResult -->
        <test-method status="FAIL" signature="suiteTearDown()[pri:0, instance:HealthProduct.HealthProductJourneyWithExcel@4c70fda8]" name="suiteTearDown" is-config="true" duration-ms="0" started-at="2017-09-05T11:48:41Z" finished-at="2017-09-05T11:48:41Z">
          <exception class="java.lang.RuntimeException">
            <message>
              <![CDATA[javax.mail.SendFailedException: Sending failed;
  nested exception is:
	class javax.mail.MessagingException: IOException while sending message;
  nested exception is:
	java.io.FileNotFoundException: D:\surya\test-output\HealthExtentReport.html (The system cannot find the path specified)]]>
            </message>
            <full-stacktrace>
              <![CDATA[java.lang.RuntimeException: javax.mail.SendFailedException: Sending failed;
  nested exception is:
	class javax.mail.MessagingException: IOException while sending message;
  nested exception is:
	java.io.FileNotFoundException: D:\surya\test-output\HealthExtentReport.html (The system cannot find the path specified)
	at HealthProduct.SendMailSSL.execute(SendMailSSL.java:65)
	at HealthProduct.HealthProductJourneyWithExcel.suiteTearDown(HealthProductJourneyWithExcel.java:539)
	at sun.reflect.NativeMethodAccessorImpl.invoke0(Native Method)
	at sun.reflect.NativeMethodAccessorImpl.invoke(NativeMethodAccessorImpl.java:62)
	at sun.reflect.DelegatingMethodAccessorImpl.invoke(DelegatingMethodAccessorImpl.java:43)
	at java.lang.reflect.Method.invoke(Method.java:498)
	at org.testng.internal.MethodInvocationHelper.invokeMethod(MethodInvocationHelper.java:85)
	at org.testng.internal.Invoker.invokeConfigurationMethod(Invoker.java:510)
	at org.testng.internal.Invoker.invokeConfigurations(Invoker.java:211)
	at org.testng.internal.Invoker.invokeConfigurations(Invoker.java:138)
	at org.testng.internal.TestMethodWorker.invokeAfterClassMethods(TestMethodWorker.java:220)
	at org.testng.internal.TestMethodWorker.run(TestMethodWorker.java:111)
	at org.testng.TestRunner.privateRun(TestRunner.java:774)
	at org.testng.TestRunner.run(TestRunner.java:624)
	at org.testng.SuiteRunner.runTest(SuiteRunner.java:359)
	at org.testng.SuiteRunner.runSequentially(SuiteRunner.java:354)
	at org.testng.SuiteRunner.privateRun(SuiteRunner.java:312)
	at org.testng.SuiteRunner.run(SuiteRunner.java:261)
	at org.testng.SuiteRunnerWorker.runSuite(SuiteRunnerWorker.java:52)
	at org.testng.SuiteRunnerWorker.run(SuiteRunnerWorker.java:86)
	at org.testng.TestNG.runSuitesSequentially(TestNG.java:1215)
	at org.testng.TestNG.runSuitesLocally(TestNG.java:1140)
	at org.testng.TestNG.run(TestNG.java:1048)
	at org.testng.remote.AbstractRemoteTestNG.run(AbstractRemoteTestNG.java:132)
	at org.testng.remote.RemoteTestNG.initAndRun(RemoteTestNG.java:230)
	at org.testng.remote.RemoteTestNG.main(RemoteTestNG.java:76)
Caused by: javax.mail.SendFailedException: Sending failed;
  nested exception is:
	class javax.mail.MessagingException: IOException while sending message;
  nested exception is:
	java.io.FileNotFoundException: D:\surya\test-output\HealthExtentReport.html (The system cannot find the path specified)
	at javax.mail.Transport.send0(Transport.java:218)
	at javax.mail.Transport.send(Transport.java:80)
	at HealthProduct.SendMailSSL.execute(SendMailSSL.java:62)
	... 25 more
]]>
            </full-stacktrace>
          </exception> <!-- java.lang.RuntimeException -->
          <reporter-output>
          </reporter-output>
        </test-method> <!-- suiteTearDown -->
        <test-method status="SKIP" signature="tearDown()[pri:0, instance:HealthProduct.HealthProductJourneyWithExcel@4c70fda8]" name="tearDown" is-config="true" duration-ms="0" started-at="2017-09-05T11:48:50Z" finished-at="2017-09-05T11:48:50Z">
          <reporter-output>
          </reporter-output>
        </test-method> <!-- tearDown -->
      </class> <!-- HealthProduct.HealthProductJourneyWithExcel -->
    </test> <!-- Default test -->
  </suite> <!-- Default suite -->
</testng-results>
