
<!DOCTYPE html>
<html>


<head>
	<meta charset='utf-8' /> 
	<meta name='description' content='' />
	<meta name='robots' content='noodp, noydir' />
	<meta name='viewport' content='width=device-width, initial-scale=1' />
	<meta id="timeStampFormat" name="timeStampFormat" content='MMM d, yyyy hh:mm:ss a'/>
	
	<link href='https://fonts.googleapis.com/css?family=Source+Sans+Pro:400,600' rel='stylesheet' type='text/css'>
	<link href="https://fonts.googleapis.com/icon?family=Material+Icons" rel="stylesheet">

		<link href='https://cdn.rawgit.com/anshooarora/extentreports-java/0ef94479b1fc7c18041d6bbf1a8cfbfa321edc0a/dist/css/extent.css' type='text/css' rel='stylesheet' />
	
	<title>Health automation report</title>

</head>

	<body class='extent dark default hide-overflow '>
		<div id='theme-selector' alt='Click to toggle theme. To enable by default, use theme configuration.' title='Click to toggle theme. To enable by default, use theme configuration.'>
			<span><i class='material-icons'>desktop_windows</i></span>
		</div>

<nav>
	<div class="nav-wrapper">
		<a href="#!" class="brand-logo blue darken-3">Extent</a>

		<!-- slideout menu -->
		<ul id='slide-out' class='side-nav fixed hide-on-med-and-down'>
			<li class='waves-effect active'><a href='#!' view='test-view' onclick="configureView(0);chartsView('test');"><i class='material-icons'>dashboard</i></a></li>
						<li class='waves-effect'><a href='#!' view='category-view' onclick="configureView(1)"><i class='material-icons'>label_outline</i></a></li>
			<li class='waves-effect'><a href='#!' view='exception-view' onclick="configureView(2)"><i class='material-icons'>bug_report</i></a></li>
			<li class='waves-effect'><a href='#!' onclick="configureView(-1);chartsView('dashboard');" view='dashboard-view'><i class='material-icons'>track_changes</i></i></a></li>
		</ul>

		<!-- report name -->
		<span class='report-name'>Health Automation cycle</span>
		
		<!-- report headline -->
		<span class='report-headline'></span>

		<!-- nav-right -->
		<ul id='nav-mobile' class='right hide-on-med-and-down nav-right'>
			<li>
                <a href='#!'>
                    <span class='label suite-start-time blue darken-3'>Aug 23, 2017 01:27:04 PM</span>
				</a>
			</li>
			<li>
                <a href='#!'>
                    <span class='label blue darken-3'>v3.0.5</span>
				</a>
			</li>
		</ul>
	</div>
</nav>

		<!-- container -->
		<div class='container'>

<div id='test-view' class='view'>
				
	<section id='controls'>
		<div class='controls grey lighten-4'>
			<!-- test toggle -->
			<div class='chip transparent'>
				<a class='dropdown-button tests-toggle' data-activates='tests-toggle' data-constrainwidth='true' data-beloworigin='true' data-hover='true' href='#'>
					<i class='material-icons'>warning</i> Status
				</a>
				<ul id='tests-toggle' class='dropdown-content'>
											<li status='pass'><a href='#!'>Pass <i class='material-icons green-text'>check_circle</i></a></li>
						<li status='fail'><a href='#!'>Fail <i class='material-icons red-text'>cancel</i></a></li>
						<li status='error'><a href='#!'>Error <i class='material-icons red-text lighten-2'>error</i></a></li>
					<li class='divider'></li>
					<li status='clear' clear='true'><a href='#!'>Clear Filters <i class='material-icons'>clear</i></a></li>
				</ul>
			</div>
			<!-- test toggle -->

			<!-- category toggle -->
			<div class='chip transparent'>
				<a class='dropdown-button category-toggle' data-activates='category-toggle' data-constrainwidth='false' data-beloworigin='true' data-hover='true' href='#'>
					<i class='material-icons'>local_offer</i> Category
				</a>
				<ul id='category-toggle' class='dropdown-content'>
					<li><a href='#'>CignaProposal</a></li>
					<li class='divider'></li>
					<li class='clear'><a href='#!' clear='true'>Clear Filters</a></li>
				</ul>
			</div>
			<!-- category toggle -->

			<!-- clear filters -->
			<div class='chip transparent hide'>
				<a class='' id='clear-filters' alt='Clear Filters' title='Clear Filters'>
					<i class='material-icons'>close</i> Clear
				</a>
			</div>
			<!-- clear filters -->

			<!-- enable dashboard -->
			<div id='toggle-test-view-charts' class='chip transparent'>
				<a class='pink-text' id='enable-dashboard' alt='Enable Dashboard' title='Enable Dashboard'>
					<i class='material-icons'>track_changes</i> Dashboard
				</a>
			</div>
			<!-- enable dashboard -->

			<!-- search -->
			<div class='chip transparent' alt='Search Tests' title='Search Tests'>
				<a href="#" class='search-div'>
					<i class='material-icons'>search</i> Search
				</a>

				<div class='input-field left hide'>
					<input id='search-tests' type='text' class='validate browser-default' placeholder='Search Tests...'>
				</div>
				
			</div>
			<!-- search -->
		</div>
	</section>


<div id='test-view-charts' class='subview-full'>
	<div id='charts-row' class='row nm-v nm-h'>
		<div class='col s12 m6 l6 np-h'>
			<div class='card-panel nm-v'>
				<div class='left panel-name'>Tests</div>
				<div class='chart-box'>
					<canvas id='parent-analysis' width='100' height='80'></canvas>
				</div>
				<div class='block text-small'>
					<span class='tooltipped' data-position='top' data-tooltip='16.667%'><span class='strong'>6</span> test(s) passed</span>
				</div>
				<div class='block text-small'>
					<span class='strong tooltipped' data-position='top' data-tooltip='16.667%'>6</span> test(s) failed, <span class='strong tooltipped' data-position='top' data-tooltip='66.667%'>24</span> others
				</div>
			</div>
		</div>
		
		<div class='col s12 m6 l6 np-h'>
			<div class='card-panel nm-v'>
				<div class='left panel-name'>Steps</div>
				<div class='chart-box'>
					<canvas id='child-analysis' width='100' height='80'></canvas>
				</div>
				<div class='block text-small'>
					<span class='tooltipped' data-position='top' data-tooltip='37.255%'><span class='strong'>19</span> step(s) passed</span>
				</div>
				<div class='block text-small'>
					<span class='strong tooltipped' data-position='top' data-tooltip='15.686%'>8</span> step(s) failed, <span class='strong tooltipped' data-position='top' data-tooltip='47.059%'>24</span> others
				</div>
			</div>
		</div>
		
	</div>
</div>

	<div class='subview-left left'>
		
		<div class='view-summary'>
			<h5>Tests</h5>
			<ul id='test-collection' class='test-collection'>
				
				
				<li class='test displayed active  error' status='error' bdd='false' test-id='1'>
					<div class='test-heading'>
						<span class='test-name'>Fill Email in Customer Popup</span>
						<span class='test-time'>Aug 23, 2017 01:27:28 PM</span>
						<span class='test-status right error'>error</span>
					</div>
					<div class='test-content hide'>
<div class='test-time-info'>
	<span class='label start-time'>Aug 23, 2017 01:27:28 PM</span>
	<span class='label end-time'>Aug 23, 2017 01:27:33 PM</span>
	<span class='label time-taken grey lighten-1 white-text'>0h 0m 5s+529ms</span>
</div>
	<div class='test-desc'>Email Should be entered </div>
	<div class='test-steps'>
		<table class='bordered table-results'>
			<thead>
				<tr>
					<th>Status</th>
					<th>Timestamp</th>
					<th>Details</th>
				</tr>
			</thead>
			<tbody>
				<tr class='log' status='error'>
					<td class='status error' title='error' alt='error'><i class='material-icons'>error</i></td>
					<td class='timestamp'>1:27:33 PM</td>
					<td class='step-details'>Unable to locate element: {"method":"xpath","selector":".//*[@id='txtEmailID']"}
Command duration or timeout: 5.08 seconds
For documentation on this error, please visit: http://seleniumhq.org/exceptions/no_such_element.html
Build info: version: '2.53.1', revision: 'a36b8b1', time: '2016-06-30 17:37:03'
System info: host: 'EP-CP-102', ip: '192.168.3.157', os.name: 'Windows 7', os.arch: 'amd64', os.version: '6.1', java.version: '1.8.0_65'
Driver info: org.openqa.selenium.firefox.FirefoxDriver
Capabilities [{applicationCacheEnabled=true, rotatable=false, handlesAlerts=true, databaseEnabled=true, version=47.0.1, platform=WINDOWS, nativeEvents=false, acceptSslCerts=true, webStorageEnabled=true, locationContextEnabled=true, browserName=firefox, takesScreenshot=true, javascriptEnabled=true, cssSelectorsEnabled=true}]
Session ID: 6d37ceee-33ed-466e-b997-8b230c534af4
*** Element info: {Using=xpath, value=.//*[@id='txtEmailID']}</td>
				</tr>
				<tr class='log' status='pass'>
					<td class='status pass' title='pass' alt='pass'><i class='material-icons'>check_circle</i></td>
					<td class='timestamp'>1:27:33 PM</td>
					<td class='step-details'><span class='label white-text green'>CustomerEmail Test Case PASSED</span></td>
				</tr>
			</tbody>
		</table>
	</div>
					</div>
				</li>
				
				
				<li class='test displayed active  error' status='error' bdd='false' test-id='2'>
					<div class='test-heading'>
						<span class='test-name'>Fill Name in Customer Popup</span>
						<span class='test-time'>Aug 23, 2017 01:27:41 PM</span>
						<span class='test-status right error'>error</span>
					</div>
					<div class='test-content hide'>
<div class='test-time-info'>
	<span class='label start-time'>Aug 23, 2017 01:27:41 PM</span>
	<span class='label end-time'>Aug 23, 2017 01:27:46 PM</span>
	<span class='label time-taken grey lighten-1 white-text'>0h 0m 5s+108ms</span>
</div>
	<div class='test-desc'>Name Should be entered </div>
	<div class='test-steps'>
		<table class='bordered table-results'>
			<thead>
				<tr>
					<th>Status</th>
					<th>Timestamp</th>
					<th>Details</th>
				</tr>
			</thead>
			<tbody>
				<tr class='log' status='error'>
					<td class='status error' title='error' alt='error'><i class='material-icons'>error</i></td>
					<td class='timestamp'>1:27:46 PM</td>
					<td class='step-details'>Unable to locate element: {"method":"xpath","selector":".//*[@id='txtProposerName']"}
Command duration or timeout: 5.10 seconds
For documentation on this error, please visit: http://seleniumhq.org/exceptions/no_such_element.html
Build info: version: '2.53.1', revision: 'a36b8b1', time: '2016-06-30 17:37:03'
System info: host: 'EP-CP-102', ip: '192.168.3.157', os.name: 'Windows 7', os.arch: 'amd64', os.version: '6.1', java.version: '1.8.0_65'
Driver info: org.openqa.selenium.firefox.FirefoxDriver
Capabilities [{applicationCacheEnabled=true, rotatable=false, handlesAlerts=true, databaseEnabled=true, version=47.0.1, platform=WINDOWS, nativeEvents=false, acceptSslCerts=true, webStorageEnabled=true, locationContextEnabled=true, browserName=firefox, takesScreenshot=true, javascriptEnabled=true, cssSelectorsEnabled=true}]
Session ID: 6d37ceee-33ed-466e-b997-8b230c534af4
*** Element info: {Using=xpath, value=.//*[@id='txtProposerName']}</td>
				</tr>
				<tr class='log' status='pass'>
					<td class='status pass' title='pass' alt='pass'><i class='material-icons'>check_circle</i></td>
					<td class='timestamp'>1:27:46 PM</td>
					<td class='step-details'><span class='label white-text green'>CustomerPopup Test Case PASSED</span></td>
				</tr>
			</tbody>
		</table>
	</div>
					</div>
				</li>
				
				
				<li class='test displayed active  error' status='error' bdd='false' test-id='3'>
					<div class='test-heading'>
						<span class='test-name'>Click on proceed button</span>
						<span class='test-time'>Aug 23, 2017 01:27:46 PM</span>
						<span class='test-status right error'>error</span>
					</div>
					<div class='test-content hide'>
<div class='test-time-info'>
	<span class='label start-time'>Aug 23, 2017 01:27:46 PM</span>
	<span class='label end-time'>Aug 23, 2017 01:27:52 PM</span>
	<span class='label time-taken grey lighten-1 white-text'>0h 0m 5s+78ms</span>
</div>
	<div class='test-desc'>Button Should be clicked and quotes page should be displayed </div>
	<div class='test-steps'>
		<table class='bordered table-results'>
			<thead>
				<tr>
					<th>Status</th>
					<th>Timestamp</th>
					<th>Details</th>
				</tr>
			</thead>
			<tbody>
				<tr class='log' status='error'>
					<td class='status error' title='error' alt='error'><i class='material-icons'>error</i></td>
					<td class='timestamp'>1:27:51 PM</td>
					<td class='step-details'>Unable to locate element: {"method":"xpath","selector":"html/body/div[2]/div[1]/div[3]/section[1]/div/div[1]/div/div[2]/div[6]/button[1]"}
Command duration or timeout: 5.07 seconds
For documentation on this error, please visit: http://seleniumhq.org/exceptions/no_such_element.html
Build info: version: '2.53.1', revision: 'a36b8b1', time: '2016-06-30 17:37:03'
System info: host: 'EP-CP-102', ip: '192.168.3.157', os.name: 'Windows 7', os.arch: 'amd64', os.version: '6.1', java.version: '1.8.0_65'
Driver info: org.openqa.selenium.firefox.FirefoxDriver
Capabilities [{applicationCacheEnabled=true, rotatable=false, handlesAlerts=true, databaseEnabled=true, version=47.0.1, platform=WINDOWS, nativeEvents=false, acceptSslCerts=true, webStorageEnabled=true, locationContextEnabled=true, browserName=firefox, takesScreenshot=true, javascriptEnabled=true, cssSelectorsEnabled=true}]
Session ID: 6d37ceee-33ed-466e-b997-8b230c534af4
*** Element info: {Using=xpath, value=html/body/div[2]/div[1]/div[3]/section[1]/div/div[1]/div/div[2]/div[6]/button[1]}</td>
				</tr>
				<tr class='log' status='pass'>
					<td class='status pass' title='pass' alt='pass'><i class='material-icons'>check_circle</i></td>
					<td class='timestamp'>1:27:52 PM</td>
					<td class='step-details'><span class='label white-text green'>CustomerProceed Test Case PASSED</span></td>
				</tr>
			</tbody>
		</table>
	</div>
					</div>
				</li>
				
				
				<li class='test displayed active  fail' status='fail' bdd='false' test-id='4'>
					<div class='test-heading'>
						<span class='test-name'>Open URL, Navigate to website</span>
						<span class='test-time'>Aug 23, 2017 01:27:52 PM</span>
						<span class='test-status right fail'>fail</span>
					</div>
					<div class='test-content hide'>
<div class='test-time-info'>
	<span class='label start-time'>Aug 23, 2017 01:27:52 PM</span>
	<span class='label end-time'>Aug 23, 2017 01:27:58 PM</span>
	<span class='label time-taken grey lighten-1 white-text'>0h 0m 6s+928ms</span>
</div>
	<div class='test-desc'>Easypolicy Website should be open </div>
	<div class='test-steps'>
		<table class='bordered table-results'>
			<thead>
				<tr>
					<th>Status</th>
					<th>Timestamp</th>
					<th>Details</th>
				</tr>
			</thead>
			<tbody>
				<tr class='log' status='pass'>
					<td class='status pass' title='pass' alt='pass'><i class='material-icons'>check_circle</i></td>
					<td class='timestamp'>1:27:58 PM</td>
					<td class='step-details'>Easypolicy - #1 from Insurance Comparison to Claim Support contain Easypolicy</td>
				</tr>
				<tr class='log' status='fail'>
					<td class='status fail' title='fail' alt='fail'><i class='material-icons'>cancel</i></td>
					<td class='timestamp'>1:27:58 PM</td>
					<td class='step-details'>details</td>
				</tr>
				<tr class='log' status='pass'>
					<td class='status pass' title='pass' alt='pass'><i class='material-icons'>check_circle</i></td>
					<td class='timestamp'>1:27:58 PM</td>
					<td class='step-details'><span class='label white-text green'>LaunchWebsite Test Case PASSED</span></td>
				</tr>
			</tbody>
		</table>
	</div>
							<ul class='screenshots'>
								<li><img data-featherlight='1.png' width='10%' src='' data-src='1.png'></li>
							</ul>
					</div>
				</li>
				
				
				<li class='test displayed active  fail' status='fail' bdd='false' test-id='5'>
					<div class='test-heading'>
						<span class='test-name'>Click on Health Link on top bar</span>
						<span class='test-time'>Aug 23, 2017 01:27:58 PM</span>
						<span class='test-status right fail'>fail</span>
					</div>
					<div class='test-content hide'>
<div class='test-time-info'>
	<span class='label start-time'>Aug 23, 2017 01:27:58 PM</span>
	<span class='label end-time'>Aug 23, 2017 01:28:02 PM</span>
	<span class='label time-taken grey lighten-1 white-text'>0h 0m 3s+891ms</span>
</div>
	<div class='test-desc'>Health product page should be open with form </div>
	<div class='test-steps'>
		<table class='bordered table-results'>
			<thead>
				<tr>
					<th>Status</th>
					<th>Timestamp</th>
					<th>Details</th>
				</tr>
			</thead>
			<tbody>
				<tr class='log' status='fail'>
					<td class='status fail' title='fail' alt='fail'><i class='material-icons'>cancel</i></td>
					<td class='timestamp'>1:28:02 PM</td>
					<td class='step-details'>Health Insurance | Compare Best Online Health Insurance Policy doesn't contain Health Insurance</td>
				</tr>
				<tr class='log' status='pass'>
					<td class='status pass' title='pass' alt='pass'><i class='material-icons'>check_circle</i></td>
					<td class='timestamp'>1:28:02 PM</td>
					<td class='step-details'><span class='label white-text green'>FillLoginDetails Test Case PASSED</span></td>
				</tr>
			</tbody>
		</table>
	</div>
					</div>
				</li>
				
				
				<li class='test displayed active  fail' status='fail' bdd='false' test-id='6'>
					<div class='test-heading'>
						<span class='test-name'>Enter value 2 for adults</span>
						<span class='test-time'>Aug 23, 2017 01:28:02 PM</span>
						<span class='test-status right fail'>fail</span>
					</div>
					<div class='test-content hide'>
<div class='test-time-info'>
	<span class='label start-time'>Aug 23, 2017 01:28:02 PM</span>
	<span class='label end-time'>Aug 23, 2017 01:28:03 PM</span>
	<span class='label time-taken grey lighten-1 white-text'>0h 0m 1s+111ms</span>
</div>
	<div class='test-desc'>Value in numbers </div>
	<div class='test-steps'>
		<table class='bordered table-results'>
			<thead>
				<tr>
					<th>Status</th>
					<th>Timestamp</th>
					<th>Details</th>
				</tr>
			</thead>
			<tbody>
				<tr class='log' status='fail'>
					<td class='status fail' title='fail' alt='fail'><i class='material-icons'>cancel</i></td>
					<td class='timestamp'>1:28:03 PM</td>
					<td class='step-details'>false doesn't equals 2</td>
				</tr>
				<tr class='log' status='pass'>
					<td class='status pass' title='pass' alt='pass'><i class='material-icons'>check_circle</i></td>
					<td class='timestamp'>1:28:03 PM</td>
					<td class='step-details'><span class='label white-text green'>Adult Test Case PASSED</span></td>
				</tr>
			</tbody>
		</table>
	</div>
					</div>
				</li>
				
				
				<li class='test displayed active  fail' status='fail' bdd='false' test-id='7'>
					<div class='test-heading'>
						<span class='test-name'>Enter value 1 for Child</span>
						<span class='test-time'>Aug 23, 2017 01:28:03 PM</span>
						<span class='test-status right fail'>fail</span>
					</div>
					<div class='test-content hide'>
<div class='test-time-info'>
	<span class='label start-time'>Aug 23, 2017 01:28:03 PM</span>
	<span class='label end-time'>Aug 23, 2017 01:28:05 PM</span>
	<span class='label time-taken grey lighten-1 white-text'>0h 0m 1s+135ms</span>
</div>
	<div class='test-desc'>Value in numbers </div>
	<div class='test-steps'>
		<table class='bordered table-results'>
			<thead>
				<tr>
					<th>Status</th>
					<th>Timestamp</th>
					<th>Details</th>
				</tr>
			</thead>
			<tbody>
				<tr class='log' status='fail'>
					<td class='status fail' title='fail' alt='fail'><i class='material-icons'>cancel</i></td>
					<td class='timestamp'>1:28:05 PM</td>
					<td class='step-details'>0does not equal one</td>
				</tr>
				<tr class='log' status='pass'>
					<td class='status pass' title='pass' alt='pass'><i class='material-icons'>check_circle</i></td>
					<td class='timestamp'>1:28:05 PM</td>
					<td class='step-details'><span class='label white-text green'>Child Test Case PASSED</span></td>
				</tr>
			</tbody>
		</table>
	</div>
					</div>
				</li>
				
				
				<li class='test displayed active  pass' status='pass' bdd='false' test-id='8'>
					<div class='test-heading'>
						<span class='test-name'>Enter value for DOB</span>
						<span class='test-time'>Aug 23, 2017 01:28:05 PM</span>
						<span class='test-status right pass'>pass</span>
					</div>
					<div class='test-content hide'>
<div class='test-time-info'>
	<span class='label start-time'>Aug 23, 2017 01:28:05 PM</span>
	<span class='label end-time'>Aug 23, 2017 01:28:08 PM</span>
	<span class='label time-taken grey lighten-1 white-text'>0h 0m 3s+457ms</span>
</div>
	<div class='test-desc'>Value in numbers </div>
	<div class='test-steps'>
		<table class='bordered table-results'>
			<thead>
				<tr>
					<th>Status</th>
					<th>Timestamp</th>
					<th>Details</th>
				</tr>
			</thead>
			<tbody>
				<tr class='log' status='pass'>
					<td class='status pass' title='pass' alt='pass'><i class='material-icons'>check_circle</i></td>
					<td class='timestamp'>1:28:08 PM</td>
					<td class='step-details'>Health Insurance | Compare Best Online Health Insurance Policy contain Health Insurance</td>
				</tr>
				<tr class='log' status='pass'>
					<td class='status pass' title='pass' alt='pass'><i class='material-icons'>check_circle</i></td>
					<td class='timestamp'>1:28:08 PM</td>
					<td class='step-details'><span class='label white-text green'>DOB Test Case PASSED</span></td>
				</tr>
			</tbody>
		</table>
	</div>
					</div>
				</li>
				
				
				<li class='test displayed active  fail' status='fail' bdd='false' test-id='9'>
					<div class='test-heading'>
						<span class='test-name'>Select eldest member gender</span>
						<span class='test-time'>Aug 23, 2017 01:28:08 PM</span>
						<span class='test-status right fail'>fail</span>
					</div>
					<div class='test-content hide'>
<div class='test-time-info'>
	<span class='label start-time'>Aug 23, 2017 01:28:08 PM</span>
	<span class='label end-time'>Aug 23, 2017 01:28:09 PM</span>
	<span class='label time-taken grey lighten-1 white-text'>0h 0m 1s+114ms</span>
</div>
	<div class='test-desc'>Value in numbers </div>
	<div class='test-steps'>
		<table class='bordered table-results'>
			<thead>
				<tr>
					<th>Status</th>
					<th>Timestamp</th>
					<th>Details</th>
				</tr>
			</thead>
			<tbody>
				<tr class='log' status='fail'>
					<td class='status fail' title='fail' alt='fail'><i class='material-icons'>cancel</i></td>
					<td class='timestamp'>1:28:09 PM</td>
					<td class='step-details'>Male doesn't equal Female</td>
				</tr>
				<tr class='log' status='pass'>
					<td class='status pass' title='pass' alt='pass'><i class='material-icons'>check_circle</i></td>
					<td class='timestamp'>1:28:09 PM</td>
					<td class='step-details'><span class='label white-text green'>EldestMember Test Case PASSED</span></td>
				</tr>
			</tbody>
		</table>
	</div>
					</div>
				</li>
				
				
				<li class='test displayed active  pass' status='pass' bdd='false' test-id='10'>
					<div class='test-heading'>
						<span class='test-name'>Select City From the List</span>
						<span class='test-time'>Aug 23, 2017 01:28:09 PM</span>
						<span class='test-status right pass'>pass</span>
					</div>
					<div class='test-content hide'>
<div class='test-time-info'>
	<span class='label start-time'>Aug 23, 2017 01:28:09 PM</span>
	<span class='label end-time'>Aug 23, 2017 01:28:11 PM</span>
	<span class='label time-taken grey lighten-1 white-text'>0h 0m 1s+929ms</span>
</div>
	<div class='test-desc'>select by enter text </div>
	<div class='test-steps'>
		<table class='bordered table-results'>
			<thead>
				<tr>
					<th>Status</th>
					<th>Timestamp</th>
					<th>Details</th>
				</tr>
			</thead>
			<tbody>
				<tr class='log' status='pass'>
					<td class='status pass' title='pass' alt='pass'><i class='material-icons'>check_circle</i></td>
					<td class='timestamp'>1:28:11 PM</td>
					<td class='step-details'>New Delhi, Delhi equal New Delhi, Delhi</td>
				</tr>
				<tr class='log' status='pass'>
					<td class='status pass' title='pass' alt='pass'><i class='material-icons'>check_circle</i></td>
					<td class='timestamp'>1:28:11 PM</td>
					<td class='step-details'><span class='label white-text green'>City Test Case PASSED</span></td>
				</tr>
			</tbody>
		</table>
	</div>
					</div>
				</li>
				
				
				<li class='test displayed active  pass' status='pass' bdd='false' test-id='11'>
					<div class='test-heading'>
						<span class='test-name'>Insert mobile no in mobile no input box</span>
						<span class='test-time'>Aug 23, 2017 01:28:11 PM</span>
						<span class='test-status right pass'>pass</span>
					</div>
					<div class='test-content hide'>
<div class='test-time-info'>
	<span class='label start-time'>Aug 23, 2017 01:28:11 PM</span>
	<span class='label end-time'>Aug 23, 2017 01:28:12 PM</span>
	<span class='label time-taken grey lighten-1 white-text'>0h 0m 1s+291ms</span>
</div>
	<div class='test-desc'>Input mobile number </div>
	<div class='test-steps'>
		<table class='bordered table-results'>
			<thead>
				<tr>
					<th>Status</th>
					<th>Timestamp</th>
					<th>Details</th>
				</tr>
			</thead>
			<tbody>
				<tr class='log' status='pass'>
					<td class='status pass' title='pass' alt='pass'><i class='material-icons'>check_circle</i></td>
					<td class='timestamp'>1:28:12 PM</td>
					<td class='step-details'>9873008200 equal 9873008200</td>
				</tr>
				<tr class='log' status='pass'>
					<td class='status pass' title='pass' alt='pass'><i class='material-icons'>check_circle</i></td>
					<td class='timestamp'>1:28:12 PM</td>
					<td class='step-details'><span class='label white-text green'>mobile Test Case PASSED</span></td>
				</tr>
			</tbody>
		</table>
	</div>
					</div>
				</li>
				
				
				<li class='test displayed active  pass' status='pass' bdd='false' test-id='12'>
					<div class='test-heading'>
						<span class='test-name'>Click get live quotes button</span>
						<span class='test-time'>Aug 23, 2017 01:28:12 PM</span>
						<span class='test-status right pass'>pass</span>
					</div>
					<div class='test-content hide'>
<div class='test-time-info'>
	<span class='label start-time'>Aug 23, 2017 01:28:12 PM</span>
	<span class='label end-time'>Aug 23, 2017 01:28:28 PM</span>
	<span class='label time-taken grey lighten-1 white-text'>0h 0m 16s+29ms</span>
</div>
	<div class='test-desc'>Value in numbers </div>
	<div class='test-steps'>
		<table class='bordered table-results'>
			<thead>
				<tr>
					<th>Status</th>
					<th>Timestamp</th>
					<th>Details</th>
				</tr>
			</thead>
			<tbody>
				<tr class='log' status='pass'>
					<td class='status pass' title='pass' alt='pass'><i class='material-icons'>check_circle</i></td>
					<td class='timestamp'>1:28:28 PM</td>
					<td class='step-details'>Easypolicy - Health Insurance contain Easypolicy</td>
				</tr>
				<tr class='log' status='pass'>
					<td class='status pass' title='pass' alt='pass'><i class='material-icons'>check_circle</i></td>
					<td class='timestamp'>1:28:28 PM</td>
					<td class='step-details'><span class='label white-text green'>GetLiveQuotes Test Case PASSED</span></td>
				</tr>
			</tbody>
		</table>
	</div>
					</div>
				</li>
				
				
				<li class='test displayed active  pass' status='pass' bdd='false' test-id='13'>
					<div class='test-heading'>
						<span class='test-name'>Fill Name in Customer Popup</span>
						<span class='test-time'>Aug 23, 2017 01:28:38 PM</span>
						<span class='test-status right pass'>pass</span>
					</div>
					<div class='test-content hide'>
<div class='test-time-info'>
	<span class='label start-time'>Aug 23, 2017 01:28:38 PM</span>
	<span class='label end-time'>Aug 23, 2017 01:28:38 PM</span>
	<span class='label time-taken grey lighten-1 white-text'>0h 0m 0s+369ms</span>
</div>
	<div class='test-desc'>Name Should be entered </div>
	<div class='test-steps'>
		<table class='bordered table-results'>
			<thead>
				<tr>
					<th>Status</th>
					<th>Timestamp</th>
					<th>Details</th>
				</tr>
			</thead>
			<tbody>
				<tr class='log' status='pass'>
					<td class='status pass' title='pass' alt='pass'><i class='material-icons'>check_circle</i></td>
					<td class='timestamp'>1:28:38 PM</td>
					<td class='step-details'>Vijay Kumar contain Vijay</td>
				</tr>
			</tbody>
		</table>
	</div>
					</div>
				</li>
				
				
				<li class='test displayed active  pass' status='pass' bdd='false' test-id='14'>
					<div class='test-heading'>
						<span class='test-name'>Fill Email in Customer Popup</span>
						<span class='test-time'>Aug 23, 2017 01:28:38 PM</span>
						<span class='test-status right pass'>pass</span>
					</div>
					<div class='test-content hide'>
<div class='test-time-info'>
	<span class='label start-time'>Aug 23, 2017 01:28:38 PM</span>
	<span class='label end-time'>Aug 23, 2017 01:28:40 PM</span>
	<span class='label time-taken grey lighten-1 white-text'>0h 0m 1s+547ms</span>
</div>
	<div class='test-desc'>Email Should be entered </div>
	<div class='test-steps'>
		<table class='bordered table-results'>
			<thead>
				<tr>
					<th>Status</th>
					<th>Timestamp</th>
					<th>Details</th>
				</tr>
			</thead>
			<tbody>
				<tr class='log' status='pass'>
					<td class='status pass' title='pass' alt='pass'><i class='material-icons'>check_circle</i></td>
					<td class='timestamp'>1:28:40 PM</td>
					<td class='step-details'>vijay.kumar@ep.com contain binny</td>
				</tr>
			</tbody>
		</table>
	</div>
					</div>
				</li>
				
				
				<li class='test displayed active  fail' status='fail' bdd='false' test-id='15'>
					<div class='test-heading'>
						<span class='test-name'>Click on proceed button</span>
						<span class='test-time'>Aug 23, 2017 01:28:40 PM</span>
						<span class='test-status right fail'>fail</span>
					</div>
					<div class='test-content hide'>
<div class='test-time-info'>
	<span class='label start-time'>Aug 23, 2017 01:28:40 PM</span>
	<span class='label end-time'>Aug 23, 2017 01:39:51 PM</span>
	<span class='label time-taken grey lighten-1 white-text'>0h 11m 11s+87ms</span>
</div>
	<div class='test-desc'>Button Should be clicked and quotes page should be displayed </div>
	<div class='test-steps'>
		<table class='bordered table-results'>
			<thead>
				<tr>
					<th>Status</th>
					<th>Timestamp</th>
					<th>Details</th>
				</tr>
			</thead>
			<tbody>
				<tr class='log' status='fail'>
					<td class='status fail' title='fail' alt='fail'><i class='material-icons'>cancel</i></td>
					<td class='timestamp'>1:28:40 PM</td>
					<td class='step-details'>Easypolicy - Health Insurancedoesn't contain Claim Support</td>
				</tr>
				<tr class='log' status='fail'>
					<td class='status fail' title='fail' alt='fail'><i class='material-icons'>cancel</i></td>
					<td class='timestamp'>1:39:51 PM</td>
					<td class='step-details'><span class='label white-text red'>QuotesBuyNow Test case FAILED due to below issues:</span></td>
				</tr>
				<tr class='log' status='fail'>
					<td class='status fail' title='fail' alt='fail'><i class='material-icons'>cancel</i></td>
					<td class='timestamp'>1:39:51 PM</td>
					<td class='step-details'><pre>org.openqa.selenium.remote.UnreachableBrowserException: Error communicating with the remote browser. It may have died.
Build info: version: '2.53.1', revision: 'a36b8b1', time: '2016-06-30 17:37:03'
System info: host: 'EP-CP-102', ip: '192.168.3.157', os.name: 'Windows 7', os.arch: 'amd64', os.version: '6.1', java.version: '1.8.0_65'
Driver info: driver.version: RemoteWebDriver
Capabilities [{applicationCacheEnabled=true, rotatable=false, handlesAlerts=true, databaseEnabled=true, version=47.0.1, platform=WINDOWS, nativeEvents=false, acceptSslCerts=true, webStorageEnabled=true, locationContextEnabled=true, browserName=firefox, takesScreenshot=true, javascriptEnabled=true, cssSelectorsEnabled=true}]
Session ID: 6d37ceee-33ed-466e-b997-8b230c534af4
	at org.openqa.selenium.remote.RemoteWebDriver.execute(RemoteWebDriver.java:665)
	at org.openqa.selenium.remote.RemoteWebDriver.executeScript(RemoteWebDriver.java:577)
	at healthProduct.HealthProductJourneyWithExcel.QuotesBuyNow(HealthProductJourneyWithExcel.java:366)
	at sun.reflect.NativeMethodAccessorImpl.invoke0(Native Method)
	at sun.reflect.NativeMethodAccessorImpl.invoke(Unknown Source)
	at sun.reflect.DelegatingMethodAccessorImpl.invoke(Unknown Source)
	at java.lang.reflect.Method.invoke(Unknown Source)
	at org.testng.internal.MethodInvocationHelper.invokeMethod(MethodInvocationHelper.java:85)
	at org.testng.internal.Invoker.invokeMethod(Invoker.java:639)
	at org.testng.internal.Invoker.invokeTestMethod(Invoker.java:816)
	at org.testng.internal.Invoker.invokeTestMethods(Invoker.java:1124)
	at org.testng.internal.TestMethodWorker.invokeTestMethods(TestMethodWorker.java:125)
	at org.testng.internal.TestMethodWorker.run(TestMethodWorker.java:108)
	at org.testng.TestRunner.privateRun(TestRunner.java:774)
	at org.testng.TestRunner.run(TestRunner.java:624)
	at org.testng.SuiteRunner.runTest(SuiteRunner.java:359)
	at org.testng.SuiteRunner.runSequentially(SuiteRunner.java:354)
	at org.testng.SuiteRunner.privateRun(SuiteRunner.java:312)
	at org.testng.SuiteRunner.run(SuiteRunner.java:261)
	at org.testng.SuiteRunnerWorker.runSuite(SuiteRunnerWorker.java:52)
	at org.testng.SuiteRunnerWorker.run(SuiteRunnerWorker.java:86)
	at org.testng.TestNG.runSuitesSequentially(TestNG.java:1215)
	at org.testng.TestNG.runSuitesLocally(TestNG.java:1140)
	at org.testng.TestNG.run(TestNG.java:1048)
	at org.testng.remote.AbstractRemoteTestNG.run(AbstractRemoteTestNG.java:126)
	at org.testng.remote.RemoteTestNG.initAndRun(RemoteTestNG.java:152)
	at org.testng.remote.RemoteTestNG.main(RemoteTestNG.java:57)
Caused by: org.apache.http.conn.HttpHostConnectException: Connect to 127.0.0.1:7056 [/127.0.0.1] failed: Connection refused: connect
	at org.apache.http.impl.conn.DefaultHttpClientConnectionOperator.connect(DefaultHttpClientConnectionOperator.java:151)
	at org.apache.http.impl.conn.PoolingHttpClientConnectionManager.connect(PoolingHttpClientConnectionManager.java:353)
	at org.apache.http.impl.execchain.MainClientExec.establishRoute(MainClientExec.java:380)
	at org.apache.http.impl.execchain.MainClientExec.execute(MainClientExec.java:236)
	at org.apache.http.impl.execchain.ProtocolExec.execute(ProtocolExec.java:184)
	at org.apache.http.impl.execchain.RetryExec.execute(RetryExec.java:88)
	at org.apache.http.impl.execchain.RedirectExec.execute(RedirectExec.java:110)
	at org.apache.http.impl.client.InternalHttpClient.doExecute(InternalHttpClient.java:184)
	at org.apache.http.impl.client.CloseableHttpClient.execute(CloseableHttpClient.java:71)
	at org.apache.http.impl.client.CloseableHttpClient.execute(CloseableHttpClient.java:55)
	at org.openqa.selenium.remote.internal.ApacheHttpClient.fallBackExecute(ApacheHttpClient.java:162)
	at org.openqa.selenium.remote.internal.ApacheHttpClient.execute(ApacheHttpClient.java:90)
	at org.openqa.selenium.remote.HttpCommandExecutor.execute(HttpCommandExecutor.java:142)
	at org.openqa.selenium.firefox.internal.NewProfileExtensionConnection.execute(NewProfileExtensionConnection.java:160)
	at org.openqa.selenium.firefox.FirefoxDriver$LazyCommandExecutor.execute(FirefoxDriver.java:380)
	at org.openqa.selenium.remote.RemoteWebDriver.execute(RemoteWebDriver.java:644)
	... 26 more
Caused by: java.net.ConnectException: Connection refused: connect
	at java.net.DualStackPlainSocketImpl.waitForConnect(Native Method)
	at java.net.DualStackPlainSocketImpl.socketConnect(Unknown Source)
	at java.net.AbstractPlainSocketImpl.doConnect(Unknown Source)
	at java.net.AbstractPlainSocketImpl.connectToAddress(Unknown Source)
	at java.net.AbstractPlainSocketImpl.connect(Unknown Source)
	at java.net.PlainSocketImpl.connect(Unknown Source)
	at java.net.SocksSocketImpl.connect(Unknown Source)
	at java.net.Socket.connect(Unknown Source)
	at org.apache.http.conn.socket.PlainConnectionSocketFactory.connectSocket(PlainConnectionSocketFactory.java:74)
	at org.apache.http.impl.conn.DefaultHttpClientConnectionOperator.connect(DefaultHttpClientConnectionOperator.java:134)
	... 41 more
</pre></td>
				</tr>
			</tbody>
		</table>
	</div>
					</div>
				</li>
				
				
				<li class='test displayed active  error' status='error' bdd='false' test-id='16'>
					<div class='test-heading'>
						<span class='test-name'>Click on drop down</span>
						<span class='test-time'>Aug 23, 2017 01:30:24 PM</span>
						<span class='test-status right error'>error</span>
					</div>
					<div class='test-content hide'>
<div class='test-time-info'>
	<span class='label start-time'>Aug 23, 2017 01:30:24 PM</span>
	<span class='label end-time'>Aug 23, 2017 01:30:44 PM</span>
	<span class='label time-taken grey lighten-1 white-text'>0h 0m 20s+89ms</span>
</div>
	<div class='test-desc'>Drop Down should be selected </div>
	<div class='test-attributes'>
			<div class='category-list'>
				<span class='category label white-text'>CignaProposal</span>
			</div>
	</div>
	<div class='test-steps'>
		<table class='bordered table-results'>
			<thead>
				<tr>
					<th>Status</th>
					<th>Timestamp</th>
					<th>Details</th>
				</tr>
			</thead>
			<tbody>
				<tr class='log' status='error'>
					<td class='status error' title='error' alt='error'><i class='material-icons'>error</i></td>
					<td class='timestamp'>1:30:44 PM</td>
					<td class='step-details'>Unable to locate element: {"method":"xpath","selector":"//md-select[@ng-model='usersalutation']"}
Command duration or timeout: 20.04 seconds
For documentation on this error, please visit: http://seleniumhq.org/exceptions/no_such_element.html
Build info: version: '2.53.1', revision: 'a36b8b1', time: '2016-06-30 17:37:03'
System info: host: 'EP-CP-102', ip: '192.168.3.157', os.name: 'Windows 7', os.arch: 'amd64', os.version: '6.1', java.version: '1.8.0_65'
Driver info: org.openqa.selenium.firefox.FirefoxDriver
Capabilities [{applicationCacheEnabled=true, rotatable=false, handlesAlerts=true, databaseEnabled=true, version=47.0.1, platform=WINDOWS, nativeEvents=false, acceptSslCerts=true, webStorageEnabled=true, locationContextEnabled=true, browserName=firefox, takesScreenshot=true, javascriptEnabled=true, cssSelectorsEnabled=true}]
Session ID: 6d37ceee-33ed-466e-b997-8b230c534af4
*** Element info: {Using=xpath, value=//md-select[@ng-model='usersalutation']}</td>
				</tr>
			</tbody>
		</table>
	</div>
					</div>
				</li>
				
				
				<li class='test displayed active  error' status='error' bdd='false' test-id='17'>
					<div class='test-heading'>
						<span class='test-name'>Fill first name in proposal page</span>
						<span class='test-time'>Aug 23, 2017 01:30:44 PM</span>
						<span class='test-status right error'>error</span>
					</div>
					<div class='test-content hide'>
<div class='test-time-info'>
	<span class='label start-time'>Aug 23, 2017 01:30:44 PM</span>
	<span class='label end-time'>Aug 23, 2017 01:31:05 PM</span>
	<span class='label time-taken grey lighten-1 white-text'>0h 0m 20s+440ms</span>
</div>
	<div class='test-desc'>Fill Name </div>
	<div class='test-attributes'>
			<div class='category-list'>
				<span class='category label white-text'>CignaProposal</span>
			</div>
	</div>
	<div class='test-steps'>
		<table class='bordered table-results'>
			<thead>
				<tr>
					<th>Status</th>
					<th>Timestamp</th>
					<th>Details</th>
				</tr>
			</thead>
			<tbody>
				<tr class='log' status='error'>
					<td class='status error' title='error' alt='error'><i class='material-icons'>error</i></td>
					<td class='timestamp'>1:31:05 PM</td>
					<td class='step-details'>Unable to locate element: {"method":"xpath","selector":".//input[@ng-model='userfirstName']"}
Command duration or timeout: 20.44 seconds
For documentation on this error, please visit: http://seleniumhq.org/exceptions/no_such_element.html
Build info: version: '2.53.1', revision: 'a36b8b1', time: '2016-06-30 17:37:03'
System info: host: 'EP-CP-102', ip: '192.168.3.157', os.name: 'Windows 7', os.arch: 'amd64', os.version: '6.1', java.version: '1.8.0_65'
Driver info: org.openqa.selenium.firefox.FirefoxDriver
Capabilities [{applicationCacheEnabled=true, rotatable=false, handlesAlerts=true, databaseEnabled=true, version=47.0.1, platform=WINDOWS, nativeEvents=false, acceptSslCerts=true, webStorageEnabled=true, locationContextEnabled=true, browserName=firefox, takesScreenshot=true, javascriptEnabled=true, cssSelectorsEnabled=true}]
Session ID: 6d37ceee-33ed-466e-b997-8b230c534af4
*** Element info: {Using=xpath, value=.//input[@ng-model='userfirstName']}</td>
				</tr>
			</tbody>
		</table>
	</div>
					</div>
				</li>
				
				
				<li class='test displayed active  error' status='error' bdd='false' test-id='18'>
					<div class='test-heading'>
						<span class='test-name'>Fill last name in proposal page</span>
						<span class='test-time'>Aug 23, 2017 01:31:05 PM</span>
						<span class='test-status right error'>error</span>
					</div>
					<div class='test-content hide'>
<div class='test-time-info'>
	<span class='label start-time'>Aug 23, 2017 01:31:05 PM</span>
	<span class='label end-time'>Aug 23, 2017 01:31:25 PM</span>
	<span class='label time-taken grey lighten-1 white-text'>0h 0m 20s+168ms</span>
</div>
	<div class='test-desc'>Fill Last name </div>
	<div class='test-attributes'>
			<div class='category-list'>
				<span class='category label white-text'>CignaProposal</span>
			</div>
	</div>
	<div class='test-steps'>
		<table class='bordered table-results'>
			<thead>
				<tr>
					<th>Status</th>
					<th>Timestamp</th>
					<th>Details</th>
				</tr>
			</thead>
			<tbody>
				<tr class='log' status='error'>
					<td class='status error' title='error' alt='error'><i class='material-icons'>error</i></td>
					<td class='timestamp'>1:31:25 PM</td>
					<td class='step-details'>Element is not currently visible and so may not be interacted with
Command duration or timeout: 20.09 seconds
Build info: version: '2.53.1', revision: 'a36b8b1', time: '2016-06-30 17:37:03'
System info: host: 'EP-CP-102', ip: '192.168.3.157', os.name: 'Windows 7', os.arch: 'amd64', os.version: '6.1', java.version: '1.8.0_65'
Driver info: org.openqa.selenium.firefox.FirefoxDriver
Capabilities [{applicationCacheEnabled=true, rotatable=false, handlesAlerts=true, databaseEnabled=true, version=47.0.1, platform=WINDOWS, nativeEvents=false, acceptSslCerts=true, webStorageEnabled=true, locationContextEnabled=true, browserName=firefox, takesScreenshot=true, javascriptEnabled=true, cssSelectorsEnabled=true}]
Session ID: 6d37ceee-33ed-466e-b997-8b230c534af4</td>
				</tr>
			</tbody>
		</table>
	</div>
					</div>
				</li>
				
				
				<li class='test displayed active  error' status='error' bdd='false' test-id='19'>
					<div class='test-heading'>
						<span class='test-name'>Fill Email Id in proposal page</span>
						<span class='test-time'>Aug 23, 2017 01:31:25 PM</span>
						<span class='test-status right error'>error</span>
					</div>
					<div class='test-content hide'>
<div class='test-time-info'>
	<span class='label start-time'>Aug 23, 2017 01:31:25 PM</span>
	<span class='label end-time'>Aug 23, 2017 01:31:45 PM</span>
	<span class='label time-taken grey lighten-1 white-text'>0h 0m 20s+60ms</span>
</div>
	<div class='test-desc'>Fill Email Id </div>
	<div class='test-steps'>
		<table class='bordered table-results'>
			<thead>
				<tr>
					<th>Status</th>
					<th>Timestamp</th>
					<th>Details</th>
				</tr>
			</thead>
			<tbody>
				<tr class='log' status='error'>
					<td class='status error' title='error' alt='error'><i class='material-icons'>error</i></td>
					<td class='timestamp'>1:31:45 PM</td>
					<td class='step-details'>Unable to locate element: {"method":"xpath","selector":"//input[@ng-model='useremail']"}
Command duration or timeout: 20.06 seconds
For documentation on this error, please visit: http://seleniumhq.org/exceptions/no_such_element.html
Build info: version: '2.53.1', revision: 'a36b8b1', time: '2016-06-30 17:37:03'
System info: host: 'EP-CP-102', ip: '192.168.3.157', os.name: 'Windows 7', os.arch: 'amd64', os.version: '6.1', java.version: '1.8.0_65'
Driver info: org.openqa.selenium.firefox.FirefoxDriver
Capabilities [{applicationCacheEnabled=true, rotatable=false, handlesAlerts=true, databaseEnabled=true, version=47.0.1, platform=WINDOWS, nativeEvents=false, acceptSslCerts=true, webStorageEnabled=true, locationContextEnabled=true, browserName=firefox, takesScreenshot=true, javascriptEnabled=true, cssSelectorsEnabled=true}]
Session ID: 6d37ceee-33ed-466e-b997-8b230c534af4
*** Element info: {Using=xpath, value=//input[@ng-model='useremail']}</td>
				</tr>
			</tbody>
		</table>
	</div>
					</div>
				</li>
				
				
				<li class='test displayed active  error' status='error' bdd='false' test-id='20'>
					<div class='test-heading'>
						<span class='test-name'>Fill Mobile no in proposal page</span>
						<span class='test-time'>Aug 23, 2017 01:31:45 PM</span>
						<span class='test-status right error'>error</span>
					</div>
					<div class='test-content hide'>
<div class='test-time-info'>
	<span class='label start-time'>Aug 23, 2017 01:31:45 PM</span>
	<span class='label end-time'>Aug 23, 2017 01:32:05 PM</span>
	<span class='label time-taken grey lighten-1 white-text'>0h 0m 20s+123ms</span>
</div>
	<div class='test-desc'>Mobile no should be filled </div>
	<div class='test-steps'>
		<table class='bordered table-results'>
			<thead>
				<tr>
					<th>Status</th>
					<th>Timestamp</th>
					<th>Details</th>
				</tr>
			</thead>
			<tbody>
				<tr class='log' status='error'>
					<td class='status error' title='error' alt='error'><i class='material-icons'>error</i></td>
					<td class='timestamp'>1:32:05 PM</td>
					<td class='step-details'>Element is not currently visible and so may not be interacted with
Command duration or timeout: 20.08 seconds
Build info: version: '2.53.1', revision: 'a36b8b1', time: '2016-06-30 17:37:03'
System info: host: 'EP-CP-102', ip: '192.168.3.157', os.name: 'Windows 7', os.arch: 'amd64', os.version: '6.1', java.version: '1.8.0_65'
Driver info: org.openqa.selenium.firefox.FirefoxDriver
Capabilities [{applicationCacheEnabled=true, rotatable=false, handlesAlerts=true, databaseEnabled=true, version=47.0.1, platform=WINDOWS, nativeEvents=false, acceptSslCerts=true, webStorageEnabled=true, locationContextEnabled=true, browserName=firefox, takesScreenshot=true, javascriptEnabled=true, cssSelectorsEnabled=true}]
Session ID: 6d37ceee-33ed-466e-b997-8b230c534af4</td>
				</tr>
			</tbody>
		</table>
	</div>
					</div>
				</li>
				
				
				<li class='test displayed active  error' status='error' bdd='false' test-id='21'>
					<div class='test-heading'>
						<span class='test-name'>Select & fill Profession</span>
						<span class='test-time'>Aug 23, 2017 01:32:05 PM</span>
						<span class='test-status right error'>error</span>
					</div>
					<div class='test-content hide'>
<div class='test-time-info'>
	<span class='label start-time'>Aug 23, 2017 01:32:05 PM</span>
	<span class='label end-time'>Aug 23, 2017 01:32:25 PM</span>
	<span class='label time-taken grey lighten-1 white-text'>0h 0m 20s+27ms</span>
</div>
	<div class='test-desc'>Profession should be selected </div>
	<div class='test-steps'>
		<table class='bordered table-results'>
			<thead>
				<tr>
					<th>Status</th>
					<th>Timestamp</th>
					<th>Details</th>
				</tr>
			</thead>
			<tbody>
				<tr class='log' status='error'>
					<td class='status error' title='error' alt='error'><i class='material-icons'>error</i></td>
					<td class='timestamp'>1:32:25 PM</td>
					<td class='step-details'>Unable to locate element: {"method":"xpath","selector":"//*[@ng-model='userprof']"}
Command duration or timeout: 20.03 seconds
For documentation on this error, please visit: http://seleniumhq.org/exceptions/no_such_element.html
Build info: version: '2.53.1', revision: 'a36b8b1', time: '2016-06-30 17:37:03'
System info: host: 'EP-CP-102', ip: '192.168.3.157', os.name: 'Windows 7', os.arch: 'amd64', os.version: '6.1', java.version: '1.8.0_65'
Driver info: org.openqa.selenium.firefox.FirefoxDriver
Capabilities [{applicationCacheEnabled=true, rotatable=false, handlesAlerts=true, databaseEnabled=true, version=47.0.1, platform=WINDOWS, nativeEvents=false, acceptSslCerts=true, webStorageEnabled=true, locationContextEnabled=true, browserName=firefox, takesScreenshot=true, javascriptEnabled=true, cssSelectorsEnabled=true}]
Session ID: 6d37ceee-33ed-466e-b997-8b230c534af4
*** Element info: {Using=xpath, value=//*[@ng-model='userprof']}</td>
				</tr>
			</tbody>
		</table>
	</div>
					</div>
				</li>
				
				
				<li class='test displayed active  error' status='error' bdd='false' test-id='22'>
					<div class='test-heading'>
						<span class='test-name'>Select marital status from drop down</span>
						<span class='test-time'>Aug 23, 2017 01:32:25 PM</span>
						<span class='test-status right error'>error</span>
					</div>
					<div class='test-content hide'>
<div class='test-time-info'>
	<span class='label start-time'>Aug 23, 2017 01:32:25 PM</span>
	<span class='label end-time'>Aug 23, 2017 01:32:45 PM</span>
	<span class='label time-taken grey lighten-1 white-text'>0h 0m 20s+97ms</span>
</div>
	<div class='test-desc'>Marital status should be selected </div>
	<div class='test-steps'>
		<table class='bordered table-results'>
			<thead>
				<tr>
					<th>Status</th>
					<th>Timestamp</th>
					<th>Details</th>
				</tr>
			</thead>
			<tbody>
				<tr class='log' status='error'>
					<td class='status error' title='error' alt='error'><i class='material-icons'>error</i></td>
					<td class='timestamp'>1:32:45 PM</td>
					<td class='step-details'>Unable to locate element: {"method":"xpath","selector":"//md-select[@ng-model='userMaritalStatus']"}
Command duration or timeout: 20.10 seconds
For documentation on this error, please visit: http://seleniumhq.org/exceptions/no_such_element.html
Build info: version: '2.53.1', revision: 'a36b8b1', time: '2016-06-30 17:37:03'
System info: host: 'EP-CP-102', ip: '192.168.3.157', os.name: 'Windows 7', os.arch: 'amd64', os.version: '6.1', java.version: '1.8.0_65'
Driver info: org.openqa.selenium.firefox.FirefoxDriver
Capabilities [{applicationCacheEnabled=true, rotatable=false, handlesAlerts=true, databaseEnabled=true, version=47.0.1, platform=WINDOWS, nativeEvents=false, acceptSslCerts=true, webStorageEnabled=true, locationContextEnabled=true, browserName=firefox, takesScreenshot=true, javascriptEnabled=true, cssSelectorsEnabled=true}]
Session ID: 6d37ceee-33ed-466e-b997-8b230c534af4
*** Element info: {Using=xpath, value=//md-select[@ng-model='userMaritalStatus']}</td>
				</tr>
			</tbody>
		</table>
	</div>
					</div>
				</li>
				
				
				<li class='test displayed active  error' status='error' bdd='false' test-id='23'>
					<div class='test-heading'>
						<span class='test-name'>Click on Address Input box & fill Value</span>
						<span class='test-time'>Aug 23, 2017 01:32:45 PM</span>
						<span class='test-status right error'>error</span>
					</div>
					<div class='test-content hide'>
<div class='test-time-info'>
	<span class='label start-time'>Aug 23, 2017 01:32:45 PM</span>
	<span class='label end-time'>Aug 23, 2017 01:33:05 PM</span>
	<span class='label time-taken grey lighten-1 white-text'>0h 0m 20s+92ms</span>
</div>
	<div class='test-desc'>Address should be filled </div>
	<div class='test-steps'>
		<table class='bordered table-results'>
			<thead>
				<tr>
					<th>Status</th>
					<th>Timestamp</th>
					<th>Details</th>
				</tr>
			</thead>
			<tbody>
				<tr class='log' status='error'>
					<td class='status error' title='error' alt='error'><i class='material-icons'>error</i></td>
					<td class='timestamp'>1:33:05 PM</td>
					<td class='step-details'>Element is not currently visible and so may not be interacted with
Command duration or timeout: 20.07 seconds
Build info: version: '2.53.1', revision: 'a36b8b1', time: '2016-06-30 17:37:03'
System info: host: 'EP-CP-102', ip: '192.168.3.157', os.name: 'Windows 7', os.arch: 'amd64', os.version: '6.1', java.version: '1.8.0_65'
Driver info: org.openqa.selenium.firefox.FirefoxDriver
Capabilities [{applicationCacheEnabled=true, rotatable=false, handlesAlerts=true, databaseEnabled=true, version=47.0.1, platform=WINDOWS, nativeEvents=false, acceptSslCerts=true, webStorageEnabled=true, locationContextEnabled=true, browserName=firefox, takesScreenshot=true, javascriptEnabled=true, cssSelectorsEnabled=true}]
Session ID: 6d37ceee-33ed-466e-b997-8b230c534af4</td>
				</tr>
			</tbody>
		</table>
	</div>
					</div>
				</li>
				
				
				<li class='test displayed active  error' status='error' bdd='false' test-id='24'>
					<div class='test-heading'>
						<span class='test-name'>Click on Address Input box & fill Value</span>
						<span class='test-time'>Aug 23, 2017 01:33:05 PM</span>
						<span class='test-status right error'>error</span>
					</div>
					<div class='test-content hide'>
<div class='test-time-info'>
	<span class='label start-time'>Aug 23, 2017 01:33:05 PM</span>
	<span class='label end-time'>Aug 23, 2017 01:33:26 PM</span>
	<span class='label time-taken grey lighten-1 white-text'>0h 0m 20s+448ms</span>
</div>
	<div class='test-desc'>Address should be filled </div>
	<div class='test-steps'>
		<table class='bordered table-results'>
			<thead>
				<tr>
					<th>Status</th>
					<th>Timestamp</th>
					<th>Details</th>
				</tr>
			</thead>
			<tbody>
				<tr class='log' status='error'>
					<td class='status error' title='error' alt='error'><i class='material-icons'>error</i></td>
					<td class='timestamp'>1:33:26 PM</td>
					<td class='step-details'>Element is not currently visible and so may not be interacted with
Command duration or timeout: 20.08 seconds
Build info: version: '2.53.1', revision: 'a36b8b1', time: '2016-06-30 17:37:03'
System info: host: 'EP-CP-102', ip: '192.168.3.157', os.name: 'Windows 7', os.arch: 'amd64', os.version: '6.1', java.version: '1.8.0_65'
Driver info: org.openqa.selenium.firefox.FirefoxDriver
Capabilities [{applicationCacheEnabled=true, rotatable=false, handlesAlerts=true, databaseEnabled=true, version=47.0.1, platform=WINDOWS, nativeEvents=false, acceptSslCerts=true, webStorageEnabled=true, locationContextEnabled=true, browserName=firefox, takesScreenshot=true, javascriptEnabled=true, cssSelectorsEnabled=true}]
Session ID: 6d37ceee-33ed-466e-b997-8b230c534af4</td>
				</tr>
			</tbody>
		</table>
	</div>
					</div>
				</li>
				
				
				<li class='test displayed active  error' status='error' bdd='false' test-id='25'>
					<div class='test-heading'>
						<span class='test-name'>Click on Pincode Input box & fill Value</span>
						<span class='test-time'>Aug 23, 2017 01:33:26 PM</span>
						<span class='test-status right error'>error</span>
					</div>
					<div class='test-content hide'>
<div class='test-time-info'>
	<span class='label start-time'>Aug 23, 2017 01:33:26 PM</span>
	<span class='label end-time'>Aug 23, 2017 01:33:46 PM</span>
	<span class='label time-taken grey lighten-1 white-text'>0h 0m 20s+122ms</span>
</div>
	<div class='test-desc'>Pincode should be filled </div>
	<div class='test-steps'>
		<table class='bordered table-results'>
			<thead>
				<tr>
					<th>Status</th>
					<th>Timestamp</th>
					<th>Details</th>
				</tr>
			</thead>
			<tbody>
				<tr class='log' status='error'>
					<td class='status error' title='error' alt='error'><i class='material-icons'>error</i></td>
					<td class='timestamp'>1:33:46 PM</td>
					<td class='step-details'>Element is not currently visible and so may not be interacted with
Command duration or timeout: 20.09 seconds
Build info: version: '2.53.1', revision: 'a36b8b1', time: '2016-06-30 17:37:03'
System info: host: 'EP-CP-102', ip: '192.168.3.157', os.name: 'Windows 7', os.arch: 'amd64', os.version: '6.1', java.version: '1.8.0_65'
Driver info: org.openqa.selenium.firefox.FirefoxDriver
Capabilities [{applicationCacheEnabled=true, rotatable=false, handlesAlerts=true, databaseEnabled=true, version=47.0.1, platform=WINDOWS, nativeEvents=false, acceptSslCerts=true, webStorageEnabled=true, locationContextEnabled=true, browserName=firefox, takesScreenshot=true, javascriptEnabled=true, cssSelectorsEnabled=true}]
Session ID: 6d37ceee-33ed-466e-b997-8b230c534af4</td>
				</tr>
			</tbody>
		</table>
	</div>
					</div>
				</li>
				
				
				<li class='test displayed active  error' status='error' bdd='false' test-id='26'>
					<div class='test-heading'>
						<span class='test-name'>Click on Save & Continue Button</span>
						<span class='test-time'>Aug 23, 2017 01:33:46 PM</span>
						<span class='test-status right error'>error</span>
					</div>
					<div class='test-content hide'>
<div class='test-time-info'>
	<span class='label start-time'>Aug 23, 2017 01:33:46 PM</span>
	<span class='label end-time'>Aug 23, 2017 01:34:06 PM</span>
	<span class='label time-taken grey lighten-1 white-text'>0h 0m 20s+170ms</span>
</div>
	<div class='test-desc'>Button should be clicked </div>
	<div class='test-steps'>
		<table class='bordered table-results'>
			<thead>
				<tr>
					<th>Status</th>
					<th>Timestamp</th>
					<th>Details</th>
				</tr>
			</thead>
			<tbody>
				<tr class='log' status='error'>
					<td class='status error' title='error' alt='error'><i class='material-icons'>error</i></td>
					<td class='timestamp'>1:34:06 PM</td>
					<td class='step-details'>Element is not currently visible and so may not be interacted with
Command duration or timeout: 20.12 seconds
Build info: version: '2.53.1', revision: 'a36b8b1', time: '2016-06-30 17:37:03'
System info: host: 'EP-CP-102', ip: '192.168.3.157', os.name: 'Windows 7', os.arch: 'amd64', os.version: '6.1', java.version: '1.8.0_65'
Driver info: org.openqa.selenium.firefox.FirefoxDriver
Capabilities [{applicationCacheEnabled=true, rotatable=false, handlesAlerts=true, databaseEnabled=true, version=47.0.1, platform=WINDOWS, nativeEvents=false, acceptSslCerts=true, webStorageEnabled=true, locationContextEnabled=true, browserName=firefox, takesScreenshot=true, javascriptEnabled=true, cssSelectorsEnabled=true}]
Session ID: 6d37ceee-33ed-466e-b997-8b230c534af4</td>
				</tr>
			</tbody>
		</table>
	</div>
					</div>
				</li>
				
				
				<li class='test displayed active  error' status='error' bdd='false' test-id='27'>
					<div class='test-heading'>
						<span class='test-name'>Fill Adult Marital status from drop down</span>
						<span class='test-time'>Aug 23, 2017 01:34:06 PM</span>
						<span class='test-status right error'>error</span>
					</div>
					<div class='test-content hide'>
<div class='test-time-info'>
	<span class='label start-time'>Aug 23, 2017 01:34:06 PM</span>
	<span class='label end-time'>Aug 23, 2017 01:34:26 PM</span>
	<span class='label time-taken grey lighten-1 white-text'>0h 0m 20s+76ms</span>
</div>
	<div class='test-desc'>Marital Status should be filled </div>
	<div class='test-steps'>
		<table class='bordered table-results'>
			<thead>
				<tr>
					<th>Status</th>
					<th>Timestamp</th>
					<th>Details</th>
				</tr>
			</thead>
			<tbody>
				<tr class='log' status='error'>
					<td class='status error' title='error' alt='error'><i class='material-icons'>error</i></td>
					<td class='timestamp'>1:34:26 PM</td>
					<td class='step-details'>Unable to locate element: {"method":"xpath","selector":"//md-select[contains(@ng-model,'memberMaritalStatus')]"}
Command duration or timeout: 20.07 seconds
For documentation on this error, please visit: http://seleniumhq.org/exceptions/no_such_element.html
Build info: version: '2.53.1', revision: 'a36b8b1', time: '2016-06-30 17:37:03'
System info: host: 'EP-CP-102', ip: '192.168.3.157', os.name: 'Windows 7', os.arch: 'amd64', os.version: '6.1', java.version: '1.8.0_65'
Driver info: org.openqa.selenium.firefox.FirefoxDriver
Capabilities [{applicationCacheEnabled=true, rotatable=false, handlesAlerts=true, databaseEnabled=true, version=47.0.1, platform=WINDOWS, nativeEvents=false, acceptSslCerts=true, webStorageEnabled=true, locationContextEnabled=true, browserName=firefox, takesScreenshot=true, javascriptEnabled=true, cssSelectorsEnabled=true}]
Session ID: 6d37ceee-33ed-466e-b997-8b230c534af4
*** Element info: {Using=xpath, value=//md-select[contains(@ng-model,'memberMaritalStatus')]}</td>
				</tr>
			</tbody>
		</table>
	</div>
					</div>
				</li>
				
				
				<li class='test displayed active  error' status='error' bdd='false' test-id='28'>
					<div class='test-heading'>
						<span class='test-name'>Fill Adult Weight in input box</span>
						<span class='test-time'>Aug 23, 2017 01:34:26 PM</span>
						<span class='test-status right error'>error</span>
					</div>
					<div class='test-content hide'>
<div class='test-time-info'>
	<span class='label start-time'>Aug 23, 2017 01:34:26 PM</span>
	<span class='label end-time'>Aug 23, 2017 01:34:46 PM</span>
	<span class='label time-taken grey lighten-1 white-text'>0h 0m 20s+33ms</span>
</div>
	<div class='test-desc'>Weight should be filled </div>
	<div class='test-steps'>
		<table class='bordered table-results'>
			<thead>
				<tr>
					<th>Status</th>
					<th>Timestamp</th>
					<th>Details</th>
				</tr>
			</thead>
			<tbody>
				<tr class='log' status='error'>
					<td class='status error' title='error' alt='error'><i class='material-icons'>error</i></td>
					<td class='timestamp'>1:34:46 PM</td>
					<td class='step-details'>Unable to locate element: {"method":"xpath","selector":"//input[@ng-model='item.Weight']"}
Command duration or timeout: 20.03 seconds
For documentation on this error, please visit: http://seleniumhq.org/exceptions/no_such_element.html
Build info: version: '2.53.1', revision: 'a36b8b1', time: '2016-06-30 17:37:03'
System info: host: 'EP-CP-102', ip: '192.168.3.157', os.name: 'Windows 7', os.arch: 'amd64', os.version: '6.1', java.version: '1.8.0_65'
Driver info: org.openqa.selenium.firefox.FirefoxDriver
Capabilities [{applicationCacheEnabled=true, rotatable=false, handlesAlerts=true, databaseEnabled=true, version=47.0.1, platform=WINDOWS, nativeEvents=false, acceptSslCerts=true, webStorageEnabled=true, locationContextEnabled=true, browserName=firefox, takesScreenshot=true, javascriptEnabled=true, cssSelectorsEnabled=true}]
Session ID: 6d37ceee-33ed-466e-b997-8b230c534af4
*** Element info: {Using=xpath, value=//input[@ng-model='item.Weight']}</td>
				</tr>
			</tbody>
		</table>
	</div>
					</div>
				</li>
				
				
				<li class='test displayed active  error' status='error' bdd='false' test-id='29'>
					<div class='test-heading'>
						<span class='test-name'>Fill Adult Height from dropdown</span>
						<span class='test-time'>Aug 23, 2017 01:34:46 PM</span>
						<span class='test-status right error'>error</span>
					</div>
					<div class='test-content hide'>
<div class='test-time-info'>
	<span class='label start-time'>Aug 23, 2017 01:34:46 PM</span>
	<span class='label end-time'>Aug 23, 2017 01:35:06 PM</span>
	<span class='label time-taken grey lighten-1 white-text'>0h 0m 20s+23ms</span>
</div>
	<div class='test-desc'>Adult Height In Feet should be filled </div>
	<div class='test-steps'>
		<table class='bordered table-results'>
			<thead>
				<tr>
					<th>Status</th>
					<th>Timestamp</th>
					<th>Details</th>
				</tr>
			</thead>
			<tbody>
				<tr class='log' status='error'>
					<td class='status error' title='error' alt='error'><i class='material-icons'>error</i></td>
					<td class='timestamp'>1:35:06 PM</td>
					<td class='step-details'>Unable to locate element: {"method":"xpath","selector":"//md-select[contains(@ng-model,'htFeet')]"}
Command duration or timeout: 20.02 seconds
For documentation on this error, please visit: http://seleniumhq.org/exceptions/no_such_element.html
Build info: version: '2.53.1', revision: 'a36b8b1', time: '2016-06-30 17:37:03'
System info: host: 'EP-CP-102', ip: '192.168.3.157', os.name: 'Windows 7', os.arch: 'amd64', os.version: '6.1', java.version: '1.8.0_65'
Driver info: org.openqa.selenium.firefox.FirefoxDriver
Capabilities [{applicationCacheEnabled=true, rotatable=false, handlesAlerts=true, databaseEnabled=true, version=47.0.1, platform=WINDOWS, nativeEvents=false, acceptSslCerts=true, webStorageEnabled=true, locationContextEnabled=true, browserName=firefox, takesScreenshot=true, javascriptEnabled=true, cssSelectorsEnabled=true}]
Session ID: 6d37ceee-33ed-466e-b997-8b230c534af4
*** Element info: {Using=xpath, value=//md-select[contains(@ng-model,'htFeet')]}</td>
				</tr>
			</tbody>
		</table>
	</div>
					</div>
				</li>
				
				
				<li class='test displayed active  error' status='error' bdd='false' test-id='30'>
					<div class='test-heading'>
						<span class='test-name'>Fill Adult Height from dropdown</span>
						<span class='test-time'>Aug 23, 2017 01:35:06 PM</span>
						<span class='test-status right error'>error</span>
					</div>
					<div class='test-content hide'>
<div class='test-time-info'>
	<span class='label start-time'>Aug 23, 2017 01:35:06 PM</span>
	<span class='label end-time'>Aug 23, 2017 01:35:26 PM</span>
	<span class='label time-taken grey lighten-1 white-text'>0h 0m 20s+69ms</span>
</div>
	<div class='test-desc'>Adult Height In inches should be filled </div>
	<div class='test-steps'>
		<table class='bordered table-results'>
			<thead>
				<tr>
					<th>Status</th>
					<th>Timestamp</th>
					<th>Details</th>
				</tr>
			</thead>
			<tbody>
				<tr class='log' status='error'>
					<td class='status error' title='error' alt='error'><i class='material-icons'>error</i></td>
					<td class='timestamp'>1:35:26 PM</td>
					<td class='step-details'>Unable to locate element: {"method":"xpath","selector":"//md-select[@ng-model='htInches[$index]']"}
Command duration or timeout: 20.07 seconds
For documentation on this error, please visit: http://seleniumhq.org/exceptions/no_such_element.html
Build info: version: '2.53.1', revision: 'a36b8b1', time: '2016-06-30 17:37:03'
System info: host: 'EP-CP-102', ip: '192.168.3.157', os.name: 'Windows 7', os.arch: 'amd64', os.version: '6.1', java.version: '1.8.0_65'
Driver info: org.openqa.selenium.firefox.FirefoxDriver
Capabilities [{applicationCacheEnabled=true, rotatable=false, handlesAlerts=true, databaseEnabled=true, version=47.0.1, platform=WINDOWS, nativeEvents=false, acceptSslCerts=true, webStorageEnabled=true, locationContextEnabled=true, browserName=firefox, takesScreenshot=true, javascriptEnabled=true, cssSelectorsEnabled=true}]
Session ID: 6d37ceee-33ed-466e-b997-8b230c534af4
*** Element info: {Using=xpath, value=//md-select[@ng-model='htInches[$index]']}</td>
				</tr>
			</tbody>
		</table>
	</div>
					</div>
				</li>
				
				
				<li class='test displayed active  error' status='error' bdd='false' test-id='31'>
					<div class='test-heading'>
						<span class='test-name'>Click on Save & Continue Button</span>
						<span class='test-time'>Aug 23, 2017 01:35:26 PM</span>
						<span class='test-status right error'>error</span>
					</div>
					<div class='test-content hide'>
<div class='test-time-info'>
	<span class='label start-time'>Aug 23, 2017 01:35:26 PM</span>
	<span class='label end-time'>Aug 23, 2017 01:35:46 PM</span>
	<span class='label time-taken grey lighten-1 white-text'>0h 0m 20s+70ms</span>
</div>
	<div class='test-desc'>Button should be clicked </div>
	<div class='test-steps'>
		<table class='bordered table-results'>
			<thead>
				<tr>
					<th>Status</th>
					<th>Timestamp</th>
					<th>Details</th>
				</tr>
			</thead>
			<tbody>
				<tr class='log' status='error'>
					<td class='status error' title='error' alt='error'><i class='material-icons'>error</i></td>
					<td class='timestamp'>1:35:46 PM</td>
					<td class='step-details'>Element is not currently visible and so may not be interacted with
Command duration or timeout: 20.04 seconds
Build info: version: '2.53.1', revision: 'a36b8b1', time: '2016-06-30 17:37:03'
System info: host: 'EP-CP-102', ip: '192.168.3.157', os.name: 'Windows 7', os.arch: 'amd64', os.version: '6.1', java.version: '1.8.0_65'
Driver info: org.openqa.selenium.firefox.FirefoxDriver
Capabilities [{applicationCacheEnabled=true, rotatable=false, handlesAlerts=true, databaseEnabled=true, version=47.0.1, platform=WINDOWS, nativeEvents=false, acceptSslCerts=true, webStorageEnabled=true, locationContextEnabled=true, browserName=firefox, takesScreenshot=true, javascriptEnabled=true, cssSelectorsEnabled=true}]
Session ID: 6d37ceee-33ed-466e-b997-8b230c534af4</td>
				</tr>
			</tbody>
		</table>
	</div>
					</div>
				</li>
				
				
				<li class='test displayed active  error' status='error' bdd='false' test-id='32'>
					<div class='test-heading'>
						<span class='test-name'>Click Radio button in Medical History section</span>
						<span class='test-time'>Aug 23, 2017 01:35:46 PM</span>
						<span class='test-status right error'>error</span>
					</div>
					<div class='test-content hide'>
<div class='test-time-info'>
	<span class='label start-time'>Aug 23, 2017 01:35:46 PM</span>
	<span class='label end-time'>Aug 23, 2017 01:36:06 PM</span>
	<span class='label time-taken grey lighten-1 white-text'>0h 0m 20s+135ms</span>
</div>
	<div class='test-desc'>Radio button should be clicked </div>
	<div class='test-steps'>
		<table class='bordered table-results'>
			<thead>
				<tr>
					<th>Status</th>
					<th>Timestamp</th>
					<th>Details</th>
				</tr>
			</thead>
			<tbody>
				<tr class='log' status='error'>
					<td class='status error' title='error' alt='error'><i class='material-icons'>error</i></td>
					<td class='timestamp'>1:36:06 PM</td>
					<td class='step-details'>Unable to locate element: {"method":"xpath","selector":".//*[@id='radio_256']/div[1]/div[1]"}
Command duration or timeout: 20.13 seconds
For documentation on this error, please visit: http://seleniumhq.org/exceptions/no_such_element.html
Build info: version: '2.53.1', revision: 'a36b8b1', time: '2016-06-30 17:37:03'
System info: host: 'EP-CP-102', ip: '192.168.3.157', os.name: 'Windows 7', os.arch: 'amd64', os.version: '6.1', java.version: '1.8.0_65'
Driver info: org.openqa.selenium.firefox.FirefoxDriver
Capabilities [{applicationCacheEnabled=true, rotatable=false, handlesAlerts=true, databaseEnabled=true, version=47.0.1, platform=WINDOWS, nativeEvents=false, acceptSslCerts=true, webStorageEnabled=true, locationContextEnabled=true, browserName=firefox, takesScreenshot=true, javascriptEnabled=true, cssSelectorsEnabled=true}]
Session ID: 6d37ceee-33ed-466e-b997-8b230c534af4
*** Element info: {Using=xpath, value=.//*[@id='radio_256']/div[1]/div[1]}</td>
				</tr>
			</tbody>
		</table>
	</div>
					</div>
				</li>
				
				
				<li class='test displayed active  error' status='error' bdd='false' test-id='33'>
					<div class='test-heading'>
						<span class='test-name'>Click Save & Continue in Medical History section</span>
						<span class='test-time'>Aug 23, 2017 01:36:06 PM</span>
						<span class='test-status right error'>error</span>
					</div>
					<div class='test-content hide'>
<div class='test-time-info'>
	<span class='label start-time'>Aug 23, 2017 01:36:06 PM</span>
	<span class='label end-time'>Aug 23, 2017 01:36:27 PM</span>
	<span class='label time-taken grey lighten-1 white-text'>0h 0m 20s+109ms</span>
</div>
	<div class='test-desc'>button should be clicked </div>
	<div class='test-steps'>
		<table class='bordered table-results'>
			<thead>
				<tr>
					<th>Status</th>
					<th>Timestamp</th>
					<th>Details</th>
				</tr>
			</thead>
			<tbody>
				<tr class='log' status='error'>
					<td class='status error' title='error' alt='error'><i class='material-icons'>error</i></td>
					<td class='timestamp'>1:36:27 PM</td>
					<td class='step-details'>Element is not currently visible and so may not be interacted with
Command duration or timeout: 20.08 seconds
Build info: version: '2.53.1', revision: 'a36b8b1', time: '2016-06-30 17:37:03'
System info: host: 'EP-CP-102', ip: '192.168.3.157', os.name: 'Windows 7', os.arch: 'amd64', os.version: '6.1', java.version: '1.8.0_65'
Driver info: org.openqa.selenium.firefox.FirefoxDriver
Capabilities [{applicationCacheEnabled=true, rotatable=false, handlesAlerts=true, databaseEnabled=true, version=47.0.1, platform=WINDOWS, nativeEvents=false, acceptSslCerts=true, webStorageEnabled=true, locationContextEnabled=true, browserName=firefox, takesScreenshot=true, javascriptEnabled=true, cssSelectorsEnabled=true}]
Session ID: 6d37ceee-33ed-466e-b997-8b230c534af4</td>
				</tr>
			</tbody>
		</table>
	</div>
					</div>
				</li>
				
				
				<li class='test displayed active  error' status='error' bdd='false' test-id='34'>
					<div class='test-heading'>
						<span class='test-name'>Fill Nominee Name in Input Box</span>
						<span class='test-time'>Aug 23, 2017 01:36:27 PM</span>
						<span class='test-status right error'>error</span>
					</div>
					<div class='test-content hide'>
<div class='test-time-info'>
	<span class='label start-time'>Aug 23, 2017 01:36:27 PM</span>
	<span class='label end-time'>Aug 23, 2017 01:36:47 PM</span>
	<span class='label time-taken grey lighten-1 white-text'>0h 0m 20s+122ms</span>
</div>
	<div class='test-desc'>Nominee Name should be filled </div>
	<div class='test-steps'>
		<table class='bordered table-results'>
			<thead>
				<tr>
					<th>Status</th>
					<th>Timestamp</th>
					<th>Details</th>
				</tr>
			</thead>
			<tbody>
				<tr class='log' status='error'>
					<td class='status error' title='error' alt='error'><i class='material-icons'>error</i></td>
					<td class='timestamp'>1:36:47 PM</td>
					<td class='step-details'>Unable to locate element: {"method":"xpath","selector":"//input[@ng-model='nominame']"}
Command duration or timeout: 20.12 seconds
For documentation on this error, please visit: http://seleniumhq.org/exceptions/no_such_element.html
Build info: version: '2.53.1', revision: 'a36b8b1', time: '2016-06-30 17:37:03'
System info: host: 'EP-CP-102', ip: '192.168.3.157', os.name: 'Windows 7', os.arch: 'amd64', os.version: '6.1', java.version: '1.8.0_65'
Driver info: org.openqa.selenium.firefox.FirefoxDriver
Capabilities [{applicationCacheEnabled=true, rotatable=false, handlesAlerts=true, databaseEnabled=true, version=47.0.1, platform=WINDOWS, nativeEvents=false, acceptSslCerts=true, webStorageEnabled=true, locationContextEnabled=true, browserName=firefox, takesScreenshot=true, javascriptEnabled=true, cssSelectorsEnabled=true}]
Session ID: 6d37ceee-33ed-466e-b997-8b230c534af4
*** Element info: {Using=xpath, value=//input[@ng-model='nominame']}</td>
				</tr>
			</tbody>
		</table>
	</div>
					</div>
				</li>
				
				
				<li class='test displayed active  error' status='error' bdd='false' test-id='35'>
					<div class='test-heading'>
						<span class='test-name'>Fill Nominee Relation From Dropdown Box</span>
						<span class='test-time'>Aug 23, 2017 01:36:47 PM</span>
						<span class='test-status right error'>error</span>
					</div>
					<div class='test-content hide'>
<div class='test-time-info'>
	<span class='label start-time'>Aug 23, 2017 01:36:47 PM</span>
	<span class='label end-time'>Aug 23, 2017 01:37:07 PM</span>
	<span class='label time-taken grey lighten-1 white-text'>0h 0m 20s+52ms</span>
</div>
	<div class='test-desc'>Nominee Relation should be filled </div>
	<div class='test-steps'>
		<table class='bordered table-results'>
			<thead>
				<tr>
					<th>Status</th>
					<th>Timestamp</th>
					<th>Details</th>
				</tr>
			</thead>
			<tbody>
				<tr class='log' status='error'>
					<td class='status error' title='error' alt='error'><i class='material-icons'>error</i></td>
					<td class='timestamp'>1:37:07 PM</td>
					<td class='step-details'>Unable to locate element: {"method":"xpath","selector":"//md-select[@ng-model='nomirelation']"}
Command duration or timeout: 20.05 seconds
For documentation on this error, please visit: http://seleniumhq.org/exceptions/no_such_element.html
Build info: version: '2.53.1', revision: 'a36b8b1', time: '2016-06-30 17:37:03'
System info: host: 'EP-CP-102', ip: '192.168.3.157', os.name: 'Windows 7', os.arch: 'amd64', os.version: '6.1', java.version: '1.8.0_65'
Driver info: org.openqa.selenium.firefox.FirefoxDriver
Capabilities [{applicationCacheEnabled=true, rotatable=false, handlesAlerts=true, databaseEnabled=true, version=47.0.1, platform=WINDOWS, nativeEvents=false, acceptSslCerts=true, webStorageEnabled=true, locationContextEnabled=true, browserName=firefox, takesScreenshot=true, javascriptEnabled=true, cssSelectorsEnabled=true}]
Session ID: 6d37ceee-33ed-466e-b997-8b230c534af4
*** Element info: {Using=xpath, value=//md-select[@ng-model='nomirelation']}</td>
				</tr>
			</tbody>
		</table>
	</div>
					</div>
				</li>
				
				
				<li class='test displayed active  error' status='error' bdd='false' test-id='36'>
					<div class='test-heading'>
						<span class='test-name'>Click on Proceed to payment</span>
						<span class='test-time'>Aug 23, 2017 01:37:07 PM</span>
						<span class='test-status right error'>error</span>
					</div>
					<div class='test-content hide'>
<div class='test-time-info'>
	<span class='label start-time'>Aug 23, 2017 01:37:07 PM</span>
	<span class='label end-time'>Aug 23, 2017 01:37:27 PM</span>
	<span class='label time-taken grey lighten-1 white-text'>0h 0m 20s+91ms</span>
</div>
	<div class='test-desc'>Proposal page should be redirect on payment gateway </div>
	<div class='test-steps'>
		<table class='bordered table-results'>
			<thead>
				<tr>
					<th>Status</th>
					<th>Timestamp</th>
					<th>Details</th>
				</tr>
			</thead>
			<tbody>
				<tr class='log' status='error'>
					<td class='status error' title='error' alt='error'><i class='material-icons'>error</i></td>
					<td class='timestamp'>1:37:27 PM</td>
					<td class='step-details'>Unable to locate element: {"method":"xpath","selector":"//button[contains(@ng-show,'!cashfloatflag')]//span[text()='Proceed to ']"}
Command duration or timeout: 20.09 seconds
For documentation on this error, please visit: http://seleniumhq.org/exceptions/no_such_element.html
Build info: version: '2.53.1', revision: 'a36b8b1', time: '2016-06-30 17:37:03'
System info: host: 'EP-CP-102', ip: '192.168.3.157', os.name: 'Windows 7', os.arch: 'amd64', os.version: '6.1', java.version: '1.8.0_65'
Driver info: org.openqa.selenium.firefox.FirefoxDriver
Capabilities [{applicationCacheEnabled=true, rotatable=false, handlesAlerts=true, databaseEnabled=true, version=47.0.1, platform=WINDOWS, nativeEvents=false, acceptSslCerts=true, webStorageEnabled=true, locationContextEnabled=true, browserName=firefox, takesScreenshot=true, javascriptEnabled=true, cssSelectorsEnabled=true}]
Session ID: 6d37ceee-33ed-466e-b997-8b230c534af4
*** Element info: {Using=xpath, value=//button[contains(@ng-show,'!cashfloatflag')]//span[text()='Proceed to ']}</td>
				</tr>
			</tbody>
		</table>
	</div>
					</div>
				</li>
			</ul>
		</div>
	</div>
	<!-- subview left -->

	<div class='subview-right left'>
		<div class='view-summary'>
			<h5 class='test-name'></h5>

			<div id='step-filters' class="right">
				<span class="blue-text" status="info" alt="info" title="info"><i class="material-icons">info_outline</i></span>
				<span class="green-text" status="pass" alt="pass" title="pass"><i class="material-icons">check_circle</i></span>
				<span class="red-text" status="fail" alt="fail" title="fail"><i class="material-icons">cancel</i></span>
				<span class="red-text text-darken-4" status="fatal" alt="fatal" title="fatal"><i class="material-icons">cancel</i></span>
				<span class="pink-text text-lighten-1" status="error" alt="error" title="error"><i class="material-icons">error</i></span>
				<span class="orange-text" alt="warning" status="warning" title="warning"><i class="material-icons">warning</i></span>
				<span class="teal-text" status="skip" alt="skip" title="skip"><i class="material-icons">redo</i></span>
				<span status="clear" alt="Clear filters" title="Clear filters"><i class="material-icons">clear</i></span>
			</div>
		</div>
	</div>
	<!-- subview right -->

</div>
<!-- test view -->
<div id='category-view' class='view hide'>

	<section id='controls'>
		<div class='controls grey lighten-4'>
			<!-- search -->
			<div class='chip transparent' alt='Search Tests' title='Search Tests'>
				<a href="#" class='search-div'>
					<i class='material-icons'>search</i> Search
				</a>
				
				<div class='input-field left hide'>
					<input id='search-tests' type='text' class='validate browser-default' placeholder='Search Tests...'>
				</div>
				
			</div>
			<!-- search -->
		</div>
	</section>

	<div class='subview-left left'>
		
		<div class='view-summary'>
			<h5>Categories</h3>
			<ul id='category-collection' class='category-collection'>
				
				<li class='category displayed active'>
					<div class='category-heading'>
						<span class='category-name'>CignaProposal</span>
						<span class='category-status right'>
							<span class='label others'>3</span>
						</span>
					</div>
					<div class='category-content hide'>
						<div class='category-status-counts'>
							
							
							<span class='label yellow darken-2 white-text'>Others: 3</span>
						</div>
					
						<div class='category-tests'>
							<table class='bordered table-results'>
								<thead>
									<tr>
										<th>Timestamp</th>
										<th>TestName</th>
										<th>Status</th>
									</tr>
								</thead>
								<tbody>
									<tr>
										<td>Aug 23, 2017 01:30:24 PM</td>
										<td class='linked' test-id='16'>Click on drop down</td>
										<td><span class='test-status error'>error</span></td>
									</tr>
									<tr>
										<td>Aug 23, 2017 01:30:44 PM</td>
										<td class='linked' test-id='17'>Fill first name in proposal page</td>
										<td><span class='test-status error'>error</span></td>
									</tr>
									<tr>
										<td>Aug 23, 2017 01:31:05 PM</td>
										<td class='linked' test-id='18'>Fill last name in proposal page</td>
										<td><span class='test-status error'>error</span></td>
									</tr>
								</tbody>
							</table>
						</div>
					</div>
				</li>

			</ul>
		</div>
	</div>

	<div class='subview-right left'>
		<div class='view-summary'>
			<h5 class='category-name'></h5>
		</div>
	</div>
</div>
<!-- category view -->
<div id='exception-view' class='view hide'>

    <section id='controls'>
        <div class='controls grey lighten-4'>
            <!-- search -->
            <div class='chip transparent' alt='Search Tests' title='Search Tests'>
                <a href="#" class='search-div'>
                    <i class='material-icons'>search</i> Search
                </a>

                <div class='input-field left hide'>
                    <input id='search-tests' type='text' class='validate browser-default' placeholder='Search Tests...'>
                </div>

            </div>
            <!-- search -->
        </div>
    </section>

    <div class='subview-left left'>

        <div class='view-summary'>
            <h5>Exceptions</h3>
                <ul id='exception-collection' class='exception-collection'>

                        <li class='exception displayed active'>
                            <div class='exception-heading'>
                                <span class='exception-name'>org.openqa.selenium.remote.UnreachableBrowserException</span>
                                <span class='exception-count right'><span class='label red lighten-1 white-text'>1</span></span>
                            </div>
                            <div class='exception-content hide'>
                                <div class='exception-tests'>
                                    <table class='bordered table-results'>
                                        <thead>
                                        <tr>
                                            <th>Timestamp</th>
                                            <th>TestName</th>
                                            <th>Status</th>
                                        </tr>
                                        </thead>
                                        <tbody>
                                                    <tr>
                                                        <td>Aug 23, 2017 01:28:40 PM</td>
                                                        <td class='linked' test-id='15'>Click on proceed button</td>
                                                        <td><pre><pre>org.openqa.selenium.remote.UnreachableBrowserException: Error communicating with the remote browser. It may have died.
Build info: version: '2.53.1', revision: 'a36b8b1', time: '2016-06-30 17:37:03'
System info: host: 'EP-CP-102', ip: '192.168.3.157', os.name: 'Windows 7', os.arch: 'amd64', os.version: '6.1', java.version: '1.8.0_65'
Driver info: driver.version: RemoteWebDriver
Capabilities [{applicationCacheEnabled=true, rotatable=false, handlesAlerts=true, databaseEnabled=true, version=47.0.1, platform=WINDOWS, nativeEvents=false, acceptSslCerts=true, webStorageEnabled=true, locationContextEnabled=true, browserName=firefox, takesScreenshot=true, javascriptEnabled=true, cssSelectorsEnabled=true}]
Session ID: 6d37ceee-33ed-466e-b997-8b230c534af4
	at org.openqa.selenium.remote.RemoteWebDriver.execute(RemoteWebDriver.java:665)
	at org.openqa.selenium.remote.RemoteWebDriver.executeScript(RemoteWebDriver.java:577)
	at healthProduct.HealthProductJourneyWithExcel.QuotesBuyNow(HealthProductJourneyWithExcel.java:366)
	at sun.reflect.NativeMethodAccessorImpl.invoke0(Native Method)
	at sun.reflect.NativeMethodAccessorImpl.invoke(Unknown Source)
	at sun.reflect.DelegatingMethodAccessorImpl.invoke(Unknown Source)
	at java.lang.reflect.Method.invoke(Unknown Source)
	at org.testng.internal.MethodInvocationHelper.invokeMethod(MethodInvocationHelper.java:85)
	at org.testng.internal.Invoker.invokeMethod(Invoker.java:639)
	at org.testng.internal.Invoker.invokeTestMethod(Invoker.java:816)
	at org.testng.internal.Invoker.invokeTestMethods(Invoker.java:1124)
	at org.testng.internal.TestMethodWorker.invokeTestMethods(TestMethodWorker.java:125)
	at org.testng.internal.TestMethodWorker.run(TestMethodWorker.java:108)
	at org.testng.TestRunner.privateRun(TestRunner.java:774)
	at org.testng.TestRunner.run(TestRunner.java:624)
	at org.testng.SuiteRunner.runTest(SuiteRunner.java:359)
	at org.testng.SuiteRunner.runSequentially(SuiteRunner.java:354)
	at org.testng.SuiteRunner.privateRun(SuiteRunner.java:312)
	at org.testng.SuiteRunner.run(SuiteRunner.java:261)
	at org.testng.SuiteRunnerWorker.runSuite(SuiteRunnerWorker.java:52)
	at org.testng.SuiteRunnerWorker.run(SuiteRunnerWorker.java:86)
	at org.testng.TestNG.runSuitesSequentially(TestNG.java:1215)
	at org.testng.TestNG.runSuitesLocally(TestNG.java:1140)
	at org.testng.TestNG.run(TestNG.java:1048)
	at org.testng.remote.AbstractRemoteTestNG.run(AbstractRemoteTestNG.java:126)
	at org.testng.remote.RemoteTestNG.initAndRun(RemoteTestNG.java:152)
	at org.testng.remote.RemoteTestNG.main(RemoteTestNG.java:57)
Caused by: org.apache.http.conn.HttpHostConnectException: Connect to 127.0.0.1:7056 [/127.0.0.1] failed: Connection refused: connect
	at org.apache.http.impl.conn.DefaultHttpClientConnectionOperator.connect(DefaultHttpClientConnectionOperator.java:151)
	at org.apache.http.impl.conn.PoolingHttpClientConnectionManager.connect(PoolingHttpClientConnectionManager.java:353)
	at org.apache.http.impl.execchain.MainClientExec.establishRoute(MainClientExec.java:380)
	at org.apache.http.impl.execchain.MainClientExec.execute(MainClientExec.java:236)
	at org.apache.http.impl.execchain.ProtocolExec.execute(ProtocolExec.java:184)
	at org.apache.http.impl.execchain.RetryExec.execute(RetryExec.java:88)
	at org.apache.http.impl.execchain.RedirectExec.execute(RedirectExec.java:110)
	at org.apache.http.impl.client.InternalHttpClient.doExecute(InternalHttpClient.java:184)
	at org.apache.http.impl.client.CloseableHttpClient.execute(CloseableHttpClient.java:71)
	at org.apache.http.impl.client.CloseableHttpClient.execute(CloseableHttpClient.java:55)
	at org.openqa.selenium.remote.internal.ApacheHttpClient.fallBackExecute(ApacheHttpClient.java:162)
	at org.openqa.selenium.remote.internal.ApacheHttpClient.execute(ApacheHttpClient.java:90)
	at org.openqa.selenium.remote.HttpCommandExecutor.execute(HttpCommandExecutor.java:142)
	at org.openqa.selenium.firefox.internal.NewProfileExtensionConnection.execute(NewProfileExtensionConnection.java:160)
	at org.openqa.selenium.firefox.FirefoxDriver$LazyCommandExecutor.execute(FirefoxDriver.java:380)
	at org.openqa.selenium.remote.RemoteWebDriver.execute(RemoteWebDriver.java:644)
	... 26 more
Caused by: java.net.ConnectException: Connection refused: connect
	at java.net.DualStackPlainSocketImpl.waitForConnect(Native Method)
	at java.net.DualStackPlainSocketImpl.socketConnect(Unknown Source)
	at java.net.AbstractPlainSocketImpl.doConnect(Unknown Source)
	at java.net.AbstractPlainSocketImpl.connectToAddress(Unknown Source)
	at java.net.AbstractPlainSocketImpl.connect(Unknown Source)
	at java.net.PlainSocketImpl.connect(Unknown Source)
	at java.net.SocksSocketImpl.connect(Unknown Source)
	at java.net.Socket.connect(Unknown Source)
	at org.apache.http.conn.socket.PlainConnectionSocketFactory.connectSocket(PlainConnectionSocketFactory.java:74)
	at org.apache.http.impl.conn.DefaultHttpClientConnectionOperator.connect(DefaultHttpClientConnectionOperator.java:134)
	... 41 more
</pre></pre></td>
                                                    </tr>
                                        </tbody>
                                    </table>
                                </div>
                            </div>
                        </li>
                </ul>
        </div>
    </div>

    <div class='subview-right left'>
        <div class='view-summary'>
            <h5 class='exception-name'></h5>
        </div>
    </div>
</div>
<!-- exception view -->
<div id='dashboard-view' class='view hide'>
	<div class='card-panel transparent np-v'>
		<h5>Dashboard</h5>

		<div class='row'>
			<div class='col s2'>
				<div class='card-panel r'>
					Tests
					<div class='panel-lead'>36</div>
				</div>
			</div>
			<div class='col s2'>
				<div class='card-panel r'>
					Steps
					<div class='panel-lead'>51</div>
				</div>
			</div>
			<div class='col s2'>
				<div class='card-panel r'>
					Start
					<div class='panel-lead'>Aug 23, 2017 01:27:04 PM</div>
				</div>
			</div>
			<div class='col s2'>
				<div class='card-panel r'>
			 		End
			 		<div class='panel-lead'>Aug 23, 2017 01:39:54 PM</div>
				</div>
			</div>
			<div class='col s2'>
				<div class='card-panel r'>
					Time Taken
					<div class='panel-lead'>770,282ms</div>
				</div>
			</div>
			<div class='col s4'>
				<div class='card-panel environment'>
					<span class='right label cyan white-text'>Environment</span><p>&nbsp;</p>
					
					<table>
						<tr>
							<th>Name</th>
							<th>Value</th>
						</tr>
							<tr>
								<td>OS</td>
								<td>Windows 7</td>
							</tr>
							<tr>
								<td>Host Name</td>
								<td>Easypolicy</td>
							</tr>
							<tr>
								<td>Environment</td>
								<td>QA</td>
							</tr>
							<tr>
								<td>User Name</td>
								<td>QA Team</td>
							</tr>
					</table>
				</div>
			</div>
			<div class='col s4'>
				<div class='card-panel'>
					<span class='right label cyan white-text'>Categories</span><p>&nbsp;</p>
					
					<table>
						<tr>
							<th>Name</th>
							<th>Passed</th>
							<th>Failed</th>
							<th>Others</th>
						</tr>
						<tr>
							<td>CignaProposal</td>
							<td>0</td>
							<td>0</td>
							<td>3</td>
						</tr>
					</table>
				</div>
			</div>
		</div>
	</div>
</div>
<!-- dashboard view -->
<!-- testrunner-logs view -->
		</div>
		<!-- container -->

		<script>
			var statusGroup = {
				passParent: 6,
				failParent: 6,
				fatalParent: 0,
				errorParent: 24,
				warningParent: 0,
				skipParent: 0,
				exceptionsParent: 30,
				
				passChild: 19,
				failChild: 8,
				fatalChild: 0,
				errorChild: 24,
				warningChild: 0,
				skipChild: 0,
				infoChild: 0,
				exceptionsChild: 32,
				
				passGrandChild: 0,
				failGrandChild: 0,
				fatalGrandChild: 0,
				errorGrandChild: 0,
				warningGrandChild: 0,
				skipGrandChild: 0,
				infoGrandChild: 0,
				exceptionsGrandChild: 0,
			};
		</script>
		
			<script src='https://cdn.rawgit.com/anshooarora/extentreports-java/29d2d3ec024c953e6341cb3e19e31b1035a8f556/dist/js/extent.js' type='text/javascript'></script>
		
		
	</body>
	
</html>
